[ 2019-11-07T21:35:26+08:00 ] 127.0.0.1 /
INFO: [ app_init ] --START--
INFO: Run Behavior\BuildLiteBehavior [ RunTime:0.000010s ]
INFO: [ app_init ] --END-- [ RunTime:0.000105s ]
INFO: [ app_begin ] --START--
INFO: Run Behavior\ReadHtmlCacheBehavior [ RunTime:0.010757s ]
INFO: [ app_begin ] --END-- [ RunTime:0.010815s ]
INFO: [ view_parse ] --START--
NOTIC: [2] is_file(): File name is longer than the maximum allowed path length on this platform (260): &lt;style type=&quot;text/css&quot;&gt;*{ padding: 0; margin: 0; } div{ padding: 4px 48px;} body{ background: #fff; font-family: &quot;微软雅黑&quot;; color: #333;font-size:24px} h1{ font-size: 100px; font-weight: normal; margin-bottom: 12px; } p{ line-height: 1.8em; font-size: 36px } a,a:hover{color:blue;}&lt;/style&gt;&lt;div style=&quot;padding: 24px 48px;&quot;&gt; &lt;h1&gt;:)&lt;/h1&gt;&lt;p&gt;欢迎使用 &lt;b&gt;ThinkPHP&lt;/b&gt;！&lt;/p&gt;&lt;br/&gt;版本 V{$Think.version}&lt;/div&gt;&lt;script type=&quot;text/javascript&quot; src=&quot;http://ad.topthink.com/Public/static/client.js&quot;&gt;&lt;/script&gt;&lt;thinkad id=&quot;ad_55e75dfae343f5a1&quot;&gt;&lt;/thinkad&gt;&lt;script type=&quot;text/javascript&quot; src=&quot;http://tajs.qq.com/stats?sId=9347272&quot; charset=&quot;UTF-8&quot;&gt;&lt;/script&gt; D:\UPUPW_AP5.5\vhosts\www.test.com\ThinkPHP\Library\Think\Template.class.php 第 89 行.
INFO: [ template_filter ] --START--
INFO: Run Behavior\ContentReplaceBehavior [ RunTime:0.000053s ]
INFO: [ template_filter ] --END-- [ RunTime:0.000124s ]
INFO: Run Behavior\ParseTemplateBehavior [ RunTime:0.049654s ]
INFO: [ view_parse ] --END-- [ RunTime:0.049699s ]
INFO: [ view_filter ] --START--
INFO: Run Behavior\WriteHtmlCacheBehavior [ RunTime:0.007669s ]
INFO: [ view_filter ] --END-- [ RunTime:0.007698s ]
INFO: [ app_end ] --START--
INFO: Run Behavior\ShowPageTraceBehavior [ RunTime:0.010376s ]
INFO: [ app_end ] --END-- [ RunTime:0.010414s ]

[ 2019-11-07T21:53:30+08:00 ] 127.0.0.1 /
INFO: [ app_init ] --START--
INFO: Run Behavior\BuildLiteBehavior [ RunTime:0.000010s ]
INFO: [ app_init ] --END-- [ RunTime:0.000815s ]
INFO: [ app_begin ] --START--
INFO: Run Behavior\ReadHtmlCacheBehavior [ RunTime:0.006743s ]
INFO: [ app_begin ] --END-- [ RunTime:0.006828s ]
INFO: [ view_parse ] --START--
INFO: [ template_filter ] --START--
INFO: Run Behavior\ContentReplaceBehavior [ RunTime:0.000061s ]
INFO: [ template_filter ] --END-- [ RunTime:0.000101s ]
INFO: Run Behavior\ParseTemplateBehavior [ RunTime:0.027754s ]
INFO: [ view_parse ] --END-- [ RunTime:0.027808s ]
INFO: [ view_filter ] --START--
INFO: Run Behavior\WriteHtmlCacheBehavior [ RunTime:0.005955s ]
INFO: [ view_filter ] --END-- [ RunTime:0.005994s ]
INFO: [ app_end ] --START--
INFO: Run Behavior\ShowPageTraceBehavior [ RunTime:0.004911s ]
INFO: [ app_end ] --END-- [ RunTime:0.004944s ]

[ 2019-11-07T21:56:47+08:00 ] 127.0.0.1 /
INFO: [ app_init ] --START--
INFO: Run Behavior\BuildLiteBehavior [ RunTime:0.000010s ]
INFO: [ app_init ] --END-- [ RunTime:0.001026s ]
INFO: [ app_begin ] --START--
INFO: Run Behavior\ReadHtmlCacheBehavior [ RunTime:0.006948s ]
INFO: [ app_begin ] --END-- [ RunTime:0.007005s ]
INFO: [ view_parse ] --START--
INFO: [ template_filter ] --START--
INFO: Run Behavior\ContentReplaceBehavior [ RunTime:0.000058s ]
INFO: [ template_filter ] --END-- [ RunTime:0.000095s ]
INFO: Run Behavior\ParseTemplateBehavior [ RunTime:0.032642s ]
INFO: [ view_parse ] --END-- [ RunTime:0.032691s ]
INFO: [ view_filter ] --START--
INFO: Run Behavior\WriteHtmlCacheBehavior [ RunTime:0.004695s ]
INFO: [ view_filter ] --END-- [ RunTime:0.004726s ]
INFO: [ app_end ] --START--
INFO: Run Behavior\ShowPageTraceBehavior [ RunTime:0.008282s ]
INFO: [ app_end ] --END-- [ RunTime:0.008329s ]

[ 2019-11-07T21:56:54+08:00 ] 127.0.0.1 /home/index/contact
INFO: [ app_init ] --START--
INFO: Run Behavior\BuildLiteBehavior [ RunTime:0.000010s ]
INFO: [ app_init ] --END-- [ RunTime:0.000821s ]
INFO: [ app_begin ] --START--
INFO: Run Behavior\ReadHtmlCacheBehavior [ RunTime:0.008149s ]
INFO: [ app_begin ] --END-- [ RunTime:0.008205s ]
INFO: [ view_parse ] --START--
INFO: [ template_filter ] --START--
INFO: Run Behavior\ContentReplaceBehavior [ RunTime:0.000045s ]
INFO: [ template_filter ] --END-- [ RunTime:0.000085s ]
INFO: Run Behavior\ParseTemplateBehavior [ RunTime:0.033724s ]
INFO: [ view_parse ] --END-- [ RunTime:0.033779s ]
INFO: [ view_filter ] --START--
INFO: Run Behavior\WriteHtmlCacheBehavior [ RunTime:0.004682s ]
INFO: [ view_filter ] --END-- [ RunTime:0.004717s ]
INFO: [ app_end ] --START--
INFO: Run Behavior\ShowPageTraceBehavior [ RunTime:0.008005s ]
INFO: [ app_end ] --END-- [ RunTime:0.008051s ]

[ 2019-11-07T21:56:55+08:00 ] 127.0.0.1 /home/index/public/lib/font-awesome/css/font-awesome.min.css
INFO: [ app_init ] --START--
INFO: Run Behavior\BuildLiteBehavior [ RunTime:0.000012s ]
INFO: [ app_init ] --END-- [ RunTime:0.000982s ]
INFO: [ app_begin ] --START--
INFO: Run Behavior\ReadHtmlCacheBehavior [ RunTime:0.009856s ]
INFO: [ app_begin ] --END-- [ RunTime:0.009912s ]
ERR: 非法操作:public

[ 2019-11-07T21:56:55+08:00 ] 127.0.0.1 /home/index/public/lib/ionicons/css/ionicons.min.css
INFO: [ app_init ] --START--
INFO: Run Behavior\BuildLiteBehavior [ RunTime:0.000013s ]
INFO: [ app_init ] --END-- [ RunTime:0.002539s ]
INFO: [ app_begin ] --START--
INFO: Run Behavior\ReadHtmlCacheBehavior [ RunTime:0.016360s ]
INFO: [ app_begin ] --END-- [ RunTime:0.016405s ]
ERR: 非法操作:public

[ 2019-11-07T21:56:55+08:00 ] 127.0.0.1 /home/index/public/lib/bootstrap/css/bootstrap.min.css
INFO: [ app_init ] --START--
INFO: Run Behavior\BuildLiteBehavior [ RunTime:0.000014s ]
INFO: [ app_init ] --END-- [ RunTime:0.003537s ]
INFO: [ app_begin ] --START--
INFO: Run Behavior\ReadHtmlCacheBehavior [ RunTime:0.018802s ]
INFO: [ app_begin ] --END-- [ RunTime:0.018858s ]
ERR: 非法操作:public

[ 2019-11-07T21:56:55+08:00 ] 127.0.0.1 /home/index/public/lib/animate/animate.min.css
INFO: [ app_init ] --START--
INFO: Run Behavior\BuildLiteBehavior [ RunTime:0.000011s ]
INFO: [ app_init ] --END-- [ RunTime:0.001179s ]
INFO: [ app_begin ] --START--
INFO: Run Behavior\ReadHtmlCacheBehavior [ RunTime:0.007844s ]
INFO: [ app_begin ] --END-- [ RunTime:0.007898s ]
ERR: 非法操作:public

[ 2019-11-07T21:56:55+08:00 ] 127.0.0.1 /home/index/public/lib/owlcarousel/assets/owl.carousel.min.css
INFO: [ app_init ] --START--
INFO: Run Behavior\BuildLiteBehavior [ RunTime:0.000013s ]
INFO: [ app_init ] --END-- [ RunTime:0.010655s ]
INFO: [ app_begin ] --START--
INFO: Run Behavior\ReadHtmlCacheBehavior [ RunTime:0.011675s ]
INFO: [ app_begin ] --END-- [ RunTime:0.011723s ]
ERR: 非法操作:public

[ 2019-11-07T21:56:55+08:00 ] 127.0.0.1 /home/index/public/lib/magnific-popup/magnific-popup.css
INFO: [ app_init ] --START--
INFO: Run Behavior\BuildLiteBehavior [ RunTime:0.000012s ]
INFO: [ app_init ] --END-- [ RunTime:0.001211s ]
INFO: [ app_begin ] --START--
INFO: Run Behavior\ReadHtmlCacheBehavior [ RunTime:0.005640s ]
INFO: [ app_begin ] --END-- [ RunTime:0.005689s ]
ERR: 非法操作:public

[ 2019-11-07T21:56:55+08:00 ] 127.0.0.1 /home/index/public/css/style.css
INFO: [ app_init ] --START--
INFO: Run Behavior\BuildLiteBehavior [ RunTime:0.000011s ]
INFO: [ app_init ] --END-- [ RunTime:0.001056s ]
INFO: [ app_begin ] --START--
INFO: Run Behavior\ReadHtmlCacheBehavior [ RunTime:0.007961s ]
INFO: [ app_begin ] --END-- [ RunTime:0.008010s ]
ERR: 非法操作:public

[ 2019-11-07T21:56:55+08:00 ] 127.0.0.1 /home/index/public/lib/jquery/jquery.min.js
INFO: [ app_init ] --START--
INFO: Run Behavior\BuildLiteBehavior [ RunTime:0.000013s ]
INFO: [ app_init ] --END-- [ RunTime:0.001091s ]
INFO: [ app_begin ] --START--
INFO: Run Behavior\ReadHtmlCacheBehavior [ RunTime:0.017679s ]
INFO: [ app_begin ] --END-- [ RunTime:0.017730s ]
ERR: 非法操作:public

[ 2019-11-07T21:56:55+08:00 ] 127.0.0.1 /home/index/public/lib/bootstrap/js/bootstrap.bundle.min.js
INFO: [ app_init ] --START--
INFO: Run Behavior\BuildLiteBehavior [ RunTime:0.000010s ]
INFO: [ app_init ] --END-- [ RunTime:0.001261s ]
INFO: [ app_begin ] --START--
INFO: Run Behavior\ReadHtmlCacheBehavior [ RunTime:0.008509s ]
INFO: [ app_begin ] --END-- [ RunTime:0.008584s ]
ERR: 非法操作:public

[ 2019-11-07T21:56:55+08:00 ] 127.0.0.1 /home/index/public/lib/jquery/jquery-migrate.min.js
INFO: [ app_init ] --START--
INFO: Run Behavior\BuildLiteBehavior [ RunTime:0.000009s ]
INFO: [ app_init ] --END-- [ RunTime:0.002949s ]
INFO: [ app_begin ] --START--
INFO: Run Behavior\ReadHtmlCacheBehavior [ RunTime:0.008750s ]
INFO: [ app_begin ] --END-- [ RunTime:0.008820s ]
ERR: 非法操作:public

[ 2019-11-07T21:56:55+08:00 ] 127.0.0.1 /home/index/public/lib/easing/easing.min.js
INFO: [ app_init ] --START--
INFO: Run Behavior\BuildLiteBehavior [ RunTime:0.000012s ]
INFO: [ app_init ] --END-- [ RunTime:0.001067s ]
INFO: [ app_begin ] --START--
INFO: Run Behavior\ReadHtmlCacheBehavior [ RunTime:0.011965s ]
INFO: [ app_begin ] --END-- [ RunTime:0.012020s ]
ERR: 非法操作:public

[ 2019-11-07T21:56:55+08:00 ] 127.0.0.1 /home/index/public/lib/superfish/hoverIntent.js
INFO: [ app_init ] --START--
INFO: Run Behavior\BuildLiteBehavior [ RunTime:0.000014s ]
INFO: [ app_init ] --END-- [ RunTime:0.001322s ]
INFO: [ app_begin ] --START--
INFO: Run Behavior\ReadHtmlCacheBehavior [ RunTime:0.010315s ]
INFO: [ app_begin ] --END-- [ RunTime:0.010372s ]
ERR: 非法操作:public

[ 2019-11-07T21:56:55+08:00 ] 127.0.0.1 /home/index/public/lib/superfish/superfish.min.js
INFO: [ app_init ] --START--
INFO: Run Behavior\BuildLiteBehavior [ RunTime:0.000021s ]
INFO: [ app_init ] --END-- [ RunTime:0.002168s ]
INFO: [ app_begin ] --START--
INFO: Run Behavior\ReadHtmlCacheBehavior [ RunTime:0.009187s ]
INFO: [ app_begin ] --END-- [ RunTime:0.009339s ]
ERR: 非法操作:public

[ 2019-11-07T21:56:55+08:00 ] 127.0.0.1 /home/index/public/lib/wow/wow.min.js
INFO: [ app_init ] --START--
INFO: Run Behavior\BuildLiteBehavior [ RunTime:0.000011s ]
INFO: [ app_init ] --END-- [ RunTime:0.001377s ]
INFO: [ app_begin ] --START--
INFO: Run Behavior\ReadHtmlCacheBehavior [ RunTime:0.013343s ]
INFO: [ app_begin ] --END-- [ RunTime:0.013400s ]
ERR: 非法操作:public

[ 2019-11-07T21:56:55+08:00 ] 127.0.0.1 /home/index/public/lib/owlcarousel/owl.carousel.min.js
INFO: [ app_init ] --START--
INFO: Run Behavior\BuildLiteBehavior [ RunTime:0.000010s ]
INFO: [ app_init ] --END-- [ RunTime:0.001234s ]
INFO: [ app_begin ] --START--
INFO: Run Behavior\ReadHtmlCacheBehavior [ RunTime:0.012669s ]
INFO: [ app_begin ] --END-- [ RunTime:0.012720s ]
ERR: 非法操作:public

[ 2019-11-07T21:56:56+08:00 ] 127.0.0.1 /home/index/public/lib/magnific-popup/magnific-popup.min.js
INFO: [ app_init ] --START--
INFO: Run Behavior\BuildLiteBehavior [ RunTime:0.000011s ]
INFO: [ app_init ] --END-- [ RunTime:0.001136s ]
INFO: [ app_begin ] --START--
INFO: Run Behavior\ReadHtmlCacheBehavior [ RunTime:0.012087s ]
INFO: [ app_begin ] --END-- [ RunTime:0.012143s ]
ERR: 非法操作:public

[ 2019-11-07T21:56:56+08:00 ] 127.0.0.1 /home/index/public/contact/jqBootstrapValidation.js
INFO: [ app_init ] --START--
INFO: Run Behavior\BuildLiteBehavior [ RunTime:0.000012s ]
INFO: [ app_init ] --END-- [ RunTime:0.001144s ]
INFO: [ app_begin ] --START--
INFO: Run Behavior\ReadHtmlCacheBehavior [ RunTime:0.011079s ]
INFO: [ app_begin ] --END-- [ RunTime:0.011134s ]
ERR: 非法操作:public

[ 2019-11-07T21:56:56+08:00 ] 127.0.0.1 /home/index/public/lib/sticky/sticky.js
INFO: [ app_init ] --START--
INFO: Run Behavior\BuildLiteBehavior [ RunTime:0.000011s ]
INFO: [ app_init ] --END-- [ RunTime:0.001371s ]
INFO: [ app_begin ] --START--
INFO: Run Behavior\ReadHtmlCacheBehavior [ RunTime:0.016734s ]
INFO: [ app_begin ] --END-- [ RunTime:0.016784s ]
ERR: 非法操作:public

[ 2019-11-07T21:56:56+08:00 ] 127.0.0.1 /home/index/public/contact/contact_me.js
INFO: [ app_init ] --START--
INFO: Run Behavior\BuildLiteBehavior [ RunTime:0.000011s ]
INFO: [ app_init ] --END-- [ RunTime:0.001172s ]
INFO: [ app_begin ] --START--
INFO: Run Behavior\ReadHtmlCacheBehavior [ RunTime:0.011455s ]
INFO: [ app_begin ] --END-- [ RunTime:0.011510s ]
ERR: 非法操作:public

[ 2019-11-07T21:56:56+08:00 ] 127.0.0.1 /home/index/public/js/main.js
INFO: [ app_init ] --START--
INFO: Run Behavior\BuildLiteBehavior [ RunTime:0.000010s ]
INFO: [ app_init ] --END-- [ RunTime:0.000986s ]
INFO: [ app_begin ] --START--
INFO: Run Behavior\ReadHtmlCacheBehavior [ RunTime:0.005296s ]
INFO: [ app_begin ] --END-- [ RunTime:0.005341s ]
ERR: 非法操作:public

[ 2019-11-07T21:56:56+08:00 ] 127.0.0.1 /home/index/public/lib/bootstrap/js/bootstrap.bundle.min.js
INFO: [ app_init ] --START--
INFO: Run Behavior\BuildLiteBehavior [ RunTime:0.000014s ]
INFO: [ app_init ] --END-- [ RunTime:0.001133s ]
INFO: [ app_begin ] --START--
INFO: Run Behavior\ReadHtmlCacheBehavior [ RunTime:0.006540s ]
INFO: [ app_begin ] --END-- [ RunTime:0.006607s ]
ERR: 非法操作:public

[ 2019-11-07T21:56:56+08:00 ] 127.0.0.1 /home/index/public/lib/easing/easing.min.js
INFO: [ app_init ] --START--
INFO: Run Behavior\BuildLiteBehavior [ RunTime:0.000011s ]
INFO: [ app_init ] --END-- [ RunTime:0.000831s ]
INFO: [ app_begin ] --START--
INFO: Run Behavior\ReadHtmlCacheBehavior [ RunTime:0.006114s ]
INFO: [ app_begin ] --END-- [ RunTime:0.006254s ]
ERR: 非法操作:public

[ 2019-11-07T21:56:56+08:00 ] 127.0.0.1 /home/index/public/lib/superfish/hoverIntent.js
INFO: [ app_init ] --START--
INFO: Run Behavior\BuildLiteBehavior [ RunTime:0.000013s ]
INFO: [ app_init ] --END-- [ RunTime:0.000915s ]
INFO: [ app_begin ] --START--
INFO: Run Behavior\ReadHtmlCacheBehavior [ RunTime:0.005214s ]
INFO: [ app_begin ] --END-- [ RunTime:0.005314s ]
ERR: 非法操作:public

[ 2019-11-07T21:56:56+08:00 ] 127.0.0.1 /home/index/public/lib/superfish/superfish.min.js
INFO: [ app_init ] --START--
INFO: Run Behavior\BuildLiteBehavior [ RunTime:0.000010s ]
INFO: [ app_init ] --END-- [ RunTime:0.000815s ]
INFO: [ app_begin ] --START--
INFO: Run Behavior\ReadHtmlCacheBehavior [ RunTime:0.008131s ]
INFO: [ app_begin ] --END-- [ RunTime:0.008266s ]
ERR: 非法操作:public

[ 2019-11-07T21:56:56+08:00 ] 127.0.0.1 /home/index/public/lib/wow/wow.min.js
INFO: [ app_init ] --START--
INFO: Run Behavior\BuildLiteBehavior [ RunTime:0.000013s ]
INFO: [ app_init ] --END-- [ RunTime:0.001491s ]
INFO: [ app_begin ] --START--
INFO: Run Behavior\ReadHtmlCacheBehavior [ RunTime:0.005341s ]
INFO: [ app_begin ] --END-- [ RunTime:0.005395s ]
ERR: 非法操作:public

[ 2019-11-07T21:56:56+08:00 ] 127.0.0.1 /home/index/public/lib/owlcarousel/owl.carousel.min.js
INFO: [ app_init ] --START--
INFO: Run Behavior\BuildLiteBehavior [ RunTime:0.000010s ]
INFO: [ app_init ] --END-- [ RunTime:0.000831s ]
INFO: [ app_begin ] --START--
INFO: Run Behavior\ReadHtmlCacheBehavior [ RunTime:0.009524s ]
INFO: [ app_begin ] --END-- [ RunTime:0.009736s ]
ERR: 非法操作:public

[ 2019-11-07T21:56:57+08:00 ] 127.0.0.1 /home/index/public/lib/magnific-popup/magnific-popup.min.js
INFO: [ app_init ] --START--
INFO: Run Behavior\BuildLiteBehavior [ RunTime:0.000012s ]
INFO: [ app_init ] --END-- [ RunTime:0.001006s ]
INFO: [ app_begin ] --START--
INFO: Run Behavior\ReadHtmlCacheBehavior [ RunTime:0.004832s ]
INFO: [ app_begin ] --END-- [ RunTime:0.004884s ]
ERR: 非法操作:public

[ 2019-11-07T21:56:57+08:00 ] 127.0.0.1 /home/index/public/lib/sticky/sticky.js
INFO: [ app_init ] --START--
INFO: Run Behavior\BuildLiteBehavior [ RunTime:0.000013s ]
INFO: [ app_init ] --END-- [ RunTime:0.001333s ]
INFO: [ app_begin ] --START--
INFO: Run Behavior\ReadHtmlCacheBehavior [ RunTime:0.007164s ]
INFO: [ app_begin ] --END-- [ RunTime:0.007218s ]
ERR: 非法操作:public

[ 2019-11-07T21:56:57+08:00 ] 127.0.0.1 /home/index/public/contact/jqBootstrapValidation.js
INFO: [ app_init ] --START--
INFO: Run Behavior\BuildLiteBehavior [ RunTime:0.000010s ]
INFO: [ app_init ] --END-- [ RunTime:0.000800s ]
INFO: [ app_begin ] --START--
INFO: Run Behavior\ReadHtmlCacheBehavior [ RunTime:0.007867s ]
INFO: [ app_begin ] --END-- [ RunTime:0.007920s ]
ERR: 非法操作:public

[ 2019-11-07T21:56:57+08:00 ] 127.0.0.1 /home/index/public/contact/contact_me.js
INFO: [ app_init ] --START--
INFO: Run Behavior\BuildLiteBehavior [ RunTime:0.000027s ]
INFO: [ app_init ] --END-- [ RunTime:0.001513s ]
INFO: [ app_begin ] --START--
INFO: Run Behavior\ReadHtmlCacheBehavior [ RunTime:0.004768s ]
INFO: [ app_begin ] --END-- [ RunTime:0.004823s ]
ERR: 非法操作:public

[ 2019-11-07T21:56:57+08:00 ] 127.0.0.1 /home/index/public/js/main.js
INFO: [ app_init ] --START--
INFO: Run Behavior\BuildLiteBehavior [ RunTime:0.000010s ]
INFO: [ app_init ] --END-- [ RunTime:0.000791s ]
INFO: [ app_begin ] --START--
INFO: Run Behavior\ReadHtmlCacheBehavior [ RunTime:0.006287s ]
INFO: [ app_begin ] --END-- [ RunTime:0.006381s ]
ERR: 非法操作:public

[ 2019-11-07T21:58:56+08:00 ] 127.0.0.1 /home/index/contact
INFO: [ app_init ] --START--
INFO: Run Behavior\BuildLiteBehavior [ RunTime:0.000010s ]
INFO: [ app_init ] --END-- [ RunTime:0.000905s ]
INFO: [ app_begin ] --START--
INFO: Run Behavior\ReadHtmlCacheBehavior [ RunTime:0.007159s ]
INFO: [ app_begin ] --END-- [ RunTime:0.007259s ]
INFO: [ view_parse ] --START--
INFO: [ template_filter ] --START--
INFO: Run Behavior\ContentReplaceBehavior [ RunTime:0.000093s ]
INFO: [ template_filter ] --END-- [ RunTime:0.000239s ]
INFO: Run Behavior\ParseTemplateBehavior [ RunTime:0.033820s ]
INFO: [ view_parse ] --END-- [ RunTime:0.033873s ]
INFO: [ view_filter ] --START--
INFO: Run Behavior\WriteHtmlCacheBehavior [ RunTime:0.004538s ]
INFO: [ view_filter ] --END-- [ RunTime:0.004573s ]
INFO: [ app_end ] --START--
INFO: Run Behavior\ShowPageTraceBehavior [ RunTime:0.006442s ]
INFO: [ app_end ] --END-- [ RunTime:0.006488s ]

[ 2019-11-07T21:58:56+08:00 ] 127.0.0.1 /home/index/public/lib/bootstrap/css/bootstrap.min.css
INFO: [ app_init ] --START--
INFO: Run Behavior\BuildLiteBehavior [ RunTime:0.000011s ]
INFO: [ app_init ] --END-- [ RunTime:0.001249s ]
INFO: [ app_begin ] --START--
INFO: Run Behavior\ReadHtmlCacheBehavior [ RunTime:0.008975s ]
INFO: [ app_begin ] --END-- [ RunTime:0.009025s ]
ERR: 非法操作:public

[ 2019-11-07T21:58:56+08:00 ] 127.0.0.1 /home/index/public/lib/animate/animate.min.css
INFO: [ app_init ] --START--
INFO: Run Behavior\BuildLiteBehavior [ RunTime:0.000015s ]
INFO: [ app_init ] --END-- [ RunTime:0.002522s ]
INFO: [ app_begin ] --START--
INFO: Run Behavior\ReadHtmlCacheBehavior [ RunTime:0.018007s ]
INFO: [ app_begin ] --END-- [ RunTime:0.018056s ]
ERR: 非法操作:public

[ 2019-11-07T21:58:56+08:00 ] 127.0.0.1 /home/index/public/lib/magnific-popup/magnific-popup.css
INFO: [ app_init ] --START--
INFO: Run Behavior\BuildLiteBehavior [ RunTime:0.000011s ]
INFO: [ app_init ] --END-- [ RunTime:0.001161s ]
INFO: [ app_begin ] --START--
INFO: Run Behavior\ReadHtmlCacheBehavior [ RunTime:0.010705s ]
INFO: [ app_begin ] --END-- [ RunTime:0.010762s ]
ERR: 非法操作:public

[ 2019-11-07T21:58:56+08:00 ] 127.0.0.1 /home/index/public/lib/ionicons/css/ionicons.min.css
INFO: [ app_init ] --START--
INFO: Run Behavior\BuildLiteBehavior [ RunTime:0.000011s ]
INFO: [ app_init ] --END-- [ RunTime:0.001029s ]
INFO: [ app_begin ] --START--
INFO: Run Behavior\ReadHtmlCacheBehavior [ RunTime:0.008921s ]
INFO: [ app_begin ] --END-- [ RunTime:0.009088s ]
ERR: 非法操作:public

[ 2019-11-07T21:58:56+08:00 ] 127.0.0.1 /home/index/public/lib/font-awesome/css/font-awesome.min.css
INFO: [ app_init ] --START--
INFO: Run Behavior\BuildLiteBehavior [ RunTime:0.000011s ]
INFO: [ app_init ] --END-- [ RunTime:0.001476s ]
INFO: [ app_begin ] --START--
INFO: Run Behavior\ReadHtmlCacheBehavior [ RunTime:0.010994s ]
INFO: [ app_begin ] --END-- [ RunTime:0.011040s ]
ERR: 非法操作:public

[ 2019-11-07T21:58:56+08:00 ] 127.0.0.1 /home/index/public/lib/owlcarousel/assets/owl.carousel.min.css
INFO: [ app_init ] --START--
INFO: Run Behavior\BuildLiteBehavior [ RunTime:0.000022s ]
INFO: [ app_init ] --END-- [ RunTime:0.001077s ]
INFO: [ app_begin ] --START--
INFO: Run Behavior\ReadHtmlCacheBehavior [ RunTime:0.008759s ]
INFO: [ app_begin ] --END-- [ RunTime:0.008809s ]
ERR: 非法操作:public

[ 2019-11-07T21:58:56+08:00 ] 127.0.0.1 /home/index/public/css/style.css
INFO: [ app_init ] --START--
INFO: Run Behavior\BuildLiteBehavior [ RunTime:0.000017s ]
INFO: [ app_init ] --END-- [ RunTime:0.001096s ]
INFO: [ app_begin ] --START--
INFO: Run Behavior\ReadHtmlCacheBehavior [ RunTime:0.006587s ]
INFO: [ app_begin ] --END-- [ RunTime:0.006643s ]
ERR: 非法操作:public

[ 2019-11-07T21:58:56+08:00 ] 127.0.0.1 /home/index/public/lib/jquery/jquery.min.js
INFO: [ app_init ] --START--
INFO: Run Behavior\BuildLiteBehavior [ RunTime:0.000014s ]
INFO: [ app_init ] --END-- [ RunTime:0.001720s ]
INFO: [ app_begin ] --START--
INFO: Run Behavior\ReadHtmlCacheBehavior [ RunTime:0.018783s ]
INFO: [ app_begin ] --END-- [ RunTime:0.018851s ]
ERR: 非法操作:public

[ 2019-11-07T21:58:57+08:00 ] 127.0.0.1 /home/index/public/lib/jquery/jquery-migrate.min.js
INFO: [ app_init ] --START--
INFO: Run Behavior\BuildLiteBehavior [ RunTime:0.000015s ]
INFO: [ app_init ] --END-- [ RunTime:0.004371s ]
INFO: [ app_begin ] --START--
INFO: Run Behavior\ReadHtmlCacheBehavior [ RunTime:0.012711s ]
INFO: [ app_begin ] --END-- [ RunTime:0.013192s ]
ERR: 非法操作:public

[ 2019-11-07T21:58:57+08:00 ] 127.0.0.1 /home/index/public/lib/bootstrap/js/bootstrap.bundle.min.js
INFO: [ app_init ] --START--
INFO: Run Behavior\BuildLiteBehavior [ RunTime:0.000014s ]
INFO: [ app_init ] --END-- [ RunTime:0.002261s ]
INFO: [ app_begin ] --START--
INFO: Run Behavior\ReadHtmlCacheBehavior [ RunTime:0.018613s ]
INFO: [ app_begin ] --END-- [ RunTime:0.018673s ]
ERR: 非法操作:public

[ 2019-11-07T21:58:57+08:00 ] 127.0.0.1 /home/index/public/lib/easing/easing.min.js
INFO: [ app_init ] --START--
INFO: Run Behavior\BuildLiteBehavior [ RunTime:0.000013s ]
INFO: [ app_init ] --END-- [ RunTime:0.010671s ]
INFO: [ app_begin ] --START--
INFO: Run Behavior\ReadHtmlCacheBehavior [ RunTime:0.012525s ]
INFO: [ app_begin ] --END-- [ RunTime:0.012580s ]
ERR: 非法操作:public

[ 2019-11-07T21:58:57+08:00 ] 127.0.0.1 /home/index/public/lib/superfish/hoverIntent.js
INFO: [ app_init ] --START--
INFO: Run Behavior\BuildLiteBehavior [ RunTime:0.000010s ]
INFO: [ app_init ] --END-- [ RunTime:0.001131s ]
INFO: [ app_begin ] --START--
INFO: Run Behavior\ReadHtmlCacheBehavior [ RunTime:0.009579s ]
INFO: [ app_begin ] --END-- [ RunTime:0.009680s ]
ERR: 非法操作:public

[ 2019-11-07T21:58:57+08:00 ] 127.0.0.1 /home/index/public/lib/superfish/superfish.min.js
INFO: [ app_init ] --START--
INFO: Run Behavior\BuildLiteBehavior [ RunTime:0.000011s ]
INFO: [ app_init ] --END-- [ RunTime:0.001016s ]
INFO: [ app_begin ] --START--
INFO: Run Behavior\ReadHtmlCacheBehavior [ RunTime:0.009886s ]
INFO: [ app_begin ] --END-- [ RunTime:0.009946s ]
ERR: 非法操作:public

[ 2019-11-07T21:58:57+08:00 ] 127.0.0.1 /home/index/public/lib/owlcarousel/owl.carousel.min.js
INFO: [ app_init ] --START--
INFO: Run Behavior\BuildLiteBehavior [ RunTime:0.000015s ]
INFO: [ app_init ] --END-- [ RunTime:0.001759s ]
INFO: [ app_begin ] --START--
INFO: Run Behavior\ReadHtmlCacheBehavior [ RunTime:0.008249s ]
INFO: [ app_begin ] --END-- [ RunTime:0.008310s ]
ERR: 非法操作:public

[ 2019-11-07T21:58:57+08:00 ] 127.0.0.1 /home/index/public/lib/wow/wow.min.js
INFO: [ app_init ] --START--
INFO: Run Behavior\BuildLiteBehavior [ RunTime:0.000014s ]
INFO: [ app_init ] --END-- [ RunTime:0.003141s ]
INFO: [ app_begin ] --START--
INFO: Run Behavior\ReadHtmlCacheBehavior [ RunTime:0.007819s ]
INFO: [ app_begin ] --END-- [ RunTime:0.007980s ]
ERR: 非法操作:public

[ 2019-11-07T21:58:57+08:00 ] 127.0.0.1 /home/index/public/lib/magnific-popup/magnific-popup.min.js
INFO: [ app_init ] --START--
INFO: Run Behavior\BuildLiteBehavior [ RunTime:0.000013s ]
INFO: [ app_init ] --END-- [ RunTime:0.003774s ]
INFO: [ app_begin ] --START--
INFO: Run Behavior\ReadHtmlCacheBehavior [ RunTime:0.006681s ]
INFO: [ app_begin ] --END-- [ RunTime:0.006736s ]
ERR: 非法操作:public

[ 2019-11-07T21:58:57+08:00 ] 127.0.0.1 /home/index/public/contact/jqBootstrapValidation.js
INFO: [ app_init ] --START--
INFO: Run Behavior\BuildLiteBehavior [ RunTime:0.000016s ]
INFO: [ app_init ] --END-- [ RunTime:0.001113s ]
INFO: [ app_begin ] --START--
INFO: Run Behavior\ReadHtmlCacheBehavior [ RunTime:0.013940s ]
INFO: [ app_begin ] --END-- [ RunTime:0.014037s ]
ERR: 非法操作:public

[ 2019-11-07T21:58:57+08:00 ] 127.0.0.1 /home/index/public/lib/sticky/sticky.js
INFO: [ app_init ] --START--
INFO: Run Behavior\BuildLiteBehavior [ RunTime:0.000011s ]
INFO: [ app_init ] --END-- [ RunTime:0.001268s ]
INFO: [ app_begin ] --START--
INFO: Run Behavior\ReadHtmlCacheBehavior [ RunTime:0.023304s ]
INFO: [ app_begin ] --END-- [ RunTime:0.023373s ]
ERR: 非法操作:public

[ 2019-11-07T21:58:57+08:00 ] 127.0.0.1 /home/index/public/contact/contact_me.js
INFO: [ app_init ] --START--
INFO: Run Behavior\BuildLiteBehavior [ RunTime:0.000011s ]
INFO: [ app_init ] --END-- [ RunTime:0.001045s ]
INFO: [ app_begin ] --START--
INFO: Run Behavior\ReadHtmlCacheBehavior [ RunTime:0.009397s ]
INFO: [ app_begin ] --END-- [ RunTime:0.009456s ]
ERR: 非法操作:public

[ 2019-11-07T21:58:57+08:00 ] 127.0.0.1 /home/index/public/js/main.js
INFO: [ app_init ] --START--
INFO: Run Behavior\BuildLiteBehavior [ RunTime:0.000012s ]
INFO: [ app_init ] --END-- [ RunTime:0.001453s ]
INFO: [ app_begin ] --START--
INFO: Run Behavior\ReadHtmlCacheBehavior [ RunTime:0.005405s ]
INFO: [ app_begin ] --END-- [ RunTime:0.005457s ]
ERR: 非法操作:public

[ 2019-11-07T21:58:57+08:00 ] 127.0.0.1 /home/index/public/lib/owlcarousel/owl.carousel.min.js
INFO: [ app_init ] --START--
INFO: Run Behavior\BuildLiteBehavior [ RunTime:0.000031s ]
INFO: [ app_init ] --END-- [ RunTime:0.001515s ]
INFO: [ app_begin ] --START--
INFO: Run Behavior\ReadHtmlCacheBehavior [ RunTime:0.005349s ]
INFO: [ app_begin ] --END-- [ RunTime:0.005400s ]
ERR: 非法操作:public

[ 2019-11-07T21:58:57+08:00 ] 127.0.0.1 /home/index/public/lib/magnific-popup/magnific-popup.min.js
INFO: [ app_init ] --START--
INFO: Run Behavior\BuildLiteBehavior [ RunTime:0.000010s ]
INFO: [ app_init ] --END-- [ RunTime:0.000875s ]
INFO: [ app_begin ] --START--
INFO: Run Behavior\ReadHtmlCacheBehavior [ RunTime:0.004588s ]
INFO: [ app_begin ] --END-- [ RunTime:0.004634s ]
ERR: 非法操作:public

[ 2019-11-07T21:58:57+08:00 ] 127.0.0.1 /home/index/public/lib/sticky/sticky.js
INFO: [ app_init ] --START--
INFO: Run Behavior\BuildLiteBehavior [ RunTime:0.000011s ]
INFO: [ app_init ] --END-- [ RunTime:0.000870s ]
INFO: [ app_begin ] --START--
INFO: Run Behavior\ReadHtmlCacheBehavior [ RunTime:0.005465s ]
INFO: [ app_begin ] --END-- [ RunTime:0.005520s ]
ERR: 非法操作:public

[ 2019-11-07T21:58:58+08:00 ] 127.0.0.1 /home/index/public/contact/jqBootstrapValidation.js
INFO: [ app_init ] --START--
INFO: Run Behavior\BuildLiteBehavior [ RunTime:0.000011s ]
INFO: [ app_init ] --END-- [ RunTime:0.000874s ]
INFO: [ app_begin ] --START--
INFO: Run Behavior\ReadHtmlCacheBehavior [ RunTime:0.005279s ]
INFO: [ app_begin ] --END-- [ RunTime:0.005338s ]
ERR: 非法操作:public

[ 2019-11-07T21:58:58+08:00 ] 127.0.0.1 /home/index/public/contact/contact_me.js
INFO: [ app_init ] --START--
INFO: Run Behavior\BuildLiteBehavior [ RunTime:0.000010s ]
INFO: [ app_init ] --END-- [ RunTime:0.000856s ]
INFO: [ app_begin ] --START--
INFO: Run Behavior\ReadHtmlCacheBehavior [ RunTime:0.005688s ]
INFO: [ app_begin ] --END-- [ RunTime:0.005848s ]
ERR: 非法操作:public

[ 2019-11-07T21:58:58+08:00 ] 127.0.0.1 /home/index/public/js/main.js
INFO: [ app_init ] --START--
INFO: Run Behavior\BuildLiteBehavior [ RunTime:0.000010s ]
INFO: [ app_init ] --END-- [ RunTime:0.000989s ]
INFO: [ app_begin ] --START--
INFO: Run Behavior\ReadHtmlCacheBehavior [ RunTime:0.007833s ]
INFO: [ app_begin ] --END-- [ RunTime:0.007889s ]
ERR: 非法操作:public

[ 2019-11-07T22:00:11+08:00 ] 127.0.0.1 /home/index/contact
INFO: [ app_init ] --START--
INFO: Run Behavior\BuildLiteBehavior [ RunTime:0.000015s ]
INFO: [ app_init ] --END-- [ RunTime:0.000867s ]
INFO: [ app_begin ] --START--
INFO: Run Behavior\ReadHtmlCacheBehavior [ RunTime:0.004202s ]
INFO: [ app_begin ] --END-- [ RunTime:0.004245s ]
INFO: [ view_parse ] --START--
INFO: [ template_filter ] --START--
INFO: Run Behavior\ContentReplaceBehavior [ RunTime:0.000041s ]
INFO: [ template_filter ] --END-- [ RunTime:0.000080s ]
INFO: Run Behavior\ParseTemplateBehavior [ RunTime:0.032707s ]
INFO: [ view_parse ] --END-- [ RunTime:0.032763s ]
INFO: [ view_filter ] --START--
INFO: Run Behavior\WriteHtmlCacheBehavior [ RunTime:0.004341s ]
INFO: [ view_filter ] --END-- [ RunTime:0.004375s ]
INFO: [ app_end ] --START--
INFO: Run Behavior\ShowPageTraceBehavior [ RunTime:0.006702s ]
INFO: [ app_end ] --END-- [ RunTime:0.006743s ]

[ 2019-11-07T22:00:11+08:00 ] 127.0.0.1 /home/index/public/lib/font-awesome/css/font-awesome.min.css
INFO: [ app_init ] --START--
INFO: Run Behavior\BuildLiteBehavior [ RunTime:0.000011s ]
INFO: [ app_init ] --END-- [ RunTime:0.001187s ]
INFO: [ app_begin ] --START--
INFO: Run Behavior\ReadHtmlCacheBehavior [ RunTime:0.021069s ]
INFO: [ app_begin ] --END-- [ RunTime:0.021125s ]
ERR: 非法操作:public

[ 2019-11-07T22:00:11+08:00 ] 127.0.0.1 /home/index/public/lib/bootstrap/css/bootstrap.min.css
INFO: [ app_init ] --START--
INFO: Run Behavior\BuildLiteBehavior [ RunTime:0.000012s ]
INFO: [ app_init ] --END-- [ RunTime:0.003097s ]
INFO: [ app_begin ] --START--
INFO: Run Behavior\ReadHtmlCacheBehavior [ RunTime:0.008311s ]
INFO: [ app_begin ] --END-- [ RunTime:0.008365s ]
ERR: 非法操作:public

[ 2019-11-07T22:00:11+08:00 ] 127.0.0.1 /home/index/public/lib/animate/animate.min.css
INFO: [ app_init ] --START--
INFO: Run Behavior\BuildLiteBehavior [ RunTime:0.000011s ]
INFO: [ app_init ] --END-- [ RunTime:0.001080s ]
INFO: [ app_begin ] --START--
INFO: Run Behavior\ReadHtmlCacheBehavior [ RunTime:0.012693s ]
INFO: [ app_begin ] --END-- [ RunTime:0.012745s ]
ERR: 非法操作:public

[ 2019-11-07T22:00:11+08:00 ] 127.0.0.1 /home/index/public/lib/owlcarousel/assets/owl.carousel.min.css
INFO: [ app_init ] --START--
INFO: Run Behavior\BuildLiteBehavior [ RunTime:0.000012s ]
INFO: [ app_init ] --END-- [ RunTime:0.001065s ]
INFO: [ app_begin ] --START--
INFO: Run Behavior\ReadHtmlCacheBehavior [ RunTime:0.009410s ]
INFO: [ app_begin ] --END-- [ RunTime:0.009464s ]
ERR: 非法操作:public

[ 2019-11-07T22:00:11+08:00 ] 127.0.0.1 /home/index/public/lib/ionicons/css/ionicons.min.css
INFO: [ app_init ] --START--
INFO: Run Behavior\BuildLiteBehavior [ RunTime:0.000011s ]
INFO: [ app_init ] --END-- [ RunTime:0.001097s ]
INFO: [ app_begin ] --START--
INFO: Run Behavior\ReadHtmlCacheBehavior [ RunTime:0.009872s ]
INFO: [ app_begin ] --END-- [ RunTime:0.009969s ]
ERR: 非法操作:public

[ 2019-11-07T22:00:11+08:00 ] 127.0.0.1 /home/index/public/lib/magnific-popup/magnific-popup.css
INFO: [ app_init ] --START--
INFO: Run Behavior\BuildLiteBehavior [ RunTime:0.000011s ]
INFO: [ app_init ] --END-- [ RunTime:0.001091s ]
INFO: [ app_begin ] --START--
INFO: Run Behavior\ReadHtmlCacheBehavior [ RunTime:0.005926s ]
INFO: [ app_begin ] --END-- [ RunTime:0.005973s ]
ERR: 非法操作:public

[ 2019-11-07T22:00:12+08:00 ] 127.0.0.1 /home/index/public/css/style.css
INFO: [ app_init ] --START--
INFO: Run Behavior\BuildLiteBehavior [ RunTime:0.000011s ]
INFO: [ app_init ] --END-- [ RunTime:0.005702s ]
INFO: [ app_begin ] --START--
INFO: Run Behavior\ReadHtmlCacheBehavior [ RunTime:0.017034s ]
INFO: [ app_begin ] --END-- [ RunTime:0.017115s ]
ERR: 非法操作:public

[ 2019-11-07T22:00:12+08:00 ] 127.0.0.1 /home/index/public/lib/jquery/jquery.min.js
INFO: [ app_init ] --START--
INFO: Run Behavior\BuildLiteBehavior [ RunTime:0.000011s ]
INFO: [ app_init ] --END-- [ RunTime:0.002284s ]
INFO: [ app_begin ] --START--
INFO: Run Behavior\ReadHtmlCacheBehavior [ RunTime:0.026765s ]
INFO: [ app_begin ] --END-- [ RunTime:0.026818s ]
ERR: 非法操作:public

[ 2019-11-07T22:00:12+08:00 ] 127.0.0.1 /home/index/public/lib/jquery/jquery-migrate.min.js
INFO: [ app_init ] --START--
INFO: Run Behavior\BuildLiteBehavior [ RunTime:0.000012s ]
INFO: [ app_init ] --END-- [ RunTime:0.001172s ]
INFO: [ app_begin ] --START--
INFO: Run Behavior\ReadHtmlCacheBehavior [ RunTime:0.015764s ]
INFO: [ app_begin ] --END-- [ RunTime:0.015821s ]
ERR: 非法操作:public

[ 2019-11-07T22:00:12+08:00 ] 127.0.0.1 /home/index/public/lib/bootstrap/js/bootstrap.bundle.min.js
INFO: [ app_init ] --START--
INFO: Run Behavior\BuildLiteBehavior [ RunTime:0.000011s ]
INFO: [ app_init ] --END-- [ RunTime:0.001531s ]
INFO: [ app_begin ] --START--
INFO: Run Behavior\ReadHtmlCacheBehavior [ RunTime:0.017700s ]
INFO: [ app_begin ] --END-- [ RunTime:0.017780s ]
ERR: 非法操作:public

[ 2019-11-07T22:00:12+08:00 ] 127.0.0.1 /home/index/public/lib/easing/easing.min.js
INFO: [ app_init ] --START--
INFO: Run Behavior\BuildLiteBehavior [ RunTime:0.000014s ]
INFO: [ app_init ] --END-- [ RunTime:0.002692s ]
INFO: [ app_begin ] --START--
INFO: Run Behavior\ReadHtmlCacheBehavior [ RunTime:0.010906s ]
INFO: [ app_begin ] --END-- [ RunTime:0.010963s ]
ERR: 非法操作:public

[ 2019-11-07T22:00:12+08:00 ] 127.0.0.1 /home/index/public/lib/superfish/hoverIntent.js
INFO: [ app_init ] --START--
INFO: Run Behavior\BuildLiteBehavior [ RunTime:0.000013s ]
INFO: [ app_init ] --END-- [ RunTime:0.001763s ]
INFO: [ app_begin ] --START--
INFO: Run Behavior\ReadHtmlCacheBehavior [ RunTime:0.008734s ]
INFO: [ app_begin ] --END-- [ RunTime:0.008788s ]
ERR: 非法操作:public

[ 2019-11-07T22:00:12+08:00 ] 127.0.0.1 /home/index/public/lib/wow/wow.min.js
INFO: [ app_init ] --START--
INFO: Run Behavior\BuildLiteBehavior [ RunTime:0.000014s ]
INFO: [ app_init ] --END-- [ RunTime:0.001520s ]
INFO: [ app_begin ] --START--
INFO: Run Behavior\ReadHtmlCacheBehavior [ RunTime:0.009166s ]
INFO: [ app_begin ] --END-- [ RunTime:0.009222s ]
ERR: 非法操作:public

[ 2019-11-07T22:00:12+08:00 ] 127.0.0.1 /home/index/public/lib/superfish/superfish.min.js
INFO: [ app_init ] --START--
INFO: Run Behavior\BuildLiteBehavior [ RunTime:0.000011s ]
INFO: [ app_init ] --END-- [ RunTime:0.001273s ]
INFO: [ app_begin ] --START--
INFO: Run Behavior\ReadHtmlCacheBehavior [ RunTime:0.018441s ]
INFO: [ app_begin ] --END-- [ RunTime:0.018507s ]
ERR: 非法操作:public

[ 2019-11-07T22:00:12+08:00 ] 127.0.0.1 /home/index/public/lib/owlcarousel/owl.carousel.min.js
INFO: [ app_init ] --START--
INFO: Run Behavior\BuildLiteBehavior [ RunTime:0.000011s ]
INFO: [ app_init ] --END-- [ RunTime:0.001006s ]
INFO: [ app_begin ] --START--
INFO: Run Behavior\ReadHtmlCacheBehavior [ RunTime:0.021565s ]
INFO: [ app_begin ] --END-- [ RunTime:0.021733s ]
ERR: 非法操作:public

[ 2019-11-07T22:00:12+08:00 ] 127.0.0.1 /home/index/public/lib/magnific-popup/magnific-popup.min.js
INFO: [ app_init ] --START--
INFO: Run Behavior\BuildLiteBehavior [ RunTime:0.000013s ]
INFO: [ app_init ] --END-- [ RunTime:0.001250s ]
INFO: [ app_begin ] --START--
INFO: Run Behavior\ReadHtmlCacheBehavior [ RunTime:0.010852s ]
INFO: [ app_begin ] --END-- [ RunTime:0.010912s ]
ERR: 非法操作:public

[ 2019-11-07T22:00:12+08:00 ] 127.0.0.1 /home/index/public/lib/sticky/sticky.js
INFO: [ app_init ] --START--
INFO: Run Behavior\BuildLiteBehavior [ RunTime:0.000012s ]
INFO: [ app_init ] --END-- [ RunTime:0.001215s ]
INFO: [ app_begin ] --START--
INFO: Run Behavior\ReadHtmlCacheBehavior [ RunTime:0.021322s ]
INFO: [ app_begin ] --END-- [ RunTime:0.021380s ]
ERR: 非法操作:public

[ 2019-11-07T22:00:12+08:00 ] 127.0.0.1 /home/index/public/contact/jqBootstrapValidation.js
INFO: [ app_init ] --START--
INFO: Run Behavior\BuildLiteBehavior [ RunTime:0.000030s ]
INFO: [ app_init ] --END-- [ RunTime:0.002899s ]
INFO: [ app_begin ] --START--
INFO: Run Behavior\ReadHtmlCacheBehavior [ RunTime:0.012373s ]
INFO: [ app_begin ] --END-- [ RunTime:0.012425s ]
ERR: 非法操作:public

[ 2019-11-07T22:00:12+08:00 ] 127.0.0.1 /home/index/public/contact/contact_me.js
INFO: [ app_init ] --START--
INFO: Run Behavior\BuildLiteBehavior [ RunTime:0.000012s ]
INFO: [ app_init ] --END-- [ RunTime:0.001486s ]
INFO: [ app_begin ] --START--
INFO: Run Behavior\ReadHtmlCacheBehavior [ RunTime:0.011710s ]
INFO: [ app_begin ] --END-- [ RunTime:0.011765s ]
ERR: 非法操作:public

[ 2019-11-07T22:00:12+08:00 ] 127.0.0.1 /home/index/public/js/main.js
INFO: [ app_init ] --START--
INFO: Run Behavior\BuildLiteBehavior [ RunTime:0.000012s ]
INFO: [ app_init ] --END-- [ RunTime:0.001328s ]
INFO: [ app_begin ] --START--
INFO: Run Behavior\ReadHtmlCacheBehavior [ RunTime:0.005122s ]
INFO: [ app_begin ] --END-- [ RunTime:0.005166s ]
ERR: 非法操作:public

[ 2019-11-07T22:00:12+08:00 ] 127.0.0.1 /home/index/public/lib/wow/wow.min.js
INFO: [ app_init ] --START--
INFO: Run Behavior\BuildLiteBehavior [ RunTime:0.000009s ]
INFO: [ app_init ] --END-- [ RunTime:0.000926s ]
INFO: [ app_begin ] --START--
INFO: Run Behavior\ReadHtmlCacheBehavior [ RunTime:0.008254s ]
INFO: [ app_begin ] --END-- [ RunTime:0.008308s ]
ERR: 非法操作:public

[ 2019-11-07T22:00:12+08:00 ] 127.0.0.1 /home/index/public/lib/owlcarousel/owl.carousel.min.js
INFO: [ app_init ] --START--
INFO: Run Behavior\BuildLiteBehavior [ RunTime:0.000012s ]
INFO: [ app_init ] --END-- [ RunTime:0.000923s ]
INFO: [ app_begin ] --START--
INFO: Run Behavior\ReadHtmlCacheBehavior [ RunTime:0.005744s ]
INFO: [ app_begin ] --END-- [ RunTime:0.005797s ]
ERR: 非法操作:public

[ 2019-11-07T22:00:12+08:00 ] 127.0.0.1 /home/index/public/lib/magnific-popup/magnific-popup.min.js
INFO: [ app_init ] --START--
INFO: Run Behavior\BuildLiteBehavior [ RunTime:0.000013s ]
INFO: [ app_init ] --END-- [ RunTime:0.001318s ]
INFO: [ app_begin ] --START--
INFO: Run Behavior\ReadHtmlCacheBehavior [ RunTime:0.006798s ]
INFO: [ app_begin ] --END-- [ RunTime:0.006858s ]
ERR: 非法操作:public

[ 2019-11-07T22:00:13+08:00 ] 127.0.0.1 /home/index/public/lib/sticky/sticky.js
INFO: [ app_init ] --START--
INFO: Run Behavior\BuildLiteBehavior [ RunTime:0.000011s ]
INFO: [ app_init ] --END-- [ RunTime:0.000857s ]
INFO: [ app_begin ] --START--
INFO: Run Behavior\ReadHtmlCacheBehavior [ RunTime:0.005793s ]
INFO: [ app_begin ] --END-- [ RunTime:0.005846s ]
ERR: 非法操作:public

[ 2019-11-07T22:00:13+08:00 ] 127.0.0.1 /home/index/public/contact/jqBootstrapValidation.js
INFO: [ app_init ] --START--
INFO: Run Behavior\BuildLiteBehavior [ RunTime:0.000014s ]
INFO: [ app_init ] --END-- [ RunTime:0.001372s ]
INFO: [ app_begin ] --START--
INFO: Run Behavior\ReadHtmlCacheBehavior [ RunTime:0.005447s ]
INFO: [ app_begin ] --END-- [ RunTime:0.005500s ]
ERR: 非法操作:public

[ 2019-11-07T22:00:13+08:00 ] 127.0.0.1 /home/index/public/contact/contact_me.js
INFO: [ app_init ] --START--
INFO: Run Behavior\BuildLiteBehavior [ RunTime:0.000021s ]
INFO: [ app_init ] --END-- [ RunTime:0.000954s ]
INFO: [ app_begin ] --START--
INFO: Run Behavior\ReadHtmlCacheBehavior [ RunTime:0.006952s ]
INFO: [ app_begin ] --END-- [ RunTime:0.007109s ]
ERR: 非法操作:public

[ 2019-11-07T22:00:13+08:00 ] 127.0.0.1 /home/index/public/js/main.js
INFO: [ app_init ] --START--
INFO: Run Behavior\BuildLiteBehavior [ RunTime:0.000010s ]
INFO: [ app_init ] --END-- [ RunTime:0.000936s ]
INFO: [ app_begin ] --START--
INFO: Run Behavior\ReadHtmlCacheBehavior [ RunTime:0.004727s ]
INFO: [ app_begin ] --END-- [ RunTime:0.004784s ]
ERR: 非法操作:public

[ 2019-11-07T22:03:59+08:00 ] 127.0.0.1 /home/index/contact
INFO: [ app_init ] --START--
INFO: Run Behavior\BuildLiteBehavior [ RunTime:0.000010s ]
INFO: [ app_init ] --END-- [ RunTime:0.000824s ]
INFO: [ app_begin ] --START--
INFO: Run Behavior\ReadHtmlCacheBehavior [ RunTime:0.007508s ]
INFO: [ app_begin ] --END-- [ RunTime:0.007561s ]
INFO: [ view_parse ] --START--
INFO: [ template_filter ] --START--
INFO: Run Behavior\ContentReplaceBehavior [ RunTime:0.000046s ]
INFO: [ template_filter ] --END-- [ RunTime:0.000087s ]
INFO: Run Behavior\ParseTemplateBehavior [ RunTime:0.039528s ]
INFO: [ view_parse ] --END-- [ RunTime:0.039602s ]
INFO: [ view_filter ] --START--
INFO: Run Behavior\WriteHtmlCacheBehavior [ RunTime:0.004850s ]
INFO: [ view_filter ] --END-- [ RunTime:0.004895s ]
INFO: [ app_end ] --START--
INFO: Run Behavior\ShowPageTraceBehavior [ RunTime:0.007052s ]
INFO: [ app_end ] --END-- [ RunTime:0.007102s ]

[ 2019-11-07T22:04:11+08:00 ] 127.0.0.1 /home/index/index
INFO: [ app_init ] --START--
INFO: Run Behavior\BuildLiteBehavior [ RunTime:0.000011s ]
INFO: [ app_init ] --END-- [ RunTime:0.000879s ]
INFO: [ app_begin ] --START--
INFO: Run Behavior\ReadHtmlCacheBehavior [ RunTime:0.004656s ]
INFO: [ app_begin ] --END-- [ RunTime:0.004704s ]
INFO: [ view_parse ] --START--
INFO: [ template_filter ] --START--
INFO: Run Behavior\ContentReplaceBehavior [ RunTime:0.000061s ]
INFO: [ template_filter ] --END-- [ RunTime:0.000105s ]
INFO: Run Behavior\ParseTemplateBehavior [ RunTime:0.033786s ]
INFO: [ view_parse ] --END-- [ RunTime:0.033854s ]
INFO: [ view_filter ] --START--
INFO: Run Behavior\WriteHtmlCacheBehavior [ RunTime:0.005710s ]
INFO: [ view_filter ] --END-- [ RunTime:0.005752s ]
INFO: [ app_end ] --START--
INFO: Run Behavior\ShowPageTraceBehavior [ RunTime:0.011137s ]
INFO: [ app_end ] --END-- [ RunTime:0.011184s ]

[ 2019-11-07T22:04:11+08:00 ] 127.0.0.1 /home/index/public/lib/font-awesome/css/font-awesome.min.css
INFO: [ app_init ] --START--
INFO: Run Behavior\BuildLiteBehavior [ RunTime:0.000013s ]
INFO: [ app_init ] --END-- [ RunTime:0.001384s ]
INFO: [ app_begin ] --START--
INFO: Run Behavior\ReadHtmlCacheBehavior [ RunTime:0.011626s ]
INFO: [ app_begin ] --END-- [ RunTime:0.011683s ]
ERR: 非法操作:public

[ 2019-11-07T22:04:11+08:00 ] 127.0.0.1 /home/index/public/lib/animate/animate.min.css
INFO: [ app_init ] --START--
INFO: Run Behavior\BuildLiteBehavior [ RunTime:0.000014s ]
INFO: [ app_init ] --END-- [ RunTime:0.001593s ]
INFO: [ app_begin ] --START--
INFO: Run Behavior\ReadHtmlCacheBehavior [ RunTime:0.018435s ]
INFO: [ app_begin ] --END-- [ RunTime:0.018491s ]
ERR: 非法操作:public

[ 2019-11-07T22:04:11+08:00 ] 127.0.0.1 /home/index/public/lib/magnific-popup/magnific-popup.css
INFO: [ app_init ] --START--
INFO: Run Behavior\BuildLiteBehavior [ RunTime:0.000022s ]
INFO: [ app_init ] --END-- [ RunTime:0.002542s ]
INFO: [ app_begin ] --START--
INFO: Run Behavior\ReadHtmlCacheBehavior [ RunTime:0.011308s ]
INFO: [ app_begin ] --END-- [ RunTime:0.011429s ]
ERR: 非法操作:public

[ 2019-11-07T22:04:11+08:00 ] 127.0.0.1 /home/index/public/lib/bootstrap/css/bootstrap.min.css
INFO: [ app_init ] --START--
INFO: Run Behavior\BuildLiteBehavior [ RunTime:0.000013s ]
INFO: [ app_init ] --END-- [ RunTime:0.001405s ]
INFO: [ app_begin ] --START--
INFO: Run Behavior\ReadHtmlCacheBehavior [ RunTime:0.006849s ]
INFO: [ app_begin ] --END-- [ RunTime:0.006907s ]
ERR: 非法操作:public

[ 2019-11-07T22:04:11+08:00 ] 127.0.0.1 /home/index/public/lib/ionicons/css/ionicons.min.css
INFO: [ app_init ] --START--
INFO: Run Behavior\BuildLiteBehavior [ RunTime:0.000013s ]
INFO: [ app_init ] --END-- [ RunTime:0.002302s ]
INFO: [ app_begin ] --START--
INFO: Run Behavior\ReadHtmlCacheBehavior [ RunTime:0.010486s ]
INFO: [ app_begin ] --END-- [ RunTime:0.010547s ]
ERR: 非法操作:public

[ 2019-11-07T22:04:11+08:00 ] 127.0.0.1 /home/index/public/lib/owlcarousel/assets/owl.carousel.min.css
INFO: [ app_init ] --START--
INFO: Run Behavior\BuildLiteBehavior [ RunTime:0.000012s ]
INFO: [ app_init ] --END-- [ RunTime:0.001182s ]
INFO: [ app_begin ] --START--
INFO: Run Behavior\ReadHtmlCacheBehavior [ RunTime:0.009667s ]
INFO: [ app_begin ] --END-- [ RunTime:0.009727s ]
ERR: 非法操作:public

[ 2019-11-07T22:04:12+08:00 ] 127.0.0.1 /home/index/public/css/style.css
INFO: [ app_init ] --START--
INFO: Run Behavior\BuildLiteBehavior [ RunTime:0.000013s ]
INFO: [ app_init ] --END-- [ RunTime:0.001699s ]
INFO: [ app_begin ] --START--
INFO: Run Behavior\ReadHtmlCacheBehavior [ RunTime:0.042725s ]
INFO: [ app_begin ] --END-- [ RunTime:0.042780s ]
ERR: 非法操作:public

[ 2019-11-07T22:04:12+08:00 ] 127.0.0.1 /home/index/public/lib/jquery/jquery-migrate.min.js
INFO: [ app_init ] --START--
INFO: Run Behavior\BuildLiteBehavior [ RunTime:0.000010s ]
INFO: [ app_init ] --END-- [ RunTime:0.000986s ]
INFO: [ app_begin ] --START--
INFO: Run Behavior\ReadHtmlCacheBehavior [ RunTime:0.010745s ]
INFO: [ app_begin ] --END-- [ RunTime:0.010810s ]
ERR: 非法操作:public

[ 2019-11-07T22:04:12+08:00 ] 127.0.0.1 /home/index/public/lib/jquery/jquery.min.js
INFO: [ app_init ] --START--
INFO: Run Behavior\BuildLiteBehavior [ RunTime:0.000011s ]
INFO: [ app_init ] --END-- [ RunTime:0.001153s ]
INFO: [ app_begin ] --START--
INFO: Run Behavior\ReadHtmlCacheBehavior [ RunTime:0.033569s ]
INFO: [ app_begin ] --END-- [ RunTime:0.033626s ]
ERR: 非法操作:public

[ 2019-11-07T22:04:12+08:00 ] 127.0.0.1 /home/index/public/lib/bootstrap/js/bootstrap.bundle.min.js
INFO: [ app_init ] --START--
INFO: Run Behavior\BuildLiteBehavior [ RunTime:0.000012s ]
INFO: [ app_init ] --END-- [ RunTime:0.005507s ]
INFO: [ app_begin ] --START--
INFO: Run Behavior\ReadHtmlCacheBehavior [ RunTime:0.023659s ]
INFO: [ app_begin ] --END-- [ RunTime:0.023717s ]
ERR: 非法操作:public

[ 2019-11-07T22:04:12+08:00 ] 127.0.0.1 /home/index/public/lib/easing/easing.min.js
INFO: [ app_init ] --START--
INFO: Run Behavior\BuildLiteBehavior [ RunTime:0.000012s ]
INFO: [ app_init ] --END-- [ RunTime:0.001081s ]
INFO: [ app_begin ] --START--
INFO: Run Behavior\ReadHtmlCacheBehavior [ RunTime:0.007235s ]
INFO: [ app_begin ] --END-- [ RunTime:0.007288s ]
ERR: 非法操作:public

[ 2019-11-07T22:04:12+08:00 ] 127.0.0.1 /home/index/public/lib/superfish/hoverIntent.js
INFO: [ app_init ] --START--
INFO: Run Behavior\BuildLiteBehavior [ RunTime:0.000016s ]
INFO: [ app_init ] --END-- [ RunTime:0.003969s ]
INFO: [ app_begin ] --START--
INFO: Run Behavior\ReadHtmlCacheBehavior [ RunTime:0.012794s ]
INFO: [ app_begin ] --END-- [ RunTime:0.012846s ]
ERR: 非法操作:public

[ 2019-11-07T22:04:12+08:00 ] 127.0.0.1 /home/index/public/lib/superfish/superfish.min.js
INFO: [ app_init ] --START--
INFO: Run Behavior\BuildLiteBehavior [ RunTime:0.000010s ]
INFO: [ app_init ] --END-- [ RunTime:0.001262s ]
INFO: [ app_begin ] --START--
INFO: Run Behavior\ReadHtmlCacheBehavior [ RunTime:0.036111s ]
INFO: [ app_begin ] --END-- [ RunTime:0.036171s ]
ERR: 非法操作:public

[ 2019-11-07T22:04:12+08:00 ] 127.0.0.1 /home/index/public/lib/wow/wow.min.js
INFO: [ app_init ] --START--
INFO: Run Behavior\BuildLiteBehavior [ RunTime:0.000013s ]
INFO: [ app_init ] --END-- [ RunTime:0.001028s ]
INFO: [ app_begin ] --START--
INFO: Run Behavior\ReadHtmlCacheBehavior [ RunTime:0.006324s ]
INFO: [ app_begin ] --END-- [ RunTime:0.006374s ]
ERR: 非法操作:public

[ 2019-11-07T22:04:12+08:00 ] 127.0.0.1 /home/index/public/lib/owlcarousel/owl.carousel.min.js
INFO: [ app_init ] --START--
INFO: Run Behavior\BuildLiteBehavior [ RunTime:0.000013s ]
INFO: [ app_init ] --END-- [ RunTime:0.001224s ]
INFO: [ app_begin ] --START--
INFO: Run Behavior\ReadHtmlCacheBehavior [ RunTime:0.008016s ]
INFO: [ app_begin ] --END-- [ RunTime:0.008073s ]
ERR: 非法操作:public

[ 2019-11-07T22:04:12+08:00 ] 127.0.0.1 /home/index/public/lib/magnific-popup/magnific-popup.min.js
INFO: [ app_init ] --START--
INFO: Run Behavior\BuildLiteBehavior [ RunTime:0.000014s ]
INFO: [ app_init ] --END-- [ RunTime:0.005999s ]
INFO: [ app_begin ] --START--
INFO: Run Behavior\ReadHtmlCacheBehavior [ RunTime:0.007472s ]
INFO: [ app_begin ] --END-- [ RunTime:0.007533s ]
ERR: 非法操作:public

[ 2019-11-07T22:04:12+08:00 ] 127.0.0.1 /home/index/public/lib/sticky/sticky.js
INFO: [ app_init ] --START--
INFO: Run Behavior\BuildLiteBehavior [ RunTime:0.000010s ]
INFO: [ app_init ] --END-- [ RunTime:0.001252s ]
INFO: [ app_begin ] --START--
INFO: Run Behavior\ReadHtmlCacheBehavior [ RunTime:0.011163s ]
INFO: [ app_begin ] --END-- [ RunTime:0.011217s ]
ERR: 非法操作:public

[ 2019-11-07T22:04:12+08:00 ] 127.0.0.1 /home/index/public/contact/jqBootstrapValidation.js
INFO: [ app_init ] --START--
INFO: Run Behavior\BuildLiteBehavior [ RunTime:0.000042s ]
INFO: [ app_init ] --END-- [ RunTime:0.002707s ]
INFO: [ app_begin ] --START--
INFO: Run Behavior\ReadHtmlCacheBehavior [ RunTime:0.027946s ]
INFO: [ app_begin ] --END-- [ RunTime:0.027997s ]
ERR: 非法操作:public

[ 2019-11-07T22:04:12+08:00 ] 127.0.0.1 /home/index/public/contact/contact_me.js
INFO: [ app_init ] --START--
INFO: Run Behavior\BuildLiteBehavior [ RunTime:0.000012s ]
INFO: [ app_init ] --END-- [ RunTime:0.001193s ]
INFO: [ app_begin ] --START--
INFO: Run Behavior\ReadHtmlCacheBehavior [ RunTime:0.016813s ]
INFO: [ app_begin ] --END-- [ RunTime:0.016880s ]
ERR: 非法操作:public

[ 2019-11-07T22:04:12+08:00 ] 127.0.0.1 /home/index/public/js/main.js
INFO: [ app_init ] --START--
INFO: Run Behavior\BuildLiteBehavior [ RunTime:0.000010s ]
INFO: [ app_init ] --END-- [ RunTime:0.001153s ]
INFO: [ app_begin ] --START--
INFO: Run Behavior\ReadHtmlCacheBehavior [ RunTime:0.011106s ]
INFO: [ app_begin ] --END-- [ RunTime:0.011159s ]
ERR: 非法操作:public

[ 2019-11-07T22:04:12+08:00 ] 127.0.0.1 /home/index/public/img/about-img.png
INFO: [ app_init ] --START--
INFO: Run Behavior\BuildLiteBehavior [ RunTime:0.000011s ]
INFO: [ app_init ] --END-- [ RunTime:0.001223s ]

[ 2019-11-07T22:04:12+08:00 ] 127.0.0.1 /home/index/public/lib/jquery/jquery-migrate.min.js
INFO: [ app_init ] --START--
INFO: Run Behavior\BuildLiteBehavior [ RunTime:0.000010s ]
INFO: [ app_init ] --END-- [ RunTime:0.001743s ]
INFO: [ app_begin ] --START--
INFO: Run Behavior\ReadHtmlCacheBehavior [ RunTime:0.028980s ]
INFO: [ app_begin ] --END-- [ RunTime:0.029788s ]
ERR: 非法操作:public

[ 2019-11-07T22:04:12+08:00 ] 127.0.0.1 /home/index/public/img/undraw_maker_launch_crhe.svg
INFO: [ app_init ] --START--
INFO: Run Behavior\BuildLiteBehavior [ RunTime:0.000011s ]
INFO: [ app_init ] --END-- [ RunTime:0.001296s ]
INFO: [ app_begin ] --START--
INFO: Run Behavior\ReadHtmlCacheBehavior [ RunTime:0.015506s ]
INFO: [ app_begin ] --END-- [ RunTime:0.015560s ]
ERR: 非法操作:public

[ 2019-11-07T22:04:12+08:00 ] 127.0.0.1 /home/index/public/img/undraw_mobile_marketing_iqbr.svg
INFO: [ app_init ] --START--
INFO: Run Behavior\BuildLiteBehavior [ RunTime:0.000014s ]
INFO: [ app_init ] --END-- [ RunTime:0.001625s ]
INFO: [ app_begin ] --START--
INFO: Run Behavior\ReadHtmlCacheBehavior [ RunTime:0.013972s ]
INFO: [ app_begin ] --END-- [ RunTime:0.014038s ]
ERR: 非法操作:public

[ 2019-11-07T22:04:12+08:00 ] 127.0.0.1 /home/index/public/img/undraw_scrum_board_cesn.svg
INFO: [ app_init ] --START--
INFO: Run Behavior\BuildLiteBehavior [ RunTime:0.000018s ]
INFO: [ app_init ] --END-- [ RunTime:0.003079s ]
INFO: [ app_begin ] --START--
INFO: Run Behavior\ReadHtmlCacheBehavior [ RunTime:0.016406s ]
INFO: [ app_begin ] --END-- [ RunTime:0.016465s ]
ERR: 非法操作:public

[ 2019-11-07T22:04:13+08:00 ] 127.0.0.1 /home/index/img/intro-carousel/1.jpg
INFO: [ app_init ] --START--
INFO: Run Behavior\BuildLiteBehavior [ RunTime:0.000013s ]
INFO: [ app_init ] --END-- [ RunTime:0.003453s ]

[ 2019-11-07T22:04:13+08:00 ] 127.0.0.1 /home/index/public/lib/bootstrap/js/bootstrap.bundle.min.js
INFO: [ app_init ] --START--
INFO: Run Behavior\BuildLiteBehavior [ RunTime:0.000035s ]
INFO: [ app_init ] --END-- [ RunTime:0.001500s ]
INFO: [ app_begin ] --START--
INFO: Run Behavior\ReadHtmlCacheBehavior [ RunTime:0.006381s ]
INFO: [ app_begin ] --END-- [ RunTime:0.006440s ]
ERR: 非法操作:public

[ 2019-11-07T22:04:13+08:00 ] 127.0.0.1 /home/index/public/lib/easing/easing.min.js
INFO: [ app_init ] --START--
INFO: Run Behavior\BuildLiteBehavior [ RunTime:0.000011s ]
INFO: [ app_init ] --END-- [ RunTime:0.000863s ]
INFO: [ app_begin ] --START--
INFO: Run Behavior\ReadHtmlCacheBehavior [ RunTime:0.006068s ]
INFO: [ app_begin ] --END-- [ RunTime:0.006164s ]
ERR: 非法操作:public

[ 2019-11-07T22:04:13+08:00 ] 127.0.0.1 /home/index/public/lib/superfish/hoverIntent.js
INFO: [ app_init ] --START--
INFO: Run Behavior\BuildLiteBehavior [ RunTime:0.000011s ]
INFO: [ app_init ] --END-- [ RunTime:0.000939s ]
INFO: [ app_begin ] --START--
INFO: Run Behavior\ReadHtmlCacheBehavior [ RunTime:0.006580s ]
INFO: [ app_begin ] --END-- [ RunTime:0.006639s ]
ERR: 非法操作:public

[ 2019-11-07T22:04:13+08:00 ] 127.0.0.1 /home/index/public/lib/superfish/superfish.min.js
INFO: [ app_init ] --START--
INFO: Run Behavior\BuildLiteBehavior [ RunTime:0.000019s ]
INFO: [ app_init ] --END-- [ RunTime:0.002042s ]
INFO: [ app_begin ] --START--
INFO: Run Behavior\ReadHtmlCacheBehavior [ RunTime:0.006178s ]
INFO: [ app_begin ] --END-- [ RunTime:0.006234s ]
ERR: 非法操作:public

[ 2019-11-07T22:04:13+08:00 ] 127.0.0.1 /home/index/public/lib/wow/wow.min.js
INFO: [ app_init ] --START--
INFO: Run Behavior\BuildLiteBehavior [ RunTime:0.000017s ]
INFO: [ app_init ] --END-- [ RunTime:0.001037s ]
INFO: [ app_begin ] --START--
INFO: Run Behavior\ReadHtmlCacheBehavior [ RunTime:0.005312s ]
INFO: [ app_begin ] --END-- [ RunTime:0.005369s ]
ERR: 非法操作:public

[ 2019-11-07T22:04:13+08:00 ] 127.0.0.1 /home/index/public/lib/owlcarousel/owl.carousel.min.js
INFO: [ app_init ] --START--
INFO: Run Behavior\BuildLiteBehavior [ RunTime:0.000012s ]
INFO: [ app_init ] --END-- [ RunTime:0.000881s ]
INFO: [ app_begin ] --START--
INFO: Run Behavior\ReadHtmlCacheBehavior [ RunTime:0.006984s ]
INFO: [ app_begin ] --END-- [ RunTime:0.007068s ]
ERR: 非法操作:public

[ 2019-11-07T22:04:13+08:00 ] 127.0.0.1 /home/index/public/lib/magnific-popup/magnific-popup.min.js
INFO: [ app_init ] --START--
INFO: Run Behavior\BuildLiteBehavior [ RunTime:0.000011s ]
INFO: [ app_init ] --END-- [ RunTime:0.000833s ]
INFO: [ app_begin ] --START--
INFO: Run Behavior\ReadHtmlCacheBehavior [ RunTime:0.005071s ]
INFO: [ app_begin ] --END-- [ RunTime:0.005141s ]
ERR: 非法操作:public

[ 2019-11-07T22:04:14+08:00 ] 127.0.0.1 /home/index/public/lib/sticky/sticky.js
INFO: [ app_init ] --START--
INFO: Run Behavior\BuildLiteBehavior [ RunTime:0.000012s ]
INFO: [ app_init ] --END-- [ RunTime:0.000982s ]
INFO: [ app_begin ] --START--
INFO: Run Behavior\ReadHtmlCacheBehavior [ RunTime:0.007429s ]
INFO: [ app_begin ] --END-- [ RunTime:0.007520s ]
ERR: 非法操作:public

[ 2019-11-07T22:04:14+08:00 ] 127.0.0.1 /home/index/public/contact/jqBootstrapValidation.js
INFO: [ app_init ] --START--
INFO: Run Behavior\BuildLiteBehavior [ RunTime:0.000013s ]
INFO: [ app_init ] --END-- [ RunTime:0.000986s ]
INFO: [ app_begin ] --START--
INFO: Run Behavior\ReadHtmlCacheBehavior [ RunTime:0.011589s ]
INFO: [ app_begin ] --END-- [ RunTime:0.011659s ]
ERR: 非法操作:public

[ 2019-11-07T22:04:14+08:00 ] 127.0.0.1 /home/index/public/contact/contact_me.js
INFO: [ app_init ] --START--
INFO: Run Behavior\BuildLiteBehavior [ RunTime:0.000010s ]
INFO: [ app_init ] --END-- [ RunTime:0.000869s ]
INFO: [ app_begin ] --START--
INFO: Run Behavior\ReadHtmlCacheBehavior [ RunTime:0.007321s ]
INFO: [ app_begin ] --END-- [ RunTime:0.007378s ]
ERR: 非法操作:public

[ 2019-11-07T22:04:14+08:00 ] 127.0.0.1 /home/index/public/js/main.js
INFO: [ app_init ] --START--
INFO: Run Behavior\BuildLiteBehavior [ RunTime:0.000012s ]
INFO: [ app_init ] --END-- [ RunTime:0.000904s ]
INFO: [ app_begin ] --START--
INFO: Run Behavior\ReadHtmlCacheBehavior [ RunTime:0.004892s ]
INFO: [ app_begin ] --END-- [ RunTime:0.004946s ]
ERR: 非法操作:public

[ 2019-11-07T22:05:56+08:00 ] 127.0.0.1 /home/index/index
INFO: [ app_init ] --START--
INFO: Run Behavior\BuildLiteBehavior [ RunTime:0.000015s ]
INFO: [ app_init ] --END-- [ RunTime:0.009156s ]
INFO: [ app_begin ] --START--
INFO: Run Behavior\ReadHtmlCacheBehavior [ RunTime:0.007763s ]
INFO: [ app_begin ] --END-- [ RunTime:0.007873s ]
INFO: [ view_parse ] --START--
INFO: [ template_filter ] --START--
INFO: Run Behavior\ContentReplaceBehavior [ RunTime:0.000060s ]
INFO: [ template_filter ] --END-- [ RunTime:0.000105s ]
INFO: Run Behavior\ParseTemplateBehavior [ RunTime:0.030343s ]
INFO: [ view_parse ] --END-- [ RunTime:0.030395s ]
INFO: [ view_filter ] --START--
INFO: Run Behavior\WriteHtmlCacheBehavior [ RunTime:0.005664s ]
INFO: [ view_filter ] --END-- [ RunTime:0.005806s ]
INFO: [ app_end ] --START--
INFO: Run Behavior\ShowPageTraceBehavior [ RunTime:0.006576s ]
INFO: [ app_end ] --END-- [ RunTime:0.006698s ]

[ 2019-11-07T22:05:56+08:00 ] 127.0.0.1 /home/index/img/intro-carousel/1.jpg
INFO: [ app_init ] --START--
INFO: Run Behavior\BuildLiteBehavior [ RunTime:0.007221s ]
INFO: [ app_init ] --END-- [ RunTime:0.008617s ]

[ 2019-11-07T22:06:01+08:00 ] 127.0.0.1 /home/index/contact
INFO: [ app_init ] --START--
INFO: Run Behavior\BuildLiteBehavior [ RunTime:0.000010s ]
INFO: [ app_init ] --END-- [ RunTime:0.000842s ]
INFO: [ app_begin ] --START--
INFO: Run Behavior\ReadHtmlCacheBehavior [ RunTime:0.006841s ]
INFO: [ app_begin ] --END-- [ RunTime:0.006892s ]
INFO: [ view_parse ] --START--
INFO: [ template_filter ] --START--
INFO: Run Behavior\ContentReplaceBehavior [ RunTime:0.000062s ]
INFO: [ template_filter ] --END-- [ RunTime:0.000116s ]
INFO: Run Behavior\ParseTemplateBehavior [ RunTime:0.031883s ]
INFO: [ view_parse ] --END-- [ RunTime:0.031948s ]
INFO: [ view_filter ] --START--
INFO: Run Behavior\WriteHtmlCacheBehavior [ RunTime:0.009691s ]
INFO: [ view_filter ] --END-- [ RunTime:0.009729s ]
INFO: [ app_end ] --START--
INFO: Run Behavior\ShowPageTraceBehavior [ RunTime:0.004380s ]
INFO: [ app_end ] --END-- [ RunTime:0.004412s ]

[ 2019-11-07T22:06:11+08:00 ] 127.0.0.1 /home/index/index
INFO: [ app_init ] --START--
INFO: Run Behavior\BuildLiteBehavior [ RunTime:0.000013s ]
INFO: [ app_init ] --END-- [ RunTime:0.001086s ]
INFO: [ app_begin ] --START--
INFO: Run Behavior\ReadHtmlCacheBehavior [ RunTime:0.009254s ]
INFO: [ app_begin ] --END-- [ RunTime:0.009307s ]
INFO: [ view_parse ] --START--
INFO: [ template_filter ] --START--
INFO: Run Behavior\ContentReplaceBehavior [ RunTime:0.000109s ]
INFO: [ template_filter ] --END-- [ RunTime:0.000177s ]
INFO: Run Behavior\ParseTemplateBehavior [ RunTime:0.037620s ]
INFO: [ view_parse ] --END-- [ RunTime:0.037670s ]
INFO: [ view_filter ] --START--
INFO: Run Behavior\WriteHtmlCacheBehavior [ RunTime:0.006773s ]
INFO: [ view_filter ] --END-- [ RunTime:0.006848s ]
INFO: [ app_end ] --START--
INFO: Run Behavior\ShowPageTraceBehavior [ RunTime:0.005253s ]
INFO: [ app_end ] --END-- [ RunTime:0.005297s ]

[ 2019-11-07T22:06:12+08:00 ] 127.0.0.1 /home/index/img/intro-carousel/1.jpg
INFO: [ app_init ] --START--
INFO: Run Behavior\BuildLiteBehavior [ RunTime:0.000134s ]
INFO: [ app_init ] --END-- [ RunTime:0.001875s ]

[ 2019-11-07T22:28:08+08:00 ] 127.0.0.1 /
INFO: [ app_init ] --START--
INFO: Run Behavior\BuildLiteBehavior [ RunTime:0.000009s ]
INFO: [ app_init ] --END-- [ RunTime:0.000789s ]
INFO: [ app_begin ] --START--
INFO: Run Behavior\ReadHtmlCacheBehavior [ RunTime:0.004163s ]
INFO: [ app_begin ] --END-- [ RunTime:0.004210s ]
INFO: [ view_parse ] --START--
INFO: [ template_filter ] --START--
INFO: Run Behavior\ContentReplaceBehavior [ RunTime:0.000059s ]
INFO: [ template_filter ] --END-- [ RunTime:0.000096s ]
INFO: Run Behavior\ParseTemplateBehavior [ RunTime:0.023885s ]
INFO: [ view_parse ] --END-- [ RunTime:0.023927s ]
INFO: [ view_filter ] --START--
INFO: Run Behavior\WriteHtmlCacheBehavior [ RunTime:0.006685s ]
INFO: [ view_filter ] --END-- [ RunTime:0.006723s ]
INFO: [ app_end ] --START--
INFO: Run Behavior\ShowPageTraceBehavior [ RunTime:0.004398s ]
INFO: [ app_end ] --END-- [ RunTime:0.004431s ]

[ 2019-11-07T22:33:21+08:00 ] 127.0.0.1 /
INFO: [ app_init ] --START--
INFO: Run Behavior\BuildLiteBehavior [ RunTime:0.000029s ]
INFO: [ app_init ] --END-- [ RunTime:0.001712s ]
INFO: [ app_begin ] --START--
INFO: Run Behavior\ReadHtmlCacheBehavior [ RunTime:0.005126s ]
INFO: [ app_begin ] --END-- [ RunTime:0.005235s ]
INFO: [ view_parse ] --START--
INFO: [ template_filter ] --START--
INFO: Run Behavior\ContentReplaceBehavior [ RunTime:0.000063s ]
INFO: [ template_filter ] --END-- [ RunTime:0.000123s ]
INFO: Run Behavior\ParseTemplateBehavior [ RunTime:0.026020s ]
INFO: [ view_parse ] --END-- [ RunTime:0.026065s ]
INFO: [ view_filter ] --START--
INFO: Run Behavior\WriteHtmlCacheBehavior [ RunTime:0.004957s ]
INFO: [ view_filter ] --END-- [ RunTime:0.004990s ]
INFO: [ app_end ] --START--
INFO: Run Behavior\ShowPageTraceBehavior [ RunTime:0.006205s ]
INFO: [ app_end ] --END-- [ RunTime:0.006295s ]

[ 2019-11-07T22:34:31+08:00 ] 127.0.0.1 /
INFO: [ app_init ] --START--
INFO: Run Behavior\BuildLiteBehavior [ RunTime:0.000009s ]
INFO: [ app_init ] --END-- [ RunTime:0.000802s ]
INFO: [ app_begin ] --START--
INFO: Run Behavior\ReadHtmlCacheBehavior [ RunTime:0.005155s ]
INFO: [ app_begin ] --END-- [ RunTime:0.005201s ]
INFO: [ view_parse ] --START--
INFO: [ template_filter ] --START--
INFO: Run Behavior\ContentReplaceBehavior [ RunTime:0.000060s ]
INFO: [ template_filter ] --END-- [ RunTime:0.000101s ]
INFO: Run Behavior\ParseTemplateBehavior [ RunTime:0.024680s ]
INFO: [ view_parse ] --END-- [ RunTime:0.024750s ]
INFO: [ view_filter ] --START--
INFO: Run Behavior\WriteHtmlCacheBehavior [ RunTime:0.004446s ]
INFO: [ view_filter ] --END-- [ RunTime:0.004498s ]
INFO: [ app_end ] --START--
INFO: Run Behavior\ShowPageTraceBehavior [ RunTime:0.005803s ]
INFO: [ app_end ] --END-- [ RunTime:0.005867s ]

[ 2019-11-07T22:36:04+08:00 ] 127.0.0.1 /
INFO: [ app_init ] --START--
INFO: Run Behavior\BuildLiteBehavior [ RunTime:0.000024s ]
INFO: [ app_init ] --END-- [ RunTime:0.001223s ]
INFO: [ app_begin ] --START--
INFO: Run Behavior\ReadHtmlCacheBehavior [ RunTime:0.005488s ]
INFO: [ app_begin ] --END-- [ RunTime:0.005548s ]
INFO: [ view_parse ] --START--
INFO: [ template_filter ] --START--
INFO: Run Behavior\ContentReplaceBehavior [ RunTime:0.000060s ]
INFO: [ template_filter ] --END-- [ RunTime:0.000099s ]
INFO: Run Behavior\ParseTemplateBehavior [ RunTime:0.026585s ]
INFO: [ view_parse ] --END-- [ RunTime:0.026634s ]
INFO: [ view_filter ] --START--
INFO: Run Behavior\WriteHtmlCacheBehavior [ RunTime:0.004402s ]
INFO: [ view_filter ] --END-- [ RunTime:0.004432s ]
INFO: [ app_end ] --START--
INFO: Run Behavior\ShowPageTraceBehavior [ RunTime:0.004500s ]
INFO: [ app_end ] --END-- [ RunTime:0.004535s ]

[ 2019-11-07T22:36:23+08:00 ] 127.0.0.1 /
INFO: [ app_init ] --START--
INFO: Run Behavior\BuildLiteBehavior [ RunTime:0.000010s ]
INFO: [ app_init ] --END-- [ RunTime:0.000833s ]
INFO: [ app_begin ] --START--
INFO: Run Behavior\ReadHtmlCacheBehavior [ RunTime:0.004387s ]
INFO: [ app_begin ] --END-- [ RunTime:0.004436s ]
INFO: [ view_parse ] --START--
INFO: [ template_filter ] --START--
INFO: Run Behavior\ContentReplaceBehavior [ RunTime:0.000056s ]
INFO: [ template_filter ] --END-- [ RunTime:0.000095s ]
INFO: Run Behavior\ParseTemplateBehavior [ RunTime:0.028758s ]
INFO: [ view_parse ] --END-- [ RunTime:0.028839s ]
INFO: [ view_filter ] --START--
INFO: Run Behavior\WriteHtmlCacheBehavior [ RunTime:0.004527s ]
INFO: [ view_filter ] --END-- [ RunTime:0.004560s ]
INFO: [ app_end ] --START--
INFO: Run Behavior\ShowPageTraceBehavior [ RunTime:0.004856s ]
INFO: [ app_end ] --END-- [ RunTime:0.004890s ]

[ 2019-11-07T22:37:23+08:00 ] 127.0.0.1 /
INFO: [ app_init ] --START--
INFO: Run Behavior\BuildLiteBehavior [ RunTime:0.000009s ]
INFO: [ app_init ] --END-- [ RunTime:0.000806s ]
INFO: [ app_begin ] --START--
INFO: Run Behavior\ReadHtmlCacheBehavior [ RunTime:0.004125s ]
INFO: [ app_begin ] --END-- [ RunTime:0.004170s ]
INFO: [ view_parse ] --START--
INFO: [ template_filter ] --START--
INFO: Run Behavior\ContentReplaceBehavior [ RunTime:0.000056s ]
INFO: [ template_filter ] --END-- [ RunTime:0.000094s ]
INFO: Run Behavior\ParseTemplateBehavior [ RunTime:0.023596s ]
INFO: [ view_parse ] --END-- [ RunTime:0.023636s ]
INFO: [ view_filter ] --START--
INFO: Run Behavior\WriteHtmlCacheBehavior [ RunTime:0.006173s ]
INFO: [ view_filter ] --END-- [ RunTime:0.006287s ]
INFO: [ app_end ] --START--
INFO: Run Behavior\ShowPageTraceBehavior [ RunTime:0.004340s ]
INFO: [ app_end ] --END-- [ RunTime:0.004379s ]

[ 2019-11-07T22:40:15+08:00 ] 127.0.0.1 /
INFO: [ app_init ] --START--
INFO: Run Behavior\BuildLiteBehavior [ RunTime:0.000015s ]
INFO: [ app_init ] --END-- [ RunTime:0.001117s ]
INFO: [ app_begin ] --START--
INFO: Run Behavior\ReadHtmlCacheBehavior [ RunTime:0.005092s ]
INFO: [ app_begin ] --END-- [ RunTime:0.005189s ]
INFO: [ view_parse ] --START--
INFO: [ template_filter ] --START--
INFO: Run Behavior\ContentReplaceBehavior [ RunTime:0.000094s ]
INFO: [ template_filter ] --END-- [ RunTime:0.000138s ]
INFO: Run Behavior\ParseTemplateBehavior [ RunTime:0.025278s ]
INFO: [ view_parse ] --END-- [ RunTime:0.025357s ]
INFO: [ view_filter ] --START--
INFO: Run Behavior\WriteHtmlCacheBehavior [ RunTime:0.004010s ]
INFO: [ view_filter ] --END-- [ RunTime:0.004039s ]
INFO: [ app_end ] --START--
INFO: Run Behavior\ShowPageTraceBehavior [ RunTime:0.006190s ]
INFO: [ app_end ] --END-- [ RunTime:0.006229s ]

[ 2019-11-07T22:40:27+08:00 ] 127.0.0.1 /home/index/contact
INFO: [ app_init ] --START--
INFO: Run Behavior\BuildLiteBehavior [ RunTime:0.000010s ]
INFO: [ app_init ] --END-- [ RunTime:0.000785s ]
INFO: [ app_begin ] --START--
INFO: Run Behavior\ReadHtmlCacheBehavior [ RunTime:0.004023s ]
INFO: [ app_begin ] --END-- [ RunTime:0.004065s ]
INFO: [ view_parse ] --START--
INFO: [ template_filter ] --START--
INFO: Run Behavior\ContentReplaceBehavior [ RunTime:0.000075s ]
INFO: [ template_filter ] --END-- [ RunTime:0.000131s ]
INFO: Run Behavior\ParseTemplateBehavior [ RunTime:0.024684s ]
INFO: [ view_parse ] --END-- [ RunTime:0.024737s ]
INFO: [ view_filter ] --START--
INFO: Run Behavior\WriteHtmlCacheBehavior [ RunTime:0.007714s ]
INFO: [ view_filter ] --END-- [ RunTime:0.007753s ]
INFO: [ app_end ] --START--
INFO: Run Behavior\ShowPageTraceBehavior [ RunTime:0.004955s ]
INFO: [ app_end ] --END-- [ RunTime:0.004989s ]

[ 2019-11-07T22:40:38+08:00 ] 127.0.0.1 /home/index/index
INFO: [ app_init ] --START--
INFO: Run Behavior\BuildLiteBehavior [ RunTime:0.000010s ]
INFO: [ app_init ] --END-- [ RunTime:0.000809s ]
INFO: [ app_begin ] --START--
INFO: Run Behavior\ReadHtmlCacheBehavior [ RunTime:0.004162s ]
INFO: [ app_begin ] --END-- [ RunTime:0.004204s ]
INFO: [ view_parse ] --START--
INFO: [ template_filter ] --START--
INFO: Run Behavior\ContentReplaceBehavior [ RunTime:0.000054s ]
INFO: [ template_filter ] --END-- [ RunTime:0.000093s ]
INFO: Run Behavior\ParseTemplateBehavior [ RunTime:0.026000s ]
INFO: [ view_parse ] --END-- [ RunTime:0.026047s ]
INFO: [ view_filter ] --START--
INFO: Run Behavior\WriteHtmlCacheBehavior [ RunTime:0.006786s ]
INFO: [ view_filter ] --END-- [ RunTime:0.006825s ]
INFO: [ app_end ] --START--
INFO: Run Behavior\ShowPageTraceBehavior [ RunTime:0.004972s ]
INFO: [ app_end ] --END-- [ RunTime:0.005007s ]

[ 2019-11-07T22:40:38+08:00 ] 127.0.0.1 /home/index/img/intro-carousel/1.jpg
INFO: [ app_init ] --START--
INFO: Run Behavior\BuildLiteBehavior [ RunTime:0.000011s ]
INFO: [ app_init ] --END-- [ RunTime:0.001003s ]

[ 2019-11-07T22:45:00+08:00 ] 223.104.145.53 /jianli/
INFO: [ app_init ] --START--
INFO: Run Behavior\BuildLiteBehavior [ RunTime:0.000023s ]
INFO: [ app_init ] --END-- [ RunTime:0.002524s ]
INFO: [ app_begin ] --START--
INFO: Run Behavior\ReadHtmlCacheBehavior [ RunTime:0.004486s ]
INFO: [ app_begin ] --END-- [ RunTime:0.004558s ]
INFO: [ view_parse ] --START--
INFO: [ template_filter ] --START--
INFO: Run Behavior\ContentReplaceBehavior [ RunTime:0.000071s ]
INFO: [ template_filter ] --END-- [ RunTime:0.000135s ]
INFO: Run Behavior\ParseTemplateBehavior [ RunTime:0.020625s ]
INFO: [ view_parse ] --END-- [ RunTime:0.020697s ]
INFO: [ view_filter ] --START--
INFO: Run Behavior\WriteHtmlCacheBehavior [ RunTime:0.004020s ]
INFO: [ view_filter ] --END-- [ RunTime:0.004071s ]
INFO: [ app_end ] --START--
INFO: Run Behavior\ShowPageTraceBehavior [ RunTime:0.004364s ]
INFO: [ app_end ] --END-- [ RunTime:0.004422s ]

[ 2019-11-07T22:45:41+08:00 ] 122.194.68.146 /jianli/
INFO: [ app_init ] --START--
INFO: Run Behavior\BuildLiteBehavior [ RunTime:0.000020s ]
INFO: [ app_init ] --END-- [ RunTime:0.000447s ]
INFO: [ app_begin ] --START--
INFO: Run Behavior\ReadHtmlCacheBehavior [ RunTime:0.002132s ]
INFO: [ app_begin ] --END-- [ RunTime:0.002242s ]
INFO: [ view_parse ] --START--
INFO: [ template_filter ] --START--
INFO: Run Behavior\ContentReplaceBehavior [ RunTime:0.000077s ]
INFO: [ template_filter ] --END-- [ RunTime:0.000136s ]
INFO: Run Behavior\ParseTemplateBehavior [ RunTime:0.011479s ]
INFO: [ view_parse ] --END-- [ RunTime:0.011543s ]
INFO: [ view_filter ] --START--
INFO: Run Behavior\WriteHtmlCacheBehavior [ RunTime:0.001897s ]
INFO: [ view_filter ] --END-- [ RunTime:0.001937s ]
INFO: [ app_end ] --START--
INFO: Run Behavior\ShowPageTraceBehavior [ RunTime:0.001924s ]
INFO: [ app_end ] --END-- [ RunTime:0.001982s ]

[ 2019-11-07T22:48:29+08:00 ] 122.194.68.146 /jianli/
INFO: [ app_init ] --START--
INFO: Run Behavior\BuildLiteBehavior [ RunTime:0.000021s ]
INFO: [ app_init ] --END-- [ RunTime:0.000458s ]
INFO: [ app_begin ] --START--
INFO: Run Behavior\ReadHtmlCacheBehavior [ RunTime:0.001922s ]
INFO: [ app_begin ] --END-- [ RunTime:0.001986s ]
INFO: [ view_parse ] --START--
INFO: [ template_filter ] --START--
INFO: Run Behavior\ContentReplaceBehavior [ RunTime:0.000083s ]
INFO: [ template_filter ] --END-- [ RunTime:0.000149s ]
INFO: Run Behavior\ParseTemplateBehavior [ RunTime:0.012315s ]
INFO: [ view_parse ] --END-- [ RunTime:0.012380s ]
INFO: [ view_filter ] --START--
INFO: Run Behavior\WriteHtmlCacheBehavior [ RunTime:0.002226s ]
INFO: [ view_filter ] --END-- [ RunTime:0.002286s ]
INFO: [ app_end ] --START--
INFO: Run Behavior\ShowPageTraceBehavior [ RunTime:0.002176s ]
INFO: [ app_end ] --END-- [ RunTime:0.002242s ]

[ 2019-11-07T22:58:23+08:00 ] 223.104.145.53 /jianli/
INFO: [ app_init ] --START--
INFO: Run Behavior\BuildLiteBehavior [ RunTime:0.000019s ]
INFO: [ app_init ] --END-- [ RunTime:0.000454s ]
INFO: [ app_begin ] --START--
INFO: Run Behavior\ReadHtmlCacheBehavior [ RunTime:0.001895s ]
INFO: [ app_begin ] --END-- [ RunTime:0.001957s ]
INFO: [ view_parse ] --START--
INFO: [ template_filter ] --START--
INFO: Run Behavior\ContentReplaceBehavior [ RunTime:0.000077s ]
INFO: [ template_filter ] --END-- [ RunTime:0.000134s ]
INFO: Run Behavior\ParseTemplateBehavior [ RunTime:0.011204s ]
INFO: [ view_parse ] --END-- [ RunTime:0.011271s ]
INFO: [ view_filter ] --START--
INFO: Run Behavior\WriteHtmlCacheBehavior [ RunTime:0.001900s ]
INFO: [ view_filter ] --END-- [ RunTime:0.001941s ]
INFO: [ app_end ] --START--
INFO: Run Behavior\ShowPageTraceBehavior [ RunTime:0.001917s ]
INFO: [ app_end ] --END-- [ RunTime:0.001962s ]

[ 2019-11-07T22:58:53+08:00 ] 223.104.145.53 /jianli/
INFO: [ app_init ] --START--
INFO: Run Behavior\BuildLiteBehavior [ RunTime:0.000021s ]
INFO: [ app_init ] --END-- [ RunTime:0.000457s ]
INFO: [ app_begin ] --START--
INFO: Run Behavior\ReadHtmlCacheBehavior [ RunTime:0.001955s ]
INFO: [ app_begin ] --END-- [ RunTime:0.002024s ]
INFO: [ view_parse ] --START--
INFO: [ template_filter ] --START--
INFO: Run Behavior\ContentReplaceBehavior [ RunTime:0.000079s ]
INFO: [ template_filter ] --END-- [ RunTime:0.000142s ]
INFO: Run Behavior\ParseTemplateBehavior [ RunTime:0.011420s ]
INFO: [ view_parse ] --END-- [ RunTime:0.011488s ]
INFO: [ view_filter ] --START--
INFO: Run Behavior\WriteHtmlCacheBehavior [ RunTime:0.001908s ]
INFO: [ view_filter ] --END-- [ RunTime:0.001951s ]
INFO: [ app_end ] --START--
INFO: Run Behavior\ShowPageTraceBehavior [ RunTime:0.001917s ]
INFO: [ app_end ] --END-- [ RunTime:0.001964s ]

[ 2019-11-07T22:59:29+08:00 ] 223.104.145.53 /jianli/home/index
INFO: [ app_init ] --START--
INFO: Run Behavior\BuildLiteBehavior [ RunTime:0.000019s ]
INFO: [ app_init ] --END-- [ RunTime:0.000449s ]
INFO: [ app_begin ] --START--
INFO: Run Behavior\ReadHtmlCacheBehavior [ RunTime:0.002304s ]
INFO: [ app_begin ] --END-- [ RunTime:0.002390s ]
INFO: [ view_parse ] --START--
INFO: [ template_filter ] --START--
INFO: Run Behavior\ContentReplaceBehavior [ RunTime:0.000099s ]
INFO: [ template_filter ] --END-- [ RunTime:0.000179s ]
INFO: Run Behavior\ParseTemplateBehavior [ RunTime:0.013333s ]
INFO: [ view_parse ] --END-- [ RunTime:0.013414s ]
INFO: [ view_filter ] --START--
INFO: Run Behavior\WriteHtmlCacheBehavior [ RunTime:0.002414s ]
INFO: [ view_filter ] --END-- [ RunTime:0.002470s ]
INFO: [ app_end ] --START--
INFO: Run Behavior\ShowPageTraceBehavior [ RunTime:0.002352s ]
INFO: [ app_end ] --END-- [ RunTime:0.002412s ]

[ 2019-11-07T22:59:29+08:00 ] 223.104.145.53 /jianli/home/img/intro-carousel/1.jpg
INFO: [ app_init ] --START--
INFO: Run Behavior\BuildLiteBehavior [ RunTime:0.000022s ]
INFO: [ app_init ] --END-- [ RunTime:0.000466s ]

[ 2019-11-07T23:31:03+08:00 ] 223.104.145.53 /jianli/
INFO: [ app_init ] --START--
INFO: Run Behavior\BuildLiteBehavior [ RunTime:0.000020s ]
INFO: [ app_init ] --END-- [ RunTime:0.000438s ]
INFO: [ app_begin ] --START--
INFO: Run Behavior\ReadHtmlCacheBehavior [ RunTime:0.001974s ]
INFO: [ app_begin ] --END-- [ RunTime:0.002054s ]
INFO: [ view_parse ] --START--
INFO: [ template_filter ] --START--
INFO: Run Behavior\ContentReplaceBehavior [ RunTime:0.000077s ]
INFO: [ template_filter ] --END-- [ RunTime:0.000131s ]
INFO: Run Behavior\ParseTemplateBehavior [ RunTime:0.011379s ]
INFO: [ view_parse ] --END-- [ RunTime:0.011443s ]
INFO: [ view_filter ] --START--
INFO: Run Behavior\WriteHtmlCacheBehavior [ RunTime:0.001906s ]
INFO: [ view_filter ] --END-- [ RunTime:0.001948s ]
INFO: [ app_end ] --START--
INFO: Run Behavior\ShowPageTraceBehavior [ RunTime:0.001967s ]
INFO: [ app_end ] --END-- [ RunTime:0.002014s ]

