[ 2019-11-27T12:20:59+08:00 ] 127.0.0.1 /
INFO: [ app_init ] --START--
INFO: Run Behavior\BuildLiteBehavior [ RunTime:0.000011s ]
INFO: [ app_init ] --END-- [ RunTime:0.022575s ]
INFO: [ app_begin ] --START--
INFO: Run Behavior\ReadHtmlCacheBehavior [ RunTime:0.015287s ]
INFO: [ app_begin ] --END-- [ RunTime:0.015362s ]
SQL: SHOW COLUMNS FROM `liuyan` [ RunTime:0.0459s ]
SQL: SELECT * FROM `liuyan` ORDER BY id desc LIMIT 10   [ RunTime:0.0058s ]
INFO: [ view_parse ] --START--
INFO: [ template_filter ] --START--
INFO: Run Behavior\ContentReplaceBehavior [ RunTime:0.000906s ]
INFO: [ template_filter ] --END-- [ RunTime:0.001209s ]
INFO: Run Behavior\ParseTemplateBehavior [ RunTime:0.135215s ]
INFO: [ view_parse ] --END-- [ RunTime:0.135261s ]
INFO: [ view_filter ] --START--
INFO: Run Behavior\WriteHtmlCacheBehavior [ RunTime:0.025076s ]
INFO: [ view_filter ] --END-- [ RunTime:0.025225s ]
INFO: [ app_end ] --START--
INFO: Run Behavior\ShowPageTraceBehavior [ RunTime:0.025115s ]
INFO: [ app_end ] --END-- [ RunTime:0.025168s ]

[ 2019-11-27T12:23:16+08:00 ] 127.0.0.1 /
INFO: [ app_init ] --START--
INFO: Run Behavior\BuildLiteBehavior [ RunTime:0.000023s ]
INFO: [ app_init ] --END-- [ RunTime:0.000868s ]
INFO: [ app_begin ] --START--
INFO: Run Behavior\ReadHtmlCacheBehavior [ RunTime:0.008076s ]
INFO: [ app_begin ] --END-- [ RunTime:0.008133s ]
SQL: SHOW COLUMNS FROM `liuyan` [ RunTime:0.0080s ]
SQL: SELECT * FROM `liuyan` ORDER BY id desc LIMIT 10   [ RunTime:0.0003s ]
INFO: [ view_parse ] --START--
INFO: [ template_filter ] --START--
INFO: Run Behavior\ContentReplaceBehavior [ RunTime:0.000065s ]
INFO: [ template_filter ] --END-- [ RunTime:0.000105s ]
INFO: Run Behavior\ParseTemplateBehavior [ RunTime:0.033761s ]
INFO: [ view_parse ] --END-- [ RunTime:0.033808s ]
INFO: [ view_filter ] --START--
INFO: Run Behavior\WriteHtmlCacheBehavior [ RunTime:0.004450s ]
INFO: [ view_filter ] --END-- [ RunTime:0.004482s ]
INFO: [ app_end ] --START--
INFO: Run Behavior\ShowPageTraceBehavior [ RunTime:0.008786s ]
INFO: [ app_end ] --END-- [ RunTime:0.008845s ]

[ 2019-11-27T12:25:04+08:00 ] 127.0.0.1 /
INFO: [ app_init ] --START--
INFO: Run Behavior\BuildLiteBehavior [ RunTime:0.000012s ]
INFO: [ app_init ] --END-- [ RunTime:0.001435s ]
INFO: [ app_begin ] --START--
INFO: Run Behavior\ReadHtmlCacheBehavior [ RunTime:0.004495s ]
INFO: [ app_begin ] --END-- [ RunTime:0.004545s ]
SQL: SHOW COLUMNS FROM `liuyan` [ RunTime:0.0070s ]
SQL: SELECT * FROM `liuyan` ORDER BY id desc LIMIT 10   [ RunTime:0.0003s ]
INFO: [ view_parse ] --START--
INFO: [ template_filter ] --START--
INFO: Run Behavior\ContentReplaceBehavior [ RunTime:0.000055s ]
INFO: [ template_filter ] --END-- [ RunTime:0.000095s ]
INFO: Run Behavior\ParseTemplateBehavior [ RunTime:0.031513s ]
INFO: [ view_parse ] --END-- [ RunTime:0.031567s ]
INFO: [ view_filter ] --START--
INFO: Run Behavior\WriteHtmlCacheBehavior [ RunTime:0.004576s ]
INFO: [ view_filter ] --END-- [ RunTime:0.004612s ]
INFO: [ app_end ] --START--
INFO: Run Behavior\ShowPageTraceBehavior [ RunTime:0.005317s ]
INFO: [ app_end ] --END-- [ RunTime:0.005368s ]

[ 2019-11-27T12:26:10+08:00 ] 127.0.0.1 /
INFO: [ app_init ] --START--
INFO: Run Behavior\BuildLiteBehavior [ RunTime:0.000011s ]
INFO: [ app_init ] --END-- [ RunTime:0.000878s ]
INFO: [ app_begin ] --START--
INFO: Run Behavior\ReadHtmlCacheBehavior [ RunTime:0.007884s ]
INFO: [ app_begin ] --END-- [ RunTime:0.007946s ]
SQL: SHOW COLUMNS FROM `liuyan` [ RunTime:0.0097s ]
SQL: SELECT * FROM `liuyan` ORDER BY id desc LIMIT 10   [ RunTime:0.0003s ]
INFO: [ view_parse ] --START--
INFO: [ template_filter ] --START--
INFO: Run Behavior\ContentReplaceBehavior [ RunTime:0.000060s ]
INFO: [ template_filter ] --END-- [ RunTime:0.000102s ]
INFO: Run Behavior\ParseTemplateBehavior [ RunTime:0.030684s ]
INFO: [ view_parse ] --END-- [ RunTime:0.030749s ]
INFO: [ view_filter ] --START--
INFO: Run Behavior\WriteHtmlCacheBehavior [ RunTime:0.004885s ]
INFO: [ view_filter ] --END-- [ RunTime:0.004925s ]
INFO: [ app_end ] --START--
INFO: Run Behavior\ShowPageTraceBehavior [ RunTime:0.015154s ]
INFO: [ app_end ] --END-- [ RunTime:0.015198s ]

[ 2019-11-27T12:46:46+08:00 ] 127.0.0.1 /
INFO: [ app_init ] --START--
INFO: Run Behavior\BuildLiteBehavior [ RunTime:0.000011s ]
INFO: [ app_init ] --END-- [ RunTime:0.000893s ]
INFO: [ app_begin ] --START--
INFO: Run Behavior\ReadHtmlCacheBehavior [ RunTime:0.008362s ]
INFO: [ app_begin ] --END-- [ RunTime:0.008419s ]
SQL: SHOW COLUMNS FROM `liuyan` [ RunTime:0.0069s ]
SQL: SELECT * FROM `liuyan` ORDER BY id desc LIMIT 10   [ RunTime:0.0002s ]
INFO: [ view_parse ] --START--
INFO: [ template_filter ] --START--
INFO: Run Behavior\ContentReplaceBehavior [ RunTime:0.000085s ]
INFO: [ template_filter ] --END-- [ RunTime:0.000129s ]
INFO: Run Behavior\ParseTemplateBehavior [ RunTime:0.030138s ]
INFO: [ view_parse ] --END-- [ RunTime:0.030189s ]
INFO: [ view_filter ] --START--
INFO: Run Behavior\WriteHtmlCacheBehavior [ RunTime:0.004513s ]
INFO: [ view_filter ] --END-- [ RunTime:0.004553s ]
INFO: [ app_end ] --START--
INFO: Run Behavior\ShowPageTraceBehavior [ RunTime:0.007993s ]
INFO: [ app_end ] --END-- [ RunTime:0.008081s ]

[ 2019-11-27T12:49:11+08:00 ] 127.0.0.1 /home/index/live2d
INFO: [ app_init ] --START--
INFO: Run Behavior\BuildLiteBehavior [ RunTime:0.000015s ]
INFO: [ app_init ] --END-- [ RunTime:0.002467s ]
INFO: [ app_begin ] --START--
INFO: Run Behavior\ReadHtmlCacheBehavior [ RunTime:0.005261s ]
INFO: [ app_begin ] --END-- [ RunTime:0.005310s ]
INFO: [ view_parse ] --START--
INFO: [ template_filter ] --START--
INFO: Run Behavior\ContentReplaceBehavior [ RunTime:0.012957s ]
INFO: [ template_filter ] --END-- [ RunTime:0.013007s ]
INFO: Run Behavior\ParseTemplateBehavior [ RunTime:0.038140s ]
INFO: [ view_parse ] --END-- [ RunTime:0.038189s ]
INFO: [ view_filter ] --START--
INFO: Run Behavior\WriteHtmlCacheBehavior [ RunTime:0.006857s ]
INFO: [ view_filter ] --END-- [ RunTime:0.006894s ]
INFO: [ app_end ] --START--
INFO: Run Behavior\ShowPageTraceBehavior [ RunTime:0.004197s ]
INFO: [ app_end ] --END-- [ RunTime:0.004264s ]

[ 2019-11-27T12:49:54+08:00 ] 127.0.0.1 /home/index/live2d
INFO: [ app_init ] --START--
INFO: Run Behavior\BuildLiteBehavior [ RunTime:0.000010s ]
INFO: [ app_init ] --END-- [ RunTime:0.000835s ]
INFO: [ app_begin ] --START--
INFO: Run Behavior\ReadHtmlCacheBehavior [ RunTime:0.004372s ]
INFO: [ app_begin ] --END-- [ RunTime:0.004416s ]
INFO: [ view_parse ] --START--
INFO: [ template_filter ] --START--
INFO: Run Behavior\ContentReplaceBehavior [ RunTime:0.000026s ]
INFO: [ template_filter ] --END-- [ RunTime:0.000063s ]
INFO: Run Behavior\ParseTemplateBehavior [ RunTime:0.027620s ]
INFO: [ view_parse ] --END-- [ RunTime:0.027673s ]
INFO: [ view_filter ] --START--
INFO: Run Behavior\WriteHtmlCacheBehavior [ RunTime:0.004147s ]
INFO: [ view_filter ] --END-- [ RunTime:0.004175s ]
INFO: [ app_end ] --START--
INFO: Run Behavior\ShowPageTraceBehavior [ RunTime:0.004601s ]
INFO: [ app_end ] --END-- [ RunTime:0.004631s ]

[ 2019-11-27T12:50:25+08:00 ] 127.0.0.1 /home/index/live2d
INFO: [ app_init ] --START--
INFO: Run Behavior\BuildLiteBehavior [ RunTime:0.000010s ]
INFO: [ app_init ] --END-- [ RunTime:0.000883s ]
INFO: [ app_begin ] --START--
INFO: Run Behavior\ReadHtmlCacheBehavior [ RunTime:0.007427s ]
INFO: [ app_begin ] --END-- [ RunTime:0.007521s ]
INFO: [ view_parse ] --START--
INFO: [ template_filter ] --START--
INFO: Run Behavior\ContentReplaceBehavior [ RunTime:0.000025s ]
INFO: [ template_filter ] --END-- [ RunTime:0.000061s ]
INFO: Run Behavior\ParseTemplateBehavior [ RunTime:0.026774s ]
INFO: [ view_parse ] --END-- [ RunTime:0.026826s ]
INFO: [ view_filter ] --START--
INFO: Run Behavior\WriteHtmlCacheBehavior [ RunTime:0.004602s ]
INFO: [ view_filter ] --END-- [ RunTime:0.004632s ]
INFO: [ app_end ] --START--
INFO: Run Behavior\ShowPageTraceBehavior [ RunTime:0.004271s ]
INFO: [ app_end ] --END-- [ RunTime:0.004302s ]

