[ 2019-11-20T13:52:42+08:00 ] 222.95.220.55 /jianli/
INFO: [ app_init ] --START--
INFO: Run Behavior\BuildLiteBehavior [ RunTime:0.000024s ]
INFO: [ app_init ] --END-- [ RunTime:0.000913s ]
INFO: [ app_begin ] --START--
INFO: Run Behavior\ReadHtmlCacheBehavior [ RunTime:0.002126s ]
INFO: [ app_begin ] --END-- [ RunTime:0.002217s ]
SQL: SHOW COLUMNS FROM `liuyan` [ RunTime:0.0014s ]
SQL: SELECT * FROM `liuyan` ORDER BY id desc LIMIT 10   [ RunTime:0.0003s ]
INFO: [ view_parse ] --START--
INFO: [ template_filter ] --START--
INFO: Run Behavior\ContentReplaceBehavior [ RunTime:0.000078s ]
INFO: [ template_filter ] --END-- [ RunTime:0.000142s ]
INFO: Run Behavior\ParseTemplateBehavior [ RunTime:0.013649s ]
INFO: [ view_parse ] --END-- [ RunTime:0.013732s ]
INFO: [ view_filter ] --START--
INFO: Run Behavior\WriteHtmlCacheBehavior [ RunTime:0.002166s ]
INFO: [ view_filter ] --END-- [ RunTime:0.002221s ]
INFO: [ app_end ] --START--
INFO: Run Behavior\ShowPageTraceBehavior [ RunTime:0.002178s ]
INFO: [ app_end ] --END-- [ RunTime:0.002240s ]

[ 2019-11-20T13:52:47+08:00 ] 222.95.220.55 /jianli/home/index/login
INFO: [ app_init ] --START--
INFO: Run Behavior\BuildLiteBehavior [ RunTime:0.000024s ]
INFO: [ app_init ] --END-- [ RunTime:0.000562s ]
INFO: [ app_begin ] --START--
INFO: Run Behavior\ReadHtmlCacheBehavior [ RunTime:0.002116s ]
INFO: [ app_begin ] --END-- [ RunTime:0.002217s ]
INFO: [ view_parse ] --START--
INFO: [ template_filter ] --START--
INFO: Run Behavior\ContentReplaceBehavior [ RunTime:0.000066s ]
INFO: [ template_filter ] --END-- [ RunTime:0.000171s ]
INFO: Run Behavior\ParseTemplateBehavior [ RunTime:0.012570s ]
INFO: [ view_parse ] --END-- [ RunTime:0.012674s ]
INFO: [ view_filter ] --START--
INFO: Run Behavior\WriteHtmlCacheBehavior [ RunTime:0.002122s ]
INFO: [ view_filter ] --END-- [ RunTime:0.002178s ]
INFO: [ app_end ] --START--
INFO: Run Behavior\ShowPageTraceBehavior [ RunTime:0.002085s ]
INFO: [ app_end ] --END-- [ RunTime:0.002150s ]

[ 2019-11-20T13:52:47+08:00 ] 222.95.220.55 /jianli/home/index/yzm
INFO: [ app_init ] --START--
INFO: Run Behavior\BuildLiteBehavior [ RunTime:0.000022s ]
INFO: [ app_init ] --END-- [ RunTime:0.000543s ]
INFO: [ app_begin ] --START--
INFO: Run Behavior\ReadHtmlCacheBehavior [ RunTime:0.001903s ]
INFO: [ app_begin ] --END-- [ RunTime:0.001970s ]
ERR: 模板不存在:./Application/Home/View/Index/yzm.html

[ 2019-11-20T13:52:56+08:00 ] 222.95.220.55 /jianli/home/index/yzm?0.95922551366255
INFO: [ app_init ] --START--
INFO: Run Behavior\BuildLiteBehavior [ RunTime:0.000023s ]
INFO: [ app_init ] --END-- [ RunTime:0.000503s ]
INFO: [ app_begin ] --START--
INFO: Run Behavior\ReadHtmlCacheBehavior [ RunTime:0.002085s ]
INFO: [ app_begin ] --END-- [ RunTime:0.002157s ]
ERR: 模板不存在:./Application/Home/View/Index/yzm.html

[ 2019-11-20T13:53:02+08:00 ] 222.95.220.55 /jianli/home/index/login
INFO: [ app_init ] --START--
INFO: Run Behavior\BuildLiteBehavior [ RunTime:0.000019s ]
INFO: [ app_init ] --END-- [ RunTime:0.000464s ]
INFO: [ app_begin ] --START--
INFO: Run Behavior\ReadHtmlCacheBehavior [ RunTime:0.001885s ]
INFO: [ app_begin ] --END-- [ RunTime:0.001963s ]
SQL: SHOW COLUMNS FROM `uer` [ RunTime:0.0013s ]
SQL: SELECT * FROM `uer` WHERE ( uername='Username' )  [ RunTime:0.0003s ]
INFO: [ view_parse ] --START--
INFO: [ template_filter ] --START--
INFO: Run Behavior\ContentReplaceBehavior [ RunTime:0.000046s ]
INFO: [ template_filter ] --END-- [ RunTime:0.000103s ]
INFO: Run Behavior\ParseTemplateBehavior [ RunTime:0.009314s ]
INFO: [ view_parse ] --END-- [ RunTime:0.009386s ]
INFO: [ view_filter ] --START--
INFO: Run Behavior\WriteHtmlCacheBehavior [ RunTime:0.001912s ]
INFO: [ view_filter ] --END-- [ RunTime:0.001956s ]
INFO: [ view_parse ] --START--
INFO: [ template_filter ] --START--
INFO: Run Behavior\ContentReplaceBehavior [ RunTime:0.000046s ]
INFO: [ template_filter ] --END-- [ RunTime:-0.009042s ]
INFO: Run Behavior\ParseTemplateBehavior [ RunTime:0.006255s ]
INFO: [ view_parse ] --END-- [ RunTime:-0.003086s ]
INFO: [ view_filter ] --START--
INFO: Run Behavior\WriteHtmlCacheBehavior [ RunTime:0.000014s ]
INFO: [ view_filter ] --END-- [ RunTime:-0.007421s ]
INFO: [ app_end ] --START--
INFO: Run Behavior\ShowPageTraceBehavior [ RunTime:0.001956s ]
INFO: [ app_end ] --END-- [ RunTime:0.002000s ]

[ 2019-11-20T13:53:02+08:00 ] 222.95.220.55 /jianli/home/index/yzm
INFO: [ app_init ] --START--
INFO: Run Behavior\BuildLiteBehavior [ RunTime:0.000021s ]
INFO: [ app_init ] --END-- [ RunTime:0.000511s ]
INFO: [ app_begin ] --START--
INFO: Run Behavior\ReadHtmlCacheBehavior [ RunTime:0.001907s ]
INFO: [ app_begin ] --END-- [ RunTime:0.001978s ]
ERR: 模板不存在:./Application/Home/View/Index/yzm.html

[ 2019-11-20T13:53:03+08:00 ] 222.95.220.55 /jianli/home/index/login
INFO: [ app_init ] --START--
INFO: Run Behavior\BuildLiteBehavior [ RunTime:0.000022s ]
INFO: [ app_init ] --END-- [ RunTime:0.000469s ]
INFO: [ app_begin ] --START--
INFO: Run Behavior\ReadHtmlCacheBehavior [ RunTime:0.001898s ]
INFO: [ app_begin ] --END-- [ RunTime:0.001971s ]
INFO: [ view_parse ] --START--
INFO: [ template_filter ] --START--
INFO: Run Behavior\ContentReplaceBehavior [ RunTime:0.000058s ]
INFO: [ template_filter ] --END-- [ RunTime:0.000128s ]
INFO: Run Behavior\ParseTemplateBehavior [ RunTime:0.011057s ]
INFO: [ view_parse ] --END-- [ RunTime:0.011135s ]
INFO: [ view_filter ] --START--
INFO: Run Behavior\WriteHtmlCacheBehavior [ RunTime:0.001921s ]
INFO: [ view_filter ] --END-- [ RunTime:0.001965s ]
INFO: [ app_end ] --START--
INFO: Run Behavior\ShowPageTraceBehavior [ RunTime:0.001915s ]
INFO: [ app_end ] --END-- [ RunTime:0.001964s ]

[ 2019-11-20T13:53:03+08:00 ] 222.95.220.55 /jianli/home/index/yzm
INFO: [ app_init ] --START--
INFO: Run Behavior\BuildLiteBehavior [ RunTime:0.000023s ]
INFO: [ app_init ] --END-- [ RunTime:0.000456s ]
INFO: [ app_begin ] --START--
INFO: Run Behavior\ReadHtmlCacheBehavior [ RunTime:0.001892s ]
INFO: [ app_begin ] --END-- [ RunTime:0.001967s ]
ERR: 模板不存在:./Application/Home/View/Index/yzm.html

[ 2019-11-20T13:53:06+08:00 ] 222.95.220.55 /jianli/home/index/yzm?0.34552814190316883
INFO: [ app_init ] --START--
INFO: Run Behavior\BuildLiteBehavior [ RunTime:0.000022s ]
INFO: [ app_init ] --END-- [ RunTime:0.000455s ]
INFO: [ app_begin ] --START--
INFO: Run Behavior\ReadHtmlCacheBehavior [ RunTime:0.001888s ]
INFO: [ app_begin ] --END-- [ RunTime:0.001953s ]
ERR: 模板不存在:./Application/Home/View/Index/yzm.html

[ 2019-11-20T13:53:14+08:00 ] 222.95.220.55 /jianli/home/index/login
INFO: [ app_init ] --START--
INFO: Run Behavior\BuildLiteBehavior [ RunTime:0.000021s ]
INFO: [ app_init ] --END-- [ RunTime:0.000454s ]
INFO: [ app_begin ] --START--
INFO: Run Behavior\ReadHtmlCacheBehavior [ RunTime:0.001888s ]
INFO: [ app_begin ] --END-- [ RunTime:0.001962s ]
SQL: SHOW COLUMNS FROM `uer` [ RunTime:0.0013s ]
SQL: SELECT * FROM `uer` WHERE ( uername='Username' )  [ RunTime:0.0003s ]
INFO: [ view_parse ] --START--
INFO: [ template_filter ] --START--
INFO: Run Behavior\ContentReplaceBehavior [ RunTime:0.000044s ]
INFO: [ template_filter ] --END-- [ RunTime:0.000104s ]
INFO: Run Behavior\ParseTemplateBehavior [ RunTime:0.009552s ]
INFO: [ view_parse ] --END-- [ RunTime:0.009623s ]
INFO: [ view_filter ] --START--
INFO: Run Behavior\WriteHtmlCacheBehavior [ RunTime:0.001895s ]
INFO: [ view_filter ] --END-- [ RunTime:0.001939s ]
INFO: [ view_parse ] --START--
INFO: [ template_filter ] --START--
INFO: Run Behavior\ContentReplaceBehavior [ RunTime:0.000049s ]
INFO: [ template_filter ] --END-- [ RunTime:-0.009037s ]
INFO: Run Behavior\ParseTemplateBehavior [ RunTime:0.006147s ]
INFO: [ view_parse ] --END-- [ RunTime:-0.003040s ]
INFO: [ view_filter ] --START--
INFO: Run Behavior\WriteHtmlCacheBehavior [ RunTime:0.000016s ]
INFO: [ view_filter ] --END-- [ RunTime:-0.007301s ]
INFO: [ app_end ] --START--
INFO: Run Behavior\ShowPageTraceBehavior [ RunTime:0.001962s ]
INFO: [ app_end ] --END-- [ RunTime:0.002007s ]

[ 2019-11-20T13:53:14+08:00 ] 222.95.220.55 /jianli/home/index/yzm
INFO: [ app_init ] --START--
INFO: Run Behavior\BuildLiteBehavior [ RunTime:0.000020s ]
INFO: [ app_init ] --END-- [ RunTime:0.000473s ]
INFO: [ app_begin ] --START--
INFO: Run Behavior\ReadHtmlCacheBehavior [ RunTime:0.001890s ]
INFO: [ app_begin ] --END-- [ RunTime:0.001959s ]
ERR: 模板不存在:./Application/Home/View/Index/yzm.html

[ 2019-11-20T13:53:15+08:00 ] 222.95.220.55 /jianli/home/index/login
INFO: [ app_init ] --START--
INFO: Run Behavior\BuildLiteBehavior [ RunTime:0.000020s ]
INFO: [ app_init ] --END-- [ RunTime:0.000459s ]
INFO: [ app_begin ] --START--
INFO: Run Behavior\ReadHtmlCacheBehavior [ RunTime:0.001914s ]
INFO: [ app_begin ] --END-- [ RunTime:0.001987s ]
INFO: [ view_parse ] --START--
INFO: [ template_filter ] --START--
INFO: Run Behavior\ContentReplaceBehavior [ RunTime:0.000069s ]
INFO: [ template_filter ] --END-- [ RunTime:0.000137s ]
INFO: Run Behavior\ParseTemplateBehavior [ RunTime:0.010975s ]
INFO: [ view_parse ] --END-- [ RunTime:0.011056s ]
INFO: [ view_filter ] --START--
INFO: Run Behavior\WriteHtmlCacheBehavior [ RunTime:0.001920s ]
INFO: [ view_filter ] --END-- [ RunTime:0.001965s ]
INFO: [ app_end ] --START--
INFO: Run Behavior\ShowPageTraceBehavior [ RunTime:0.002083s ]
INFO: [ app_end ] --END-- [ RunTime:0.002133s ]

[ 2019-11-20T13:53:15+08:00 ] 222.95.220.55 /jianli/home/index/yzm
INFO: [ app_init ] --START--
INFO: Run Behavior\BuildLiteBehavior [ RunTime:0.000022s ]
INFO: [ app_init ] --END-- [ RunTime:0.000466s ]
INFO: [ app_begin ] --START--
INFO: Run Behavior\ReadHtmlCacheBehavior [ RunTime:0.001902s ]
INFO: [ app_begin ] --END-- [ RunTime:0.001987s ]
ERR: 模板不存在:./Application/Home/View/Index/yzm.html

[ 2019-11-20T13:53:19+08:00 ] 222.95.220.55 /jianli/home/index/yzm?0.44058429860216685
INFO: [ app_init ] --START--
INFO: Run Behavior\BuildLiteBehavior [ RunTime:0.000133s ]
INFO: [ app_init ] --END-- [ RunTime:0.000852s ]
INFO: [ app_begin ] --START--
INFO: Run Behavior\ReadHtmlCacheBehavior [ RunTime:0.002997s ]
INFO: [ app_begin ] --END-- [ RunTime:0.003114s ]
ERR: 模板不存在:./Application/Home/View/Index/yzm.html

[ 2019-11-20T13:53:20+08:00 ] 222.95.220.55 /jianli/home/index/yzm?0.44058429860216685?0.6293318245327484
INFO: [ app_init ] --START--
INFO: Run Behavior\BuildLiteBehavior [ RunTime:0.000022s ]
INFO: [ app_init ] --END-- [ RunTime:0.000502s ]
INFO: [ app_begin ] --START--
INFO: Run Behavior\ReadHtmlCacheBehavior [ RunTime:0.002013s ]
INFO: [ app_begin ] --END-- [ RunTime:0.002090s ]
ERR: 模板不存在:./Application/Home/View/Index/yzm.html

[ 2019-11-20T13:53:21+08:00 ] 222.95.220.55 /jianli/home/index/yzm?0.44058429860216685?0.6293318245327484?0.9629017636227373
INFO: [ app_init ] --START--
INFO: Run Behavior\BuildLiteBehavior [ RunTime:0.000021s ]
INFO: [ app_init ] --END-- [ RunTime:0.000470s ]
INFO: [ app_begin ] --START--
INFO: Run Behavior\ReadHtmlCacheBehavior [ RunTime:0.002027s ]
INFO: [ app_begin ] --END-- [ RunTime:0.002113s ]
ERR: 模板不存在:./Application/Home/View/Index/yzm.html

[ 2019-11-20T13:53:22+08:00 ] 222.95.220.55 /jianli/home/index/yzm?0.44058429860216685?0.6293318245327484?0.9629017636227373?0.32799357494502046
INFO: [ app_init ] --START--
INFO: Run Behavior\BuildLiteBehavior [ RunTime:0.000021s ]
INFO: [ app_init ] --END-- [ RunTime:0.000467s ]
INFO: [ app_begin ] --START--
INFO: Run Behavior\ReadHtmlCacheBehavior [ RunTime:0.002026s ]
INFO: [ app_begin ] --END-- [ RunTime:0.002118s ]
ERR: 模板不存在:./Application/Home/View/Index/yzm.html

[ 2019-11-20T13:53:29+08:00 ] 222.95.220.55 /jianli/home/index/login
INFO: [ app_init ] --START--
INFO: Run Behavior\BuildLiteBehavior [ RunTime:0.000020s ]
INFO: [ app_init ] --END-- [ RunTime:0.000468s ]
INFO: [ app_begin ] --START--
INFO: Run Behavior\ReadHtmlCacheBehavior [ RunTime:0.001885s ]
INFO: [ app_begin ] --END-- [ RunTime:0.001960s ]
SQL: SHOW COLUMNS FROM `uer` [ RunTime:0.0014s ]
SQL: SELECT * FROM `uer` WHERE ( uername='Username' )  [ RunTime:0.0003s ]
INFO: [ view_parse ] --START--
INFO: [ template_filter ] --START--
INFO: Run Behavior\ContentReplaceBehavior [ RunTime:0.000045s ]
INFO: [ template_filter ] --END-- [ RunTime:0.000104s ]
INFO: Run Behavior\ParseTemplateBehavior [ RunTime:0.009553s ]
INFO: [ view_parse ] --END-- [ RunTime:0.009626s ]
INFO: [ view_filter ] --START--
INFO: Run Behavior\WriteHtmlCacheBehavior [ RunTime:0.002024s ]
INFO: [ view_filter ] --END-- [ RunTime:0.002070s ]
INFO: [ view_parse ] --START--
INFO: [ template_filter ] --START--
INFO: Run Behavior\ContentReplaceBehavior [ RunTime:0.000046s ]
INFO: [ template_filter ] --END-- [ RunTime:-0.009302s ]
INFO: Run Behavior\ParseTemplateBehavior [ RunTime:0.006382s ]
INFO: [ view_parse ] --END-- [ RunTime:-0.003266s ]
INFO: [ view_filter ] --START--
INFO: Run Behavior\WriteHtmlCacheBehavior [ RunTime:0.000023s ]
INFO: [ view_filter ] --END-- [ RunTime:-0.007641s ]
INFO: [ app_end ] --START--
INFO: Run Behavior\ShowPageTraceBehavior [ RunTime:0.002187s ]
INFO: [ app_end ] --END-- [ RunTime:0.002248s ]

[ 2019-11-20T13:53:29+08:00 ] 222.95.220.55 /jianli/home/index/yzm
INFO: [ app_init ] --START--
INFO: Run Behavior\BuildLiteBehavior [ RunTime:0.000022s ]
INFO: [ app_init ] --END-- [ RunTime:0.000525s ]
INFO: [ app_begin ] --START--
INFO: Run Behavior\ReadHtmlCacheBehavior [ RunTime:0.001946s ]
INFO: [ app_begin ] --END-- [ RunTime:0.002032s ]
ERR: 模板不存在:./Application/Home/View/Index/yzm.html

[ 2019-11-20T13:53:30+08:00 ] 222.95.220.55 /jianli/home/index/login
INFO: [ app_init ] --START--
INFO: Run Behavior\BuildLiteBehavior [ RunTime:0.000030s ]
INFO: [ app_init ] --END-- [ RunTime:0.000466s ]
INFO: [ app_begin ] --START--
INFO: Run Behavior\ReadHtmlCacheBehavior [ RunTime:0.001942s ]
INFO: [ app_begin ] --END-- [ RunTime:0.002022s ]
INFO: [ view_parse ] --START--
INFO: [ template_filter ] --START--
INFO: Run Behavior\ContentReplaceBehavior [ RunTime:0.000056s ]
INFO: [ template_filter ] --END-- [ RunTime:0.000131s ]
INFO: Run Behavior\ParseTemplateBehavior [ RunTime:0.011173s ]
INFO: [ view_parse ] --END-- [ RunTime:0.011262s ]
INFO: [ view_filter ] --START--
INFO: Run Behavior\WriteHtmlCacheBehavior [ RunTime:0.002193s ]
INFO: [ view_filter ] --END-- [ RunTime:0.002257s ]
INFO: [ app_end ] --START--
INFO: Run Behavior\ShowPageTraceBehavior [ RunTime:0.001916s ]
INFO: [ app_end ] --END-- [ RunTime:0.001964s ]

[ 2019-11-20T13:53:30+08:00 ] 222.95.220.55 /jianli/home/index/yzm
INFO: [ app_init ] --START--
INFO: Run Behavior\BuildLiteBehavior [ RunTime:0.000032s ]
INFO: [ app_init ] --END-- [ RunTime:0.000506s ]
INFO: [ app_begin ] --START--
INFO: Run Behavior\ReadHtmlCacheBehavior [ RunTime:0.001908s ]
INFO: [ app_begin ] --END-- [ RunTime:0.001986s ]
ERR: 模板不存在:./Application/Home/View/Index/yzm.html

[ 2019-11-20T13:53:35+08:00 ] 222.95.220.55 /jianli/home/index/lostpassword
INFO: [ app_init ] --START--
INFO: Run Behavior\BuildLiteBehavior [ RunTime:0.000032s ]
INFO: [ app_init ] --END-- [ RunTime:0.000840s ]
INFO: [ app_begin ] --START--
INFO: Run Behavior\ReadHtmlCacheBehavior [ RunTime:0.002929s ]
INFO: [ app_begin ] --END-- [ RunTime:0.003027s ]
INFO: [ view_parse ] --START--
INFO: [ template_filter ] --START--
INFO: Run Behavior\ContentReplaceBehavior [ RunTime:0.000090s ]
INFO: [ template_filter ] --END-- [ RunTime:0.000187s ]
INFO: Run Behavior\ParseTemplateBehavior [ RunTime:0.027258s ]
INFO: [ view_parse ] --END-- [ RunTime:0.027368s ]
INFO: [ view_filter ] --START--
INFO: Run Behavior\WriteHtmlCacheBehavior [ RunTime:0.002996s ]
INFO: [ view_filter ] --END-- [ RunTime:0.003086s ]
INFO: [ app_end ] --START--
INFO: Run Behavior\ShowPageTraceBehavior [ RunTime:0.002961s ]
INFO: [ app_end ] --END-- [ RunTime:0.003051s ]

[ 2019-11-20T14:55:32+08:00 ] 117.136.67.228 /jianli/
INFO: [ app_init ] --START--
INFO: Run Behavior\BuildLiteBehavior [ RunTime:0.000020s ]
INFO: [ app_init ] --END-- [ RunTime:0.000456s ]
INFO: [ app_begin ] --START--
INFO: Run Behavior\ReadHtmlCacheBehavior [ RunTime:0.001883s ]
INFO: [ app_begin ] --END-- [ RunTime:0.001943s ]
SQL: SHOW COLUMNS FROM `liuyan` [ RunTime:0.0013s ]
SQL: SELECT * FROM `liuyan` ORDER BY id desc LIMIT 10   [ RunTime:0.0003s ]
INFO: [ view_parse ] --START--
INFO: [ template_filter ] --START--
INFO: Run Behavior\ContentReplaceBehavior [ RunTime:0.000070s ]
INFO: [ template_filter ] --END-- [ RunTime:0.000117s ]
INFO: Run Behavior\ParseTemplateBehavior [ RunTime:0.012437s ]
INFO: [ view_parse ] --END-- [ RunTime:0.012501s ]
INFO: [ view_filter ] --START--
INFO: Run Behavior\WriteHtmlCacheBehavior [ RunTime:0.002013s ]
INFO: [ view_filter ] --END-- [ RunTime:0.002055s ]
INFO: [ app_end ] --START--
INFO: Run Behavior\ShowPageTraceBehavior [ RunTime:0.001967s ]
INFO: [ app_end ] --END-- [ RunTime:0.002013s ]

[ 2019-11-20T21:26:20+08:00 ] 117.136.46.237 /jianli/
INFO: [ app_init ] --START--
INFO: Run Behavior\BuildLiteBehavior [ RunTime:0.000018s ]
INFO: [ app_init ] --END-- [ RunTime:0.000458s ]
INFO: [ app_begin ] --START--
INFO: Run Behavior\ReadHtmlCacheBehavior [ RunTime:0.001894s ]
INFO: [ app_begin ] --END-- [ RunTime:0.001954s ]
SQL: SHOW COLUMNS FROM `liuyan` [ RunTime:0.0013s ]
SQL: SELECT * FROM `liuyan` ORDER BY id desc LIMIT 10   [ RunTime:0.0003s ]
INFO: [ view_parse ] --START--
INFO: [ template_filter ] --START--
INFO: Run Behavior\ContentReplaceBehavior [ RunTime:0.000070s ]
INFO: [ template_filter ] --END-- [ RunTime:0.000119s ]
INFO: Run Behavior\ParseTemplateBehavior [ RunTime:0.012219s ]
INFO: [ view_parse ] --END-- [ RunTime:0.012277s ]
INFO: [ view_filter ] --START--
INFO: Run Behavior\WriteHtmlCacheBehavior [ RunTime:0.001920s ]
INFO: [ view_filter ] --END-- [ RunTime:0.001962s ]
INFO: [ app_end ] --START--
INFO: Run Behavior\ShowPageTraceBehavior [ RunTime:0.001907s ]
INFO: [ app_end ] --END-- [ RunTime:0.001951s ]

[ 2019-11-20T21:26:27+08:00 ] 58.60.15.33 /jianli/
INFO: [ app_init ] --START--
INFO: Run Behavior\BuildLiteBehavior [ RunTime:0.000018s ]
INFO: [ app_init ] --END-- [ RunTime:0.000447s ]
INFO: [ app_begin ] --START--
INFO: Run Behavior\ReadHtmlCacheBehavior [ RunTime:0.001864s ]
INFO: [ app_begin ] --END-- [ RunTime:0.001919s ]
SQL: SHOW COLUMNS FROM `liuyan` [ RunTime:0.0013s ]
SQL: SELECT * FROM `liuyan` ORDER BY id desc LIMIT 10   [ RunTime:0.0003s ]
INFO: [ view_parse ] --START--
INFO: [ template_filter ] --START--
INFO: Run Behavior\ContentReplaceBehavior [ RunTime:0.000071s ]
INFO: [ template_filter ] --END-- [ RunTime:0.000118s ]
INFO: Run Behavior\ParseTemplateBehavior [ RunTime:0.011942s ]
INFO: [ view_parse ] --END-- [ RunTime:0.012001s ]
INFO: [ view_filter ] --START--
INFO: Run Behavior\WriteHtmlCacheBehavior [ RunTime:0.001954s ]
INFO: [ view_filter ] --END-- [ RunTime:0.001994s ]
INFO: [ app_end ] --START--
INFO: Run Behavior\ShowPageTraceBehavior [ RunTime:0.001949s ]
INFO: [ app_end ] --END-- [ RunTime:0.001997s ]

[ 2019-11-20T21:27:19+08:00 ] 101.89.29.97 /jianli/
INFO: [ app_init ] --START--
INFO: Run Behavior\BuildLiteBehavior [ RunTime:0.000020s ]
INFO: [ app_init ] --END-- [ RunTime:0.000471s ]
INFO: [ app_begin ] --START--
INFO: Run Behavior\ReadHtmlCacheBehavior [ RunTime:0.001893s ]
INFO: [ app_begin ] --END-- [ RunTime:0.001959s ]
SQL: SHOW COLUMNS FROM `liuyan` [ RunTime:0.0012s ]
SQL: SELECT * FROM `liuyan` ORDER BY id desc LIMIT 10   [ RunTime:0.0003s ]
INFO: [ view_parse ] --START--
INFO: [ template_filter ] --START--
INFO: Run Behavior\ContentReplaceBehavior [ RunTime:0.000067s ]
INFO: [ template_filter ] --END-- [ RunTime:0.000114s ]
INFO: Run Behavior\ParseTemplateBehavior [ RunTime:0.011962s ]
INFO: [ view_parse ] --END-- [ RunTime:0.012019s ]
INFO: [ view_filter ] --START--
INFO: Run Behavior\WriteHtmlCacheBehavior [ RunTime:0.001911s ]
INFO: [ view_filter ] --END-- [ RunTime:0.001954s ]
INFO: [ app_end ] --START--
INFO: Run Behavior\ShowPageTraceBehavior [ RunTime:0.002045s ]
INFO: [ app_end ] --END-- [ RunTime:0.002094s ]

[ 2019-11-20T21:27:39+08:00 ] 112.0.64.129 /jianli/
INFO: [ app_init ] --START--
INFO: Run Behavior\BuildLiteBehavior [ RunTime:0.000018s ]
INFO: [ app_init ] --END-- [ RunTime:0.000451s ]
INFO: [ app_begin ] --START--
INFO: Run Behavior\ReadHtmlCacheBehavior [ RunTime:0.001919s ]
INFO: [ app_begin ] --END-- [ RunTime:0.001977s ]
SQL: SHOW COLUMNS FROM `liuyan` [ RunTime:0.0013s ]
SQL: SELECT * FROM `liuyan` ORDER BY id desc LIMIT 10   [ RunTime:0.0003s ]
INFO: [ view_parse ] --START--
INFO: [ template_filter ] --START--
INFO: Run Behavior\ContentReplaceBehavior [ RunTime:0.000069s ]
INFO: [ template_filter ] --END-- [ RunTime:0.000117s ]
INFO: Run Behavior\ParseTemplateBehavior [ RunTime:0.012133s ]
INFO: [ view_parse ] --END-- [ RunTime:0.012195s ]
INFO: [ view_filter ] --START--
INFO: Run Behavior\WriteHtmlCacheBehavior [ RunTime:0.001902s ]
INFO: [ view_filter ] --END-- [ RunTime:0.001942s ]
INFO: [ app_end ] --START--
INFO: Run Behavior\ShowPageTraceBehavior [ RunTime:0.001899s ]
INFO: [ app_end ] --END-- [ RunTime:0.001944s ]

[ 2019-11-20T21:27:39+08:00 ] 117.136.46.237 /jianli/
INFO: [ app_init ] --START--
INFO: Run Behavior\BuildLiteBehavior [ RunTime:0.000019s ]
INFO: [ app_init ] --END-- [ RunTime:0.000445s ]
INFO: [ app_begin ] --START--
INFO: Run Behavior\ReadHtmlCacheBehavior [ RunTime:0.001877s ]
INFO: [ app_begin ] --END-- [ RunTime:0.001941s ]
SQL: SHOW COLUMNS FROM `liuyan` [ RunTime:0.0013s ]
SQL: SELECT * FROM `liuyan` ORDER BY id desc LIMIT 10   [ RunTime:0.0003s ]
INFO: [ view_parse ] --START--
INFO: [ template_filter ] --START--
INFO: Run Behavior\ContentReplaceBehavior [ RunTime:0.000069s ]
INFO: [ template_filter ] --END-- [ RunTime:0.000118s ]
INFO: Run Behavior\ParseTemplateBehavior [ RunTime:0.012180s ]
INFO: [ view_parse ] --END-- [ RunTime:0.012240s ]
INFO: [ view_filter ] --START--
INFO: Run Behavior\WriteHtmlCacheBehavior [ RunTime:0.001899s ]
INFO: [ view_filter ] --END-- [ RunTime:0.001941s ]
INFO: [ app_end ] --START--
INFO: Run Behavior\ShowPageTraceBehavior [ RunTime:0.001998s ]
INFO: [ app_end ] --END-- [ RunTime:0.002048s ]

[ 2019-11-20T21:32:01+08:00 ] 180.163.220.66 /jianli/home/index/login
INFO: [ app_init ] --START--
INFO: Run Behavior\BuildLiteBehavior [ RunTime:0.000020s ]
INFO: [ app_init ] --END-- [ RunTime:0.000475s ]
INFO: [ app_begin ] --START--
INFO: Run Behavior\ReadHtmlCacheBehavior [ RunTime:0.001969s ]
INFO: [ app_begin ] --END-- [ RunTime:0.002027s ]
INFO: [ view_parse ] --START--
INFO: [ template_filter ] --START--
INFO: Run Behavior\ContentReplaceBehavior [ RunTime:0.000053s ]
INFO: [ template_filter ] --END-- [ RunTime:0.000110s ]
INFO: Run Behavior\ParseTemplateBehavior [ RunTime:0.010734s ]
INFO: [ view_parse ] --END-- [ RunTime:0.010810s ]
INFO: [ view_filter ] --START--
INFO: Run Behavior\WriteHtmlCacheBehavior [ RunTime:0.002030s ]
INFO: [ view_filter ] --END-- [ RunTime:0.002073s ]
INFO: [ app_end ] --START--
INFO: Run Behavior\ShowPageTraceBehavior [ RunTime:0.001881s ]
INFO: [ app_end ] --END-- [ RunTime:0.001924s ]

[ 2019-11-20T21:32:05+08:00 ] 180.163.220.67 /jianli/home/index/login
INFO: [ app_init ] --START--
INFO: Run Behavior\BuildLiteBehavior [ RunTime:0.000019s ]
INFO: [ app_init ] --END-- [ RunTime:0.000448s ]
INFO: [ app_begin ] --START--
INFO: Run Behavior\ReadHtmlCacheBehavior [ RunTime:0.001871s ]
INFO: [ app_begin ] --END-- [ RunTime:0.001932s ]
INFO: [ view_parse ] --START--
INFO: [ template_filter ] --START--
INFO: Run Behavior\ContentReplaceBehavior [ RunTime:0.000054s ]
INFO: [ template_filter ] --END-- [ RunTime:0.000107s ]
INFO: Run Behavior\ParseTemplateBehavior [ RunTime:0.010862s ]
INFO: [ view_parse ] --END-- [ RunTime:0.010921s ]
INFO: [ view_filter ] --START--
INFO: Run Behavior\WriteHtmlCacheBehavior [ RunTime:0.001931s ]
INFO: [ view_filter ] --END-- [ RunTime:0.001974s ]
INFO: [ app_end ] --START--
INFO: Run Behavior\ShowPageTraceBehavior [ RunTime:0.001868s ]
INFO: [ app_end ] --END-- [ RunTime:0.001909s ]

[ 2019-11-20T21:32:15+08:00 ] 180.163.220.5 /jianli/home/index/yzm
INFO: [ app_init ] --START--
INFO: Run Behavior\BuildLiteBehavior [ RunTime:0.000019s ]
INFO: [ app_init ] --END-- [ RunTime:0.000447s ]
INFO: [ app_begin ] --START--
INFO: Run Behavior\ReadHtmlCacheBehavior [ RunTime:0.001877s ]
INFO: [ app_begin ] --END-- [ RunTime:0.001940s ]
ERR: 模板不存在:./Application/Home/View/Index/yzm.html

[ 2019-11-20T21:33:40+08:00 ] 180.163.220.5 /jianli/
INFO: [ app_init ] --START--
INFO: Run Behavior\BuildLiteBehavior [ RunTime:0.000020s ]
INFO: [ app_init ] --END-- [ RunTime:0.000464s ]
INFO: [ app_begin ] --START--
INFO: Run Behavior\ReadHtmlCacheBehavior [ RunTime:0.001889s ]
INFO: [ app_begin ] --END-- [ RunTime:0.001949s ]
SQL: SHOW COLUMNS FROM `liuyan` [ RunTime:0.0013s ]
SQL: SELECT * FROM `liuyan` ORDER BY id desc LIMIT 10   [ RunTime:0.0003s ]
INFO: [ view_parse ] --START--
INFO: [ template_filter ] --START--
INFO: Run Behavior\ContentReplaceBehavior [ RunTime:0.000069s ]
INFO: [ template_filter ] --END-- [ RunTime:0.000119s ]
INFO: Run Behavior\ParseTemplateBehavior [ RunTime:0.012607s ]
INFO: [ view_parse ] --END-- [ RunTime:0.012667s ]
INFO: [ view_filter ] --START--
INFO: Run Behavior\WriteHtmlCacheBehavior [ RunTime:0.001930s ]
INFO: [ view_filter ] --END-- [ RunTime:0.001972s ]
INFO: [ app_end ] --START--
INFO: Run Behavior\ShowPageTraceBehavior [ RunTime:0.001989s ]
INFO: [ app_end ] --END-- [ RunTime:0.002036s ]

[ 2019-11-20T21:34:33+08:00 ] 42.236.10.117 /jianli/home/index/lostpassword
INFO: [ app_init ] --START--
INFO: Run Behavior\BuildLiteBehavior [ RunTime:0.000019s ]
INFO: [ app_init ] --END-- [ RunTime:0.000438s ]
INFO: [ app_begin ] --START--
INFO: Run Behavior\ReadHtmlCacheBehavior [ RunTime:0.001892s ]
INFO: [ app_begin ] --END-- [ RunTime:0.001987s ]
INFO: [ view_parse ] --START--
INFO: [ template_filter ] --START--
INFO: Run Behavior\ContentReplaceBehavior [ RunTime:0.000061s ]
INFO: [ template_filter ] --END-- [ RunTime:0.000114s ]
INFO: Run Behavior\ParseTemplateBehavior [ RunTime:0.010664s ]
INFO: [ view_parse ] --END-- [ RunTime:0.010726s ]
INFO: [ view_filter ] --START--
INFO: Run Behavior\WriteHtmlCacheBehavior [ RunTime:0.002027s ]
INFO: [ view_filter ] --END-- [ RunTime:0.002071s ]
INFO: [ app_end ] --START--
INFO: Run Behavior\ShowPageTraceBehavior [ RunTime:0.001881s ]
INFO: [ app_end ] --END-- [ RunTime:0.001922s ]

[ 2019-11-20T21:34:34+08:00 ] 42.236.10.125 /jianli/home/index/lostpassword
INFO: [ app_init ] --START--
INFO: Run Behavior\BuildLiteBehavior [ RunTime:0.000023s ]
INFO: [ app_init ] --END-- [ RunTime:0.000462s ]
INFO: [ app_begin ] --START--
INFO: Run Behavior\ReadHtmlCacheBehavior [ RunTime:0.001894s ]
INFO: [ app_begin ] --END-- [ RunTime:0.001954s ]
INFO: [ view_parse ] --START--
INFO: [ template_filter ] --START--
INFO: Run Behavior\ContentReplaceBehavior [ RunTime:0.000059s ]
INFO: [ template_filter ] --END-- [ RunTime:0.000116s ]
INFO: Run Behavior\ParseTemplateBehavior [ RunTime:0.010744s ]
INFO: [ view_parse ] --END-- [ RunTime:0.010807s ]
INFO: [ view_filter ] --START--
INFO: Run Behavior\WriteHtmlCacheBehavior [ RunTime:0.001895s ]
INFO: [ view_filter ] --END-- [ RunTime:0.001938s ]
INFO: [ app_end ] --START--
INFO: Run Behavior\ShowPageTraceBehavior [ RunTime:0.002022s ]
INFO: [ app_end ] --END-- [ RunTime:0.002069s ]

