[ 2019-12-30T11:53:50+08:00 ] 127.0.0.1 /jianli/
INFO: [ app_init ] --START--
INFO: Run Behavior\BuildLiteBehavior [ RunTime:0.000012s ]
INFO: [ app_init ] --END-- [ RunTime:0.027839s ]
INFO: [ app_begin ] --START--
INFO: Run Behavior\ReadHtmlCacheBehavior [ RunTime:0.019356s ]
INFO: [ app_begin ] --END-- [ RunTime:0.019403s ]
SQL: SHOW COLUMNS FROM `liuyan` [ RunTime:0.0677s ]
SQL: SELECT * FROM `liuyan` ORDER BY id desc LIMIT 10   [ RunTime:0.0071s ]
INFO: [ view_parse ] --START--
INFO: [ template_filter ] --START--
INFO: Run Behavior\ContentReplaceBehavior [ RunTime:0.009229s ]
INFO: [ template_filter ] --END-- [ RunTime:0.009291s ]
INFO: Run Behavior\ParseTemplateBehavior [ RunTime:0.182477s ]
INFO: [ view_parse ] --END-- [ RunTime:0.182538s ]
INFO: [ view_filter ] --START--
INFO: Run Behavior\WriteHtmlCacheBehavior [ RunTime:0.019420s ]
INFO: [ view_filter ] --END-- [ RunTime:0.019458s ]
INFO: [ app_end ] --START--
INFO: Run Behavior\ShowPageTraceBehavior [ RunTime:0.025362s ]
INFO: [ app_end ] --END-- [ RunTime:0.025417s ]

[ 2019-12-30T11:53:54+08:00 ] 127.0.0.1 /jianli/
INFO: [ app_init ] --START--
INFO: Run Behavior\BuildLiteBehavior [ RunTime:0.000009s ]
INFO: [ app_init ] --END-- [ RunTime:0.001391s ]
INFO: [ app_begin ] --START--
INFO: Run Behavior\ReadHtmlCacheBehavior [ RunTime:0.007796s ]
INFO: [ app_begin ] --END-- [ RunTime:0.007841s ]
SQL: SHOW COLUMNS FROM `liuyan` [ RunTime:0.0042s ]
SQL: SELECT * FROM `liuyan` ORDER BY id desc LIMIT 10   [ RunTime:0.0003s ]
INFO: [ view_parse ] --START--
INFO: [ template_filter ] --START--
INFO: Run Behavior\ContentReplaceBehavior [ RunTime:0.000052s ]
INFO: [ template_filter ] --END-- [ RunTime:0.000088s ]
INFO: Run Behavior\ParseTemplateBehavior [ RunTime:0.041145s ]
INFO: [ view_parse ] --END-- [ RunTime:0.041189s ]
INFO: [ view_filter ] --START--
INFO: Run Behavior\WriteHtmlCacheBehavior [ RunTime:0.007652s ]
INFO: [ view_filter ] --END-- [ RunTime:0.007680s ]
INFO: [ app_end ] --START--
INFO: Run Behavior\ShowPageTraceBehavior [ RunTime:0.008091s ]
INFO: [ app_end ] --END-- [ RunTime:0.008123s ]

[ 2019-12-30T20:35:22+08:00 ] 127.0.0.1 /jianli/
INFO: [ app_init ] --START--
INFO: Run Behavior\BuildLiteBehavior [ RunTime:0.000142s ]
INFO: [ app_init ] --END-- [ RunTime:0.027619s ]
INFO: [ app_begin ] --START--
INFO: Run Behavior\ReadHtmlCacheBehavior [ RunTime:0.018965s ]
INFO: [ app_begin ] --END-- [ RunTime:0.019016s ]
SQL: SHOW COLUMNS FROM `liuyan` [ RunTime:0.1657s ]
SQL: SELECT * FROM `liuyan` ORDER BY id desc LIMIT 10   [ RunTime:0.0381s ]
INFO: [ view_parse ] --START--
INFO: [ template_filter ] --START--
INFO: Run Behavior\ContentReplaceBehavior [ RunTime:0.018262s ]
INFO: [ template_filter ] --END-- [ RunTime:0.018312s ]
INFO: Run Behavior\ParseTemplateBehavior [ RunTime:0.199663s ]
INFO: [ view_parse ] --END-- [ RunTime:0.199717s ]
INFO: [ view_filter ] --START--
INFO: Run Behavior\WriteHtmlCacheBehavior [ RunTime:0.018781s ]
INFO: [ view_filter ] --END-- [ RunTime:0.018820s ]
INFO: [ app_end ] --START--
INFO: Run Behavior\ShowPageTraceBehavior [ RunTime:0.026505s ]
INFO: [ app_end ] --END-- [ RunTime:0.026549s ]

[ 2019-12-30T20:37:26+08:00 ] 127.0.0.1 /jianli/
INFO: [ app_init ] --START--
INFO: Run Behavior\BuildLiteBehavior [ RunTime:0.000010s ]
INFO: [ app_init ] --END-- [ RunTime:0.001350s ]
INFO: [ app_begin ] --START--
INFO: Run Behavior\ReadHtmlCacheBehavior [ RunTime:0.007105s ]
INFO: [ app_begin ] --END-- [ RunTime:0.007146s ]
SQL: SHOW COLUMNS FROM `liuyan` [ RunTime:0.0544s ]
SQL: SELECT * FROM `liuyan` ORDER BY id desc LIMIT 10   [ RunTime:0.0003s ]
INFO: [ view_parse ] --START--
INFO: [ template_filter ] --START--
INFO: Run Behavior\ContentReplaceBehavior [ RunTime:0.000052s ]
INFO: [ template_filter ] --END-- [ RunTime:0.000086s ]
INFO: Run Behavior\ParseTemplateBehavior [ RunTime:0.039880s ]
INFO: [ view_parse ] --END-- [ RunTime:0.039932s ]
INFO: [ view_filter ] --START--
INFO: Run Behavior\WriteHtmlCacheBehavior [ RunTime:0.007400s ]
INFO: [ view_filter ] --END-- [ RunTime:0.007427s ]
INFO: [ app_end ] --START--
INFO: Run Behavior\ShowPageTraceBehavior [ RunTime:0.007635s ]
INFO: [ app_end ] --END-- [ RunTime:0.007674s ]

[ 2019-12-30T20:37:48+08:00 ] 127.0.0.1 /jianli/home/index/index
INFO: [ app_init ] --START--
INFO: Run Behavior\BuildLiteBehavior [ RunTime:0.000010s ]
INFO: [ app_init ] --END-- [ RunTime:0.001433s ]
INFO: [ app_begin ] --START--
INFO: Run Behavior\ReadHtmlCacheBehavior [ RunTime:0.011368s ]
INFO: [ app_begin ] --END-- [ RunTime:0.011431s ]
SQL: SHOW COLUMNS FROM `liuyan` [ RunTime:0.0049s ]
SQL: SELECT * FROM `liuyan` ORDER BY id desc LIMIT 10   [ RunTime:0.0003s ]
INFO: [ view_parse ] --START--
INFO: [ template_filter ] --START--
INFO: Run Behavior\ContentReplaceBehavior [ RunTime:0.000051s ]
INFO: [ template_filter ] --END-- [ RunTime:0.000085s ]
INFO: Run Behavior\ParseTemplateBehavior [ RunTime:0.038128s ]
INFO: [ view_parse ] --END-- [ RunTime:0.038167s ]
INFO: [ view_filter ] --START--
INFO: Run Behavior\WriteHtmlCacheBehavior [ RunTime:0.006965s ]
INFO: [ view_filter ] --END-- [ RunTime:0.006993s ]
INFO: [ app_end ] --START--
INFO: Run Behavior\ShowPageTraceBehavior [ RunTime:0.007317s ]
INFO: [ app_end ] --END-- [ RunTime:0.007381s ]

[ 2019-12-30T20:38:13+08:00 ] 127.0.0.1 /jianli/home/index/index
INFO: [ app_init ] --START--
INFO: Run Behavior\BuildLiteBehavior [ RunTime:0.000009s ]
INFO: [ app_init ] --END-- [ RunTime:0.001373s ]
INFO: [ app_begin ] --START--
INFO: Run Behavior\ReadHtmlCacheBehavior [ RunTime:0.007003s ]
INFO: [ app_begin ] --END-- [ RunTime:0.007043s ]
SQL: SHOW COLUMNS FROM `liuyan` [ RunTime:0.0041s ]
SQL: SELECT * FROM `liuyan` ORDER BY id desc LIMIT 10   [ RunTime:0.0002s ]
INFO: [ view_parse ] --START--
INFO: [ template_filter ] --START--
INFO: Run Behavior\ContentReplaceBehavior [ RunTime:0.000050s ]
INFO: [ template_filter ] --END-- [ RunTime:0.000084s ]
INFO: Run Behavior\ParseTemplateBehavior [ RunTime:0.037207s ]
INFO: [ view_parse ] --END-- [ RunTime:0.037246s ]
INFO: [ view_filter ] --START--
INFO: Run Behavior\WriteHtmlCacheBehavior [ RunTime:0.007710s ]
INFO: [ view_filter ] --END-- [ RunTime:0.007738s ]
INFO: [ app_end ] --START--
INFO: Run Behavior\ShowPageTraceBehavior [ RunTime:0.007054s ]
INFO: [ app_end ] --END-- [ RunTime:0.007084s ]

[ 2019-12-30T20:38:48+08:00 ] 127.0.0.1 /jianli/home/index/login
INFO: [ app_init ] --START--
INFO: Run Behavior\BuildLiteBehavior [ RunTime:0.000010s ]
INFO: [ app_init ] --END-- [ RunTime:0.001457s ]
INFO: [ app_begin ] --START--
INFO: Run Behavior\ReadHtmlCacheBehavior [ RunTime:0.007582s ]
INFO: [ app_begin ] --END-- [ RunTime:0.007680s ]
INFO: [ view_parse ] --START--
INFO: [ template_filter ] --START--
INFO: Run Behavior\ContentReplaceBehavior [ RunTime:0.000048s ]
INFO: [ template_filter ] --END-- [ RunTime:0.000090s ]
INFO: Run Behavior\ParseTemplateBehavior [ RunTime:0.110752s ]
INFO: [ view_parse ] --END-- [ RunTime:0.110804s ]
INFO: [ view_filter ] --START--
INFO: Run Behavior\WriteHtmlCacheBehavior [ RunTime:0.007740s ]
INFO: [ view_filter ] --END-- [ RunTime:0.007776s ]
INFO: [ app_end ] --START--
INFO: Run Behavior\ShowPageTraceBehavior [ RunTime:0.007801s ]
INFO: [ app_end ] --END-- [ RunTime:0.007836s ]

[ 2019-12-30T20:38:49+08:00 ] 127.0.0.1 /jianli/home/index/yzm
INFO: [ app_init ] --START--
INFO: Run Behavior\BuildLiteBehavior [ RunTime:0.000012s ]
INFO: [ app_init ] --END-- [ RunTime:0.001698s ]
INFO: [ app_begin ] --START--
INFO: Run Behavior\ReadHtmlCacheBehavior [ RunTime:0.009265s ]
INFO: [ app_begin ] --END-- [ RunTime:0.009317s ]
ERR: 模板不存在:./Application/Home/View/Index/yzm.html

[ 2019-12-30T20:38:52+08:00 ] 127.0.0.1 /jianli/home/index/yzm?0.5528737477595
INFO: [ app_init ] --START--
INFO: Run Behavior\BuildLiteBehavior [ RunTime:0.000010s ]
INFO: [ app_init ] --END-- [ RunTime:0.001568s ]
INFO: [ app_begin ] --START--
INFO: Run Behavior\ReadHtmlCacheBehavior [ RunTime:0.008242s ]
INFO: [ app_begin ] --END-- [ RunTime:0.008293s ]
ERR: 模板不存在:./Application/Home/View/Index/yzm.html

[ 2019-12-30T20:39:26+08:00 ] 127.0.0.1 /jianli/home/index/login
INFO: [ app_init ] --START--
INFO: Run Behavior\BuildLiteBehavior [ RunTime:0.000011s ]
INFO: [ app_init ] --END-- [ RunTime:0.001369s ]
INFO: [ app_begin ] --START--
INFO: Run Behavior\ReadHtmlCacheBehavior [ RunTime:0.010979s ]
INFO: [ app_begin ] --END-- [ RunTime:0.011036s ]
INFO: [ view_parse ] --START--
INFO: [ template_filter ] --START--
INFO: Run Behavior\ContentReplaceBehavior [ RunTime:0.000044s ]
INFO: [ template_filter ] --END-- [ RunTime:0.000088s ]
INFO: Run Behavior\ParseTemplateBehavior [ RunTime:0.040956s ]
INFO: [ view_parse ] --END-- [ RunTime:0.041010s ]
INFO: [ view_filter ] --START--
INFO: Run Behavior\WriteHtmlCacheBehavior [ RunTime:0.009310s ]
INFO: [ view_filter ] --END-- [ RunTime:0.009375s ]
INFO: [ app_end ] --START--
INFO: Run Behavior\ShowPageTraceBehavior [ RunTime:0.009350s ]
INFO: [ app_end ] --END-- [ RunTime:0.009420s ]

[ 2019-12-30T20:39:27+08:00 ] 127.0.0.1 /jianli/home/index/yzm
INFO: [ app_init ] --START--
INFO: Run Behavior\BuildLiteBehavior [ RunTime:0.000011s ]
INFO: [ app_init ] --END-- [ RunTime:0.001593s ]
INFO: [ app_begin ] --START--
INFO: Run Behavior\ReadHtmlCacheBehavior [ RunTime:0.009834s ]
INFO: [ app_begin ] --END-- [ RunTime:0.009894s ]
ERR: 模板不存在:./Application/Home/View/Index/yzm.html

[ 2019-12-30T20:39:29+08:00 ] 127.0.0.1 /jianli/home/index/index
INFO: [ app_init ] --START--
INFO: Run Behavior\BuildLiteBehavior [ RunTime:0.000012s ]
INFO: [ app_init ] --END-- [ RunTime:0.002026s ]
INFO: [ app_begin ] --START--
INFO: Run Behavior\ReadHtmlCacheBehavior [ RunTime:0.011899s ]
INFO: [ app_begin ] --END-- [ RunTime:0.011959s ]
SQL: SHOW COLUMNS FROM `liuyan` [ RunTime:0.0041s ]
SQL: SELECT * FROM `liuyan` ORDER BY id desc LIMIT 10   [ RunTime:0.0002s ]
INFO: [ view_parse ] --START--
INFO: [ template_filter ] --START--
INFO: Run Behavior\ContentReplaceBehavior [ RunTime:0.000055s ]
INFO: [ template_filter ] --END-- [ RunTime:0.000091s ]
INFO: Run Behavior\ParseTemplateBehavior [ RunTime:0.039615s ]
INFO: [ view_parse ] --END-- [ RunTime:0.039665s ]
INFO: [ view_filter ] --START--
INFO: Run Behavior\WriteHtmlCacheBehavior [ RunTime:0.007570s ]
INFO: [ view_filter ] --END-- [ RunTime:0.007601s ]
INFO: [ app_end ] --START--
INFO: Run Behavior\ShowPageTraceBehavior [ RunTime:0.007454s ]
INFO: [ app_end ] --END-- [ RunTime:0.007487s ]

