[ 2020-07-06T14:04:34+08:00 ] 127.0.0.1 /jianli/
INFO: [ app_init ] --START--
INFO: Run Behavior\BuildLiteBehavior [ RunTime:0.000012s ]
INFO: [ app_init ] --END-- [ RunTime:0.090032s ]
INFO: [ app_begin ] --START--
INFO: Run Behavior\ReadHtmlCacheBehavior [ RunTime:0.031421s ]
INFO: [ app_begin ] --END-- [ RunTime:0.031469s ]
SQL: SHOW COLUMNS FROM `liuyan` [ RunTime:0.6884s ]
SQL: SELECT * FROM `liuyan` ORDER BY id desc LIMIT 10   [ RunTime:0.0096s ]
INFO: [ view_parse ] --START--
INFO: [ template_filter ] --START--
INFO: Run Behavior\ContentReplaceBehavior [ RunTime:0.000082s ]
INFO: [ template_filter ] --END-- [ RunTime:0.000125s ]
INFO: Run Behavior\ParseTemplateBehavior [ RunTime:0.086057s ]
INFO: [ view_parse ] --END-- [ RunTime:0.086108s ]
INFO: [ view_filter ] --START--
INFO: Run Behavior\WriteHtmlCacheBehavior [ RunTime:0.025378s ]
INFO: [ view_filter ] --END-- [ RunTime:0.025423s ]
INFO: [ app_end ] --START--
INFO: Run Behavior\ShowPageTraceBehavior [ RunTime:0.025292s ]
INFO: [ app_end ] --END-- [ RunTime:0.025336s ]

[ 2020-07-06T14:04:40+08:00 ] 127.0.0.1 /jianli/
INFO: [ app_init ] --START--
INFO: Run Behavior\BuildLiteBehavior [ RunTime:0.000010s ]
INFO: [ app_init ] --END-- [ RunTime:0.000916s ]
INFO: [ app_begin ] --START--
INFO: Run Behavior\ReadHtmlCacheBehavior [ RunTime:0.004913s ]
INFO: [ app_begin ] --END-- [ RunTime:0.004961s ]
SQL: SHOW COLUMNS FROM `liuyan` [ RunTime:0.0188s ]
SQL: SELECT * FROM `liuyan` ORDER BY id desc LIMIT 10   [ RunTime:0.0002s ]
INFO: [ view_parse ] --START--
INFO: [ template_filter ] --START--
INFO: Run Behavior\ContentReplaceBehavior [ RunTime:0.000058s ]
INFO: [ template_filter ] --END-- [ RunTime:0.000095s ]
INFO: Run Behavior\ParseTemplateBehavior [ RunTime:0.025750s ]
INFO: [ view_parse ] --END-- [ RunTime:0.025793s ]
INFO: [ view_filter ] --START--
INFO: Run Behavior\WriteHtmlCacheBehavior [ RunTime:0.004773s ]
INFO: [ view_filter ] --END-- [ RunTime:0.004808s ]
INFO: [ app_end ] --START--
INFO: Run Behavior\ShowPageTraceBehavior [ RunTime:0.004805s ]
INFO: [ app_end ] --END-- [ RunTime:0.004841s ]

[ 2020-07-06T14:04:57+08:00 ] 127.0.0.1 /jianli/home/index/contact
INFO: [ app_init ] --START--
INFO: Run Behavior\BuildLiteBehavior [ RunTime:0.000011s ]
INFO: [ app_init ] --END-- [ RunTime:0.000983s ]
INFO: [ app_begin ] --START--
INFO: Run Behavior\ReadHtmlCacheBehavior [ RunTime:0.005020s ]
INFO: [ app_begin ] --END-- [ RunTime:0.005067s ]
INFO: [ view_parse ] --START--
INFO: [ template_filter ] --START--
INFO: Run Behavior\ContentReplaceBehavior [ RunTime:0.000044s ]
INFO: [ template_filter ] --END-- [ RunTime:0.000086s ]
INFO: Run Behavior\ParseTemplateBehavior [ RunTime:0.058294s ]
INFO: [ view_parse ] --END-- [ RunTime:0.058343s ]
INFO: [ view_filter ] --START--
INFO: Run Behavior\WriteHtmlCacheBehavior [ RunTime:0.005319s ]
INFO: [ view_filter ] --END-- [ RunTime:0.005353s ]
INFO: [ app_end ] --START--
INFO: Run Behavior\ShowPageTraceBehavior [ RunTime:0.005236s ]
INFO: [ app_end ] --END-- [ RunTime:0.005269s ]

[ 2020-07-06T14:05:37+08:00 ] 127.0.0.1 /jianli/home/index/index
INFO: [ app_init ] --START--
INFO: Run Behavior\BuildLiteBehavior [ RunTime:0.000010s ]
INFO: [ app_init ] --END-- [ RunTime:0.000925s ]
INFO: [ app_begin ] --START--
INFO: Run Behavior\ReadHtmlCacheBehavior [ RunTime:0.004839s ]
INFO: [ app_begin ] --END-- [ RunTime:0.004889s ]
SQL: SHOW COLUMNS FROM `liuyan` [ RunTime:0.0042s ]
SQL: SELECT * FROM `liuyan` ORDER BY id desc LIMIT 10   [ RunTime:0.0002s ]
INFO: [ view_parse ] --START--
INFO: [ template_filter ] --START--
INFO: Run Behavior\ContentReplaceBehavior [ RunTime:0.000058s ]
INFO: [ template_filter ] --END-- [ RunTime:0.000096s ]
INFO: Run Behavior\ParseTemplateBehavior [ RunTime:0.028622s ]
INFO: [ view_parse ] --END-- [ RunTime:0.028690s ]
INFO: [ view_filter ] --START--
INFO: Run Behavior\WriteHtmlCacheBehavior [ RunTime:0.005196s ]
INFO: [ view_filter ] --END-- [ RunTime:0.005230s ]
INFO: [ app_end ] --START--
INFO: Run Behavior\ShowPageTraceBehavior [ RunTime:0.005342s ]
INFO: [ app_end ] --END-- [ RunTime:0.005382s ]

[ 2020-07-06T14:05:37+08:00 ] 127.0.0.1 /jianli/home/index/index
INFO: [ app_init ] --START--
INFO: Run Behavior\BuildLiteBehavior [ RunTime:0.000011s ]
INFO: [ app_init ] --END-- [ RunTime:0.000955s ]
INFO: [ app_begin ] --START--
INFO: Run Behavior\ReadHtmlCacheBehavior [ RunTime:0.005406s ]
INFO: [ app_begin ] --END-- [ RunTime:0.005461s ]
SQL: SHOW COLUMNS FROM `liuyan` [ RunTime:0.0046s ]
SQL: SELECT * FROM `liuyan` ORDER BY id desc LIMIT 10   [ RunTime:0.0002s ]
INFO: [ view_parse ] --START--
INFO: [ template_filter ] --START--
INFO: Run Behavior\ContentReplaceBehavior [ RunTime:0.000068s ]
INFO: [ template_filter ] --END-- [ RunTime:0.000148s ]
INFO: Run Behavior\ParseTemplateBehavior [ RunTime:0.028808s ]
INFO: [ view_parse ] --END-- [ RunTime:0.028859s ]
INFO: [ view_filter ] --START--
INFO: Run Behavior\WriteHtmlCacheBehavior [ RunTime:0.005428s ]
INFO: [ view_filter ] --END-- [ RunTime:0.005467s ]
INFO: [ app_end ] --START--
INFO: Run Behavior\ShowPageTraceBehavior [ RunTime:0.005991s ]
INFO: [ app_end ] --END-- [ RunTime:0.006038s ]

[ 2020-07-06T14:05:38+08:00 ] 127.0.0.1 /jianli/home/index/index
INFO: [ app_init ] --START--
INFO: Run Behavior\BuildLiteBehavior [ RunTime:0.000011s ]
INFO: [ app_init ] --END-- [ RunTime:0.000968s ]
INFO: [ app_begin ] --START--
INFO: Run Behavior\ReadHtmlCacheBehavior [ RunTime:0.005254s ]
INFO: [ app_begin ] --END-- [ RunTime:0.005308s ]
SQL: SHOW COLUMNS FROM `liuyan` [ RunTime:0.0041s ]
SQL: SELECT * FROM `liuyan` ORDER BY id desc LIMIT 10   [ RunTime:0.0002s ]
INFO: [ view_parse ] --START--
INFO: [ template_filter ] --START--
INFO: Run Behavior\ContentReplaceBehavior [ RunTime:0.000057s ]
INFO: [ template_filter ] --END-- [ RunTime:0.000094s ]
INFO: Run Behavior\ParseTemplateBehavior [ RunTime:0.026204s ]
INFO: [ view_parse ] --END-- [ RunTime:0.026253s ]
INFO: [ view_filter ] --START--
INFO: Run Behavior\WriteHtmlCacheBehavior [ RunTime:0.004894s ]
INFO: [ view_filter ] --END-- [ RunTime:0.004928s ]
INFO: [ app_end ] --START--
INFO: Run Behavior\ShowPageTraceBehavior [ RunTime:0.005178s ]
INFO: [ app_end ] --END-- [ RunTime:0.005218s ]

[ 2020-07-06T14:05:38+08:00 ] 127.0.0.1 /jianli/home/index/index
INFO: [ app_init ] --START--
INFO: Run Behavior\BuildLiteBehavior [ RunTime:0.000010s ]
INFO: [ app_init ] --END-- [ RunTime:0.000928s ]
INFO: [ app_begin ] --START--
INFO: Run Behavior\ReadHtmlCacheBehavior [ RunTime:0.004916s ]
INFO: [ app_begin ] --END-- [ RunTime:0.004967s ]
SQL: SHOW COLUMNS FROM `liuyan` [ RunTime:0.0041s ]
SQL: SELECT * FROM `liuyan` ORDER BY id desc LIMIT 10   [ RunTime:0.0002s ]
INFO: [ view_parse ] --START--
INFO: [ template_filter ] --START--
INFO: Run Behavior\ContentReplaceBehavior [ RunTime:0.000055s ]
INFO: [ template_filter ] --END-- [ RunTime:0.000095s ]
INFO: Run Behavior\ParseTemplateBehavior [ RunTime:0.025763s ]
INFO: [ view_parse ] --END-- [ RunTime:0.025808s ]
INFO: [ view_filter ] --START--
INFO: Run Behavior\WriteHtmlCacheBehavior [ RunTime:0.004760s ]
INFO: [ view_filter ] --END-- [ RunTime:0.004796s ]
INFO: [ app_end ] --START--
INFO: Run Behavior\ShowPageTraceBehavior [ RunTime:0.004773s ]
INFO: [ app_end ] --END-- [ RunTime:0.004807s ]

[ 2020-07-06T14:05:40+08:00 ] 127.0.0.1 /jianli/home/index/index
INFO: [ app_init ] --START--
INFO: Run Behavior\BuildLiteBehavior [ RunTime:0.000010s ]
INFO: [ app_init ] --END-- [ RunTime:0.000909s ]
INFO: [ app_begin ] --START--
INFO: Run Behavior\ReadHtmlCacheBehavior [ RunTime:0.004664s ]
INFO: [ app_begin ] --END-- [ RunTime:0.004711s ]
SQL: SHOW COLUMNS FROM `liuyan` [ RunTime:0.0055s ]
SQL: SELECT * FROM `liuyan` ORDER BY id desc LIMIT 10   [ RunTime:0.0002s ]
INFO: [ view_parse ] --START--
INFO: [ template_filter ] --START--
INFO: Run Behavior\ContentReplaceBehavior [ RunTime:0.000056s ]
INFO: [ template_filter ] --END-- [ RunTime:0.000094s ]
INFO: Run Behavior\ParseTemplateBehavior [ RunTime:0.025495s ]
INFO: [ view_parse ] --END-- [ RunTime:0.025539s ]
INFO: [ view_filter ] --START--
INFO: Run Behavior\WriteHtmlCacheBehavior [ RunTime:0.004720s ]
INFO: [ view_filter ] --END-- [ RunTime:0.004752s ]
INFO: [ app_end ] --START--
INFO: Run Behavior\ShowPageTraceBehavior [ RunTime:0.005078s ]
INFO: [ app_end ] --END-- [ RunTime:0.005118s ]

[ 2020-07-06T14:05:52+08:00 ] 127.0.0.1 /jianli/
INFO: [ app_init ] --START--
INFO: Run Behavior\BuildLiteBehavior [ RunTime:0.000010s ]
INFO: [ app_init ] --END-- [ RunTime:0.000901s ]
INFO: [ app_begin ] --START--
INFO: Run Behavior\ReadHtmlCacheBehavior [ RunTime:0.004787s ]
INFO: [ app_begin ] --END-- [ RunTime:0.004832s ]
SQL: SHOW COLUMNS FROM `liuyan` [ RunTime:0.0042s ]
SQL: SELECT * FROM `liuyan` ORDER BY id desc LIMIT 10   [ RunTime:0.0002s ]
INFO: [ view_parse ] --START--
INFO: [ template_filter ] --START--
INFO: Run Behavior\ContentReplaceBehavior [ RunTime:0.000056s ]
INFO: [ template_filter ] --END-- [ RunTime:0.000094s ]
INFO: Run Behavior\ParseTemplateBehavior [ RunTime:0.025811s ]
INFO: [ view_parse ] --END-- [ RunTime:0.025854s ]
INFO: [ view_filter ] --START--
INFO: Run Behavior\WriteHtmlCacheBehavior [ RunTime:0.004811s ]
INFO: [ view_filter ] --END-- [ RunTime:0.004843s ]
INFO: [ app_end ] --START--
INFO: Run Behavior\ShowPageTraceBehavior [ RunTime:0.004967s ]
INFO: [ app_end ] --END-- [ RunTime:0.005003s ]

[ 2020-07-06T14:06:03+08:00 ] 127.0.0.1 /jianli/home/index/index
INFO: [ app_init ] --START--
INFO: Run Behavior\BuildLiteBehavior [ RunTime:0.000009s ]
INFO: [ app_init ] --END-- [ RunTime:0.000855s ]
INFO: [ app_begin ] --START--
INFO: Run Behavior\ReadHtmlCacheBehavior [ RunTime:0.004871s ]
INFO: [ app_begin ] --END-- [ RunTime:0.004910s ]
SQL: SHOW COLUMNS FROM `liuyan` [ RunTime:0.0128s ]
SQL: SELECT * FROM `liuyan` ORDER BY id desc LIMIT 10   [ RunTime:0.0003s ]
INFO: [ view_parse ] --START--
INFO: [ template_filter ] --START--
INFO: Run Behavior\ContentReplaceBehavior [ RunTime:0.000052s ]
INFO: [ template_filter ] --END-- [ RunTime:0.000086s ]
INFO: Run Behavior\ParseTemplateBehavior [ RunTime:0.025619s ]
INFO: [ view_parse ] --END-- [ RunTime:0.025661s ]
INFO: [ view_filter ] --START--
INFO: Run Behavior\WriteHtmlCacheBehavior [ RunTime:0.004272s ]
INFO: [ view_filter ] --END-- [ RunTime:0.004298s ]
INFO: [ app_end ] --START--
INFO: Run Behavior\ShowPageTraceBehavior [ RunTime:0.004150s ]
INFO: [ app_end ] --END-- [ RunTime:0.004181s ]

[ 2020-07-06T14:06:04+08:00 ] 127.0.0.1 /jianli/home/index/index
INFO: [ app_init ] --START--
INFO: Run Behavior\BuildLiteBehavior [ RunTime:0.000008s ]
INFO: [ app_init ] --END-- [ RunTime:0.000784s ]
INFO: [ app_begin ] --START--
INFO: Run Behavior\ReadHtmlCacheBehavior [ RunTime:0.004525s ]
INFO: [ app_begin ] --END-- [ RunTime:0.004563s ]
SQL: SHOW COLUMNS FROM `liuyan` [ RunTime:0.0053s ]
SQL: SELECT * FROM `liuyan` ORDER BY id desc LIMIT 10   [ RunTime:0.0003s ]
INFO: [ view_parse ] --START--
INFO: [ template_filter ] --START--
INFO: Run Behavior\ContentReplaceBehavior [ RunTime:0.000049s ]
INFO: [ template_filter ] --END-- [ RunTime:0.000079s ]
INFO: Run Behavior\ParseTemplateBehavior [ RunTime:0.022981s ]
INFO: [ view_parse ] --END-- [ RunTime:0.023020s ]
INFO: [ view_filter ] --START--
INFO: Run Behavior\WriteHtmlCacheBehavior [ RunTime:0.004255s ]
INFO: [ view_filter ] --END-- [ RunTime:0.004282s ]
INFO: [ app_end ] --START--
INFO: Run Behavior\ShowPageTraceBehavior [ RunTime:0.004144s ]
INFO: [ app_end ] --END-- [ RunTime:0.004175s ]

[ 2020-07-06T14:06:10+08:00 ] 127.0.0.1 /jianli/home/index/login
INFO: [ app_init ] --START--
INFO: Run Behavior\BuildLiteBehavior [ RunTime:0.000010s ]
INFO: [ app_init ] --END-- [ RunTime:0.000903s ]
INFO: [ app_begin ] --START--
INFO: Run Behavior\ReadHtmlCacheBehavior [ RunTime:0.004705s ]
INFO: [ app_begin ] --END-- [ RunTime:0.004748s ]
INFO: [ view_parse ] --START--
INFO: [ template_filter ] --START--
INFO: Run Behavior\ContentReplaceBehavior [ RunTime:0.000041s ]
INFO: [ template_filter ] --END-- [ RunTime:0.000082s ]
INFO: Run Behavior\ParseTemplateBehavior [ RunTime:0.118009s ]
INFO: [ view_parse ] --END-- [ RunTime:0.118056s ]
INFO: [ view_filter ] --START--
INFO: Run Behavior\WriteHtmlCacheBehavior [ RunTime:0.005105s ]
INFO: [ view_filter ] --END-- [ RunTime:0.005141s ]
INFO: [ app_end ] --START--
INFO: Run Behavior\ShowPageTraceBehavior [ RunTime:0.004812s ]
INFO: [ app_end ] --END-- [ RunTime:0.004847s ]

[ 2020-07-06T14:06:11+08:00 ] 127.0.0.1 /jianli/home/index/login
INFO: [ app_init ] --START--
INFO: Run Behavior\BuildLiteBehavior [ RunTime:0.000009s ]
INFO: [ app_init ] --END-- [ RunTime:0.000816s ]
INFO: [ app_begin ] --START--
INFO: Run Behavior\ReadHtmlCacheBehavior [ RunTime:0.004178s ]
INFO: [ app_begin ] --END-- [ RunTime:0.004218s ]
INFO: [ view_parse ] --START--
INFO: [ template_filter ] --START--
INFO: Run Behavior\ContentReplaceBehavior [ RunTime:0.000037s ]
INFO: [ template_filter ] --END-- [ RunTime:0.000072s ]
INFO: Run Behavior\ParseTemplateBehavior [ RunTime:0.022448s ]
INFO: [ view_parse ] --END-- [ RunTime:0.022487s ]
INFO: [ view_filter ] --START--
INFO: Run Behavior\WriteHtmlCacheBehavior [ RunTime:0.006457s ]
INFO: [ view_filter ] --END-- [ RunTime:0.006495s ]
INFO: [ app_end ] --START--
INFO: Run Behavior\ShowPageTraceBehavior [ RunTime:0.006988s ]
INFO: [ app_end ] --END-- [ RunTime:0.007038s ]

[ 2020-07-06T14:06:11+08:00 ] 127.0.0.1 /jianli/home/index/yzm
INFO: [ app_init ] --START--
INFO: Run Behavior\BuildLiteBehavior [ RunTime:0.000009s ]
INFO: [ app_init ] --END-- [ RunTime:0.000843s ]
INFO: [ app_begin ] --START--
INFO: Run Behavior\ReadHtmlCacheBehavior [ RunTime:0.004580s ]
INFO: [ app_begin ] --END-- [ RunTime:0.004619s ]
ERR: 模板不存在:./Application/Home/View/Index/yzm.html

[ 2020-07-06T14:06:12+08:00 ] 127.0.0.1 /jianli/home/index/yzm
INFO: [ app_init ] --START--
INFO: Run Behavior\BuildLiteBehavior [ RunTime:0.000010s ]
INFO: [ app_init ] --END-- [ RunTime:0.001644s ]
INFO: [ app_begin ] --START--
INFO: Run Behavior\ReadHtmlCacheBehavior [ RunTime:0.005782s ]
INFO: [ app_begin ] --END-- [ RunTime:0.005825s ]
ERR: 模板不存在:./Application/Home/View/Index/yzm.html

[ 2020-07-06T14:06:20+08:00 ] 127.0.0.1 /jianli/home/index/register
INFO: [ app_init ] --START--
INFO: Run Behavior\BuildLiteBehavior [ RunTime:0.000008s ]
INFO: [ app_init ] --END-- [ RunTime:0.000797s ]
INFO: [ app_begin ] --START--
INFO: Run Behavior\ReadHtmlCacheBehavior [ RunTime:0.004141s ]
INFO: [ app_begin ] --END-- [ RunTime:0.004182s ]
INFO: [ view_parse ] --START--
INFO: [ template_filter ] --START--
INFO: Run Behavior\ContentReplaceBehavior [ RunTime:0.000034s ]
INFO: [ template_filter ] --END-- [ RunTime:0.000070s ]
NOTIC: [8] Undefined variable: uername D:\UPUPW_AP5.5\htdocs\jianli\Application\Runtime\Cache\Home\e2f1e8739761dd1b07196da7c9136d50.php 第 90 行.
NOTIC: [8] Undefined variable: nane D:\UPUPW_AP5.5\htdocs\jianli\Application\Runtime\Cache\Home\e2f1e8739761dd1b07196da7c9136d50.php 第 94 行.
NOTIC: [8] Undefined variable: email D:\UPUPW_AP5.5\htdocs\jianli\Application\Runtime\Cache\Home\e2f1e8739761dd1b07196da7c9136d50.php 第 98 行.
NOTIC: [8] Undefined variable: password D:\UPUPW_AP5.5\htdocs\jianli\Application\Runtime\Cache\Home\e2f1e8739761dd1b07196da7c9136d50.php 第 102 行.
INFO: Run Behavior\ParseTemplateBehavior [ RunTime:0.059451s ]
INFO: [ view_parse ] --END-- [ RunTime:0.059482s ]
INFO: [ view_filter ] --START--
INFO: Run Behavior\WriteHtmlCacheBehavior [ RunTime:0.004132s ]
INFO: [ view_filter ] --END-- [ RunTime:0.004158s ]
INFO: [ app_end ] --START--
INFO: Run Behavior\ShowPageTraceBehavior [ RunTime:0.004982s ]
INFO: [ app_end ] --END-- [ RunTime:0.005012s ]

[ 2020-07-06T14:06:20+08:00 ] 127.0.0.1 /jianli/home/index/register
INFO: [ app_init ] --START--
INFO: Run Behavior\BuildLiteBehavior [ RunTime:0.000009s ]
INFO: [ app_init ] --END-- [ RunTime:0.000778s ]
INFO: [ app_begin ] --START--
INFO: Run Behavior\ReadHtmlCacheBehavior [ RunTime:0.004186s ]
INFO: [ app_begin ] --END-- [ RunTime:0.004221s ]
INFO: [ view_parse ] --START--
INFO: [ template_filter ] --START--
INFO: Run Behavior\ContentReplaceBehavior [ RunTime:0.000038s ]
INFO: [ template_filter ] --END-- [ RunTime:0.000074s ]
NOTIC: [8] Undefined variable: uername D:\UPUPW_AP5.5\htdocs\jianli\Application\Runtime\Cache\Home\e2f1e8739761dd1b07196da7c9136d50.php 第 90 行.
NOTIC: [8] Undefined variable: nane D:\UPUPW_AP5.5\htdocs\jianli\Application\Runtime\Cache\Home\e2f1e8739761dd1b07196da7c9136d50.php 第 94 行.
NOTIC: [8] Undefined variable: email D:\UPUPW_AP5.5\htdocs\jianli\Application\Runtime\Cache\Home\e2f1e8739761dd1b07196da7c9136d50.php 第 98 行.
NOTIC: [8] Undefined variable: password D:\UPUPW_AP5.5\htdocs\jianli\Application\Runtime\Cache\Home\e2f1e8739761dd1b07196da7c9136d50.php 第 102 行.
INFO: Run Behavior\ParseTemplateBehavior [ RunTime:0.022961s ]
INFO: [ view_parse ] --END-- [ RunTime:0.022992s ]
INFO: [ view_filter ] --START--
INFO: Run Behavior\WriteHtmlCacheBehavior [ RunTime:0.004241s ]
INFO: [ view_filter ] --END-- [ RunTime:0.004268s ]
INFO: [ app_end ] --START--
INFO: Run Behavior\ShowPageTraceBehavior [ RunTime:0.004295s ]
INFO: [ app_end ] --END-- [ RunTime:0.004324s ]

[ 2020-07-06T14:07:20+08:00 ] 127.0.0.1 /jianli/home/index/register
INFO: [ app_init ] --START--
INFO: Run Behavior\BuildLiteBehavior [ RunTime:0.000013s ]
INFO: [ app_init ] --END-- [ RunTime:0.001198s ]
INFO: [ app_begin ] --START--
INFO: Run Behavior\ReadHtmlCacheBehavior [ RunTime:0.004929s ]
INFO: [ app_begin ] --END-- [ RunTime:0.004984s ]
SQL: SHOW COLUMNS FROM `uer` [ RunTime:0.0572s ]
SQL: SELECT * FROM `uer` WHERE ( uername='北觅' )  [ RunTime:0.0004s ]
SQL: INSERT INTO `uer` (`uername`,`name`,`email`,`password`) VALUES ('北觅','连海成','2604279757@qq.com','13511647507') [ RunTime:0.0007s ]
INFO: [ view_parse ] --START--
INFO: [ template_filter ] --START--
INFO: Run Behavior\ContentReplaceBehavior [ RunTime:0.000029s ]
INFO: [ template_filter ] --END-- [ RunTime:0.000069s ]
INFO: Run Behavior\ParseTemplateBehavior [ RunTime:0.055257s ]
INFO: [ view_parse ] --END-- [ RunTime:0.055313s ]
INFO: [ view_filter ] --START--
INFO: Run Behavior\WriteHtmlCacheBehavior [ RunTime:0.004680s ]
INFO: [ view_filter ] --END-- [ RunTime:0.004715s ]
INFO: [ view_parse ] --START--
INFO: [ template_filter ] --START--
INFO: Run Behavior\ContentReplaceBehavior [ RunTime:0.000038s ]
INFO: [ template_filter ] --END-- [ RunTime:-0.036043s ]
NOTIC: [8] Undefined variable: uername D:\UPUPW_AP5.5\htdocs\jianli\Application\Runtime\Cache\Home\e2f1e8739761dd1b07196da7c9136d50.php 第 90 行.
NOTIC: [8] Undefined variable: nane D:\UPUPW_AP5.5\htdocs\jianli\Application\Runtime\Cache\Home\e2f1e8739761dd1b07196da7c9136d50.php 第 94 行.
NOTIC: [8] Undefined variable: email D:\UPUPW_AP5.5\htdocs\jianli\Application\Runtime\Cache\Home\e2f1e8739761dd1b07196da7c9136d50.php 第 98 行.
NOTIC: [8] Undefined variable: password D:\UPUPW_AP5.5\htdocs\jianli\Application\Runtime\Cache\Home\e2f1e8739761dd1b07196da7c9136d50.php 第 102 行.
INFO: Run Behavior\ParseTemplateBehavior [ RunTime:0.012785s ]
INFO: [ view_parse ] --END-- [ RunTime:-0.007322s ]
INFO: [ view_filter ] --START--
INFO: Run Behavior\WriteHtmlCacheBehavior [ RunTime:0.000009s ]
INFO: [ view_filter ] --END-- [ RunTime:-0.015452s ]
INFO: [ app_end ] --START--
INFO: Run Behavior\ShowPageTraceBehavior [ RunTime:0.005413s ]
INFO: [ app_end ] --END-- [ RunTime:0.005458s ]

[ 2020-07-06T14:07:22+08:00 ] 127.0.0.1 /jianli/home/index/login
INFO: [ app_init ] --START--
INFO: Run Behavior\BuildLiteBehavior [ RunTime:0.000010s ]
INFO: [ app_init ] --END-- [ RunTime:0.000910s ]
INFO: [ app_begin ] --START--
INFO: Run Behavior\ReadHtmlCacheBehavior [ RunTime:0.005110s ]
INFO: [ app_begin ] --END-- [ RunTime:0.005175s ]
INFO: [ view_parse ] --START--
INFO: [ template_filter ] --START--
INFO: Run Behavior\ContentReplaceBehavior [ RunTime:0.000045s ]
INFO: [ template_filter ] --END-- [ RunTime:0.000094s ]
INFO: Run Behavior\ParseTemplateBehavior [ RunTime:0.026958s ]
INFO: [ view_parse ] --END-- [ RunTime:0.027021s ]
INFO: [ view_filter ] --START--
INFO: Run Behavior\WriteHtmlCacheBehavior [ RunTime:0.005165s ]
INFO: [ view_filter ] --END-- [ RunTime:0.005210s ]
INFO: [ app_end ] --START--
INFO: Run Behavior\ShowPageTraceBehavior [ RunTime:0.005341s ]
INFO: [ app_end ] --END-- [ RunTime:0.005515s ]

[ 2020-07-06T14:07:22+08:00 ] 127.0.0.1 /jianli/home/index/yzm
INFO: [ app_init ] --START--
INFO: Run Behavior\BuildLiteBehavior [ RunTime:0.000012s ]
INFO: [ app_init ] --END-- [ RunTime:0.001392s ]
INFO: [ app_begin ] --START--
INFO: Run Behavior\ReadHtmlCacheBehavior [ RunTime:0.005075s ]
INFO: [ app_begin ] --END-- [ RunTime:0.005131s ]
ERR: 模板不存在:./Application/Home/View/Index/yzm.html

[ 2020-07-06T14:07:47+08:00 ] 127.0.0.1 /jianli/home/index/login
INFO: [ app_init ] --START--
INFO: Run Behavior\BuildLiteBehavior [ RunTime:0.000009s ]
INFO: [ app_init ] --END-- [ RunTime:0.000803s ]
INFO: [ app_begin ] --START--
INFO: Run Behavior\ReadHtmlCacheBehavior [ RunTime:0.004229s ]
INFO: [ app_begin ] --END-- [ RunTime:0.004291s ]
SQL: SHOW COLUMNS FROM `uer` [ RunTime:0.0100s ]
INFO: [ view_parse ] --START--
INFO: [ template_filter ] --START--
INFO: Run Behavior\ContentReplaceBehavior [ RunTime:0.000049s ]
INFO: [ template_filter ] --END-- [ RunTime:0.000117s ]
INFO: Run Behavior\ParseTemplateBehavior [ RunTime:0.024007s ]
INFO: [ view_parse ] --END-- [ RunTime:0.024058s ]
INFO: [ view_filter ] --START--
INFO: Run Behavior\WriteHtmlCacheBehavior [ RunTime:0.005956s ]
INFO: [ view_filter ] --END-- [ RunTime:0.005994s ]
INFO: [ view_parse ] --START--
INFO: [ template_filter ] --START--
INFO: Run Behavior\ContentReplaceBehavior [ RunTime:0.000032s ]
INFO: [ template_filter ] --END-- [ RunTime:-0.020596s ]
INFO: Run Behavior\ParseTemplateBehavior [ RunTime:0.011818s ]
INFO: [ view_parse ] --END-- [ RunTime:-0.008386s ]
INFO: [ view_filter ] --START--
INFO: Run Behavior\WriteHtmlCacheBehavior [ RunTime:0.000009s ]
INFO: [ view_filter ] --END-- [ RunTime:-0.014290s ]
INFO: [ app_end ] --START--
INFO: Run Behavior\ShowPageTraceBehavior [ RunTime:0.005903s ]
INFO: [ app_end ] --END-- [ RunTime:0.005945s ]

[ 2020-07-06T14:07:47+08:00 ] 127.0.0.1 /jianli/home/index/yzm
INFO: [ app_init ] --START--
INFO: Run Behavior\BuildLiteBehavior [ RunTime:0.000008s ]
INFO: [ app_init ] --END-- [ RunTime:0.001125s ]
INFO: [ app_begin ] --START--
INFO: Run Behavior\ReadHtmlCacheBehavior [ RunTime:0.004563s ]
INFO: [ app_begin ] --END-- [ RunTime:0.004606s ]
ERR: 模板不存在:./Application/Home/View/Index/yzm.html

[ 2020-07-06T14:07:48+08:00 ] 127.0.0.1 /jianli/home/index/login
INFO: [ app_init ] --START--
INFO: Run Behavior\BuildLiteBehavior [ RunTime:0.000010s ]
INFO: [ app_init ] --END-- [ RunTime:0.000909s ]
INFO: [ app_begin ] --START--
INFO: Run Behavior\ReadHtmlCacheBehavior [ RunTime:0.004580s ]
INFO: [ app_begin ] --END-- [ RunTime:0.004620s ]
INFO: [ view_parse ] --START--
INFO: [ template_filter ] --START--
INFO: Run Behavior\ContentReplaceBehavior [ RunTime:0.000040s ]
INFO: [ template_filter ] --END-- [ RunTime:0.000077s ]
INFO: Run Behavior\ParseTemplateBehavior [ RunTime:0.024255s ]
INFO: [ view_parse ] --END-- [ RunTime:0.024302s ]
INFO: [ view_filter ] --START--
INFO: Run Behavior\WriteHtmlCacheBehavior [ RunTime:0.004552s ]
INFO: [ view_filter ] --END-- [ RunTime:0.004582s ]
INFO: [ app_end ] --START--
INFO: Run Behavior\ShowPageTraceBehavior [ RunTime:0.004774s ]
INFO: [ app_end ] --END-- [ RunTime:0.004809s ]

[ 2020-07-06T14:07:49+08:00 ] 127.0.0.1 /jianli/home/index/yzm
INFO: [ app_init ] --START--
INFO: Run Behavior\BuildLiteBehavior [ RunTime:0.000009s ]
INFO: [ app_init ] --END-- [ RunTime:0.000942s ]
INFO: [ app_begin ] --START--
INFO: Run Behavior\ReadHtmlCacheBehavior [ RunTime:0.005676s ]
INFO: [ app_begin ] --END-- [ RunTime:0.005727s ]
ERR: 模板不存在:./Application/Home/View/Index/yzm.html

[ 2020-07-06T14:08:18+08:00 ] 127.0.0.1 /jianli/home/index/login
INFO: [ app_init ] --START--
INFO: Run Behavior\BuildLiteBehavior [ RunTime:0.000012s ]
INFO: [ app_init ] --END-- [ RunTime:0.000979s ]
INFO: [ app_begin ] --START--
INFO: Run Behavior\ReadHtmlCacheBehavior [ RunTime:0.005336s ]
INFO: [ app_begin ] --END-- [ RunTime:0.005401s ]
SQL: SHOW COLUMNS FROM `uer` [ RunTime:0.0046s ]
SQL: SELECT * FROM `uer` WHERE ( uername='北觅' )  [ RunTime:0.0003s ]

[ 2020-07-06T14:08:19+08:00 ] 127.0.0.1 /jianli/index.php/home/admin/index.html
INFO: [ app_init ] --START--
INFO: Run Behavior\BuildLiteBehavior [ RunTime:0.000010s ]
INFO: [ app_init ] --END-- [ RunTime:0.000949s ]
INFO: [ app_begin ] --START--
INFO: Run Behavior\ReadHtmlCacheBehavior [ RunTime:0.004552s ]
INFO: [ app_begin ] --END-- [ RunTime:0.004597s ]
INFO: [ view_parse ] --START--
INFO: [ template_filter ] --START--
INFO: Run Behavior\ContentReplaceBehavior [ RunTime:0.000118s ]
INFO: [ template_filter ] --END-- [ RunTime:0.000161s ]
INFO: Run Behavior\ParseTemplateBehavior [ RunTime:0.033139s ]
INFO: [ view_parse ] --END-- [ RunTime:0.033184s ]
INFO: [ view_filter ] --START--
INFO: Run Behavior\WriteHtmlCacheBehavior [ RunTime:0.004250s ]
INFO: [ view_filter ] --END-- [ RunTime:0.004277s ]
INFO: [ app_end ] --START--
INFO: Run Behavior\ShowPageTraceBehavior [ RunTime:0.004705s ]
INFO: [ app_end ] --END-- [ RunTime:0.004739s ]

[ 2020-07-06T14:08:21+08:00 ] 127.0.0.1 /jianli/index.php/home/admin/welcome.html
INFO: [ app_init ] --START--
INFO: Run Behavior\BuildLiteBehavior [ RunTime:0.000010s ]
INFO: [ app_init ] --END-- [ RunTime:0.000946s ]
INFO: [ app_begin ] --START--
INFO: Run Behavior\ReadHtmlCacheBehavior [ RunTime:0.005102s ]
INFO: [ app_begin ] --END-- [ RunTime:0.005157s ]
INFO: [ view_parse ] --START--
INFO: [ template_filter ] --START--
INFO: Run Behavior\ContentReplaceBehavior [ RunTime:0.000039s ]
INFO: [ template_filter ] --END-- [ RunTime:0.000078s ]
NOTIC: [8] Undefined variable: name D:\UPUPW_AP5.5\htdocs\jianli\Application\Runtime\Cache\Home\5507c29d362ae8625dc66f7486f5a875.php 第 10 行.
NOTIC: [8] Undefined variable: name D:\UPUPW_AP5.5\htdocs\jianli\Application\Runtime\Cache\Home\5507c29d362ae8625dc66f7486f5a875.php 第 11 行.
NOTIC: [8] Undefined variable: name D:\UPUPW_AP5.5\htdocs\jianli\Application\Runtime\Cache\Home\5507c29d362ae8625dc66f7486f5a875.php 第 13 行.
NOTIC: [8] Undefined variable: name D:\UPUPW_AP5.5\htdocs\jianli\Application\Runtime\Cache\Home\5507c29d362ae8625dc66f7486f5a875.php 第 14 行.
NOTIC: [8] Undefined variable: name D:\UPUPW_AP5.5\htdocs\jianli\Application\Runtime\Cache\Home\5507c29d362ae8625dc66f7486f5a875.php 第 15 行.
NOTIC: [8] Undefined variable: name D:\UPUPW_AP5.5\htdocs\jianli\Application\Runtime\Cache\Home\5507c29d362ae8625dc66f7486f5a875.php 第 16 行.
NOTIC: [8] Undefined variable: name D:\UPUPW_AP5.5\htdocs\jianli\Application\Runtime\Cache\Home\5507c29d362ae8625dc66f7486f5a875.php 第 17 行.
NOTIC: [8] Undefined variable: name D:\UPUPW_AP5.5\htdocs\jianli\Application\Runtime\Cache\Home\5507c29d362ae8625dc66f7486f5a875.php 第 19 行.
NOTIC: [8] Undefined variable: name D:\UPUPW_AP5.5\htdocs\jianli\Application\Runtime\Cache\Home\5507c29d362ae8625dc66f7486f5a875.php 第 195 行.
NOTIC: [8] Undefined variable: name D:\UPUPW_AP5.5\htdocs\jianli\Application\Runtime\Cache\Home\5507c29d362ae8625dc66f7486f5a875.php 第 196 行.
INFO: Run Behavior\ParseTemplateBehavior [ RunTime:0.036846s ]
INFO: [ view_parse ] --END-- [ RunTime:0.036888s ]
INFO: [ view_filter ] --START--
INFO: Run Behavior\WriteHtmlCacheBehavior [ RunTime:0.004814s ]
INFO: [ view_filter ] --END-- [ RunTime:0.004850s ]
INFO: [ app_end ] --START--
INFO: Run Behavior\ShowPageTraceBehavior [ RunTime:0.004758s ]
INFO: [ app_end ] --END-- [ RunTime:0.004793s ]

