[ 2020-06-08T11:16:37+08:00 ] 127.0.0.1 /jianli/
INFO: [ app_init ] --START--
INFO: Run Behavior\BuildLiteBehavior [ RunTime:0.000013s ]
INFO: [ app_init ] --END-- [ RunTime:0.029738s ]
INFO: [ app_begin ] --START--
INFO: Run Behavior\ReadHtmlCacheBehavior [ RunTime:0.018319s ]
INFO: [ app_begin ] --END-- [ RunTime:0.018366s ]
SQL: SHOW COLUMNS FROM `liuyan` [ RunTime:0.0535s ]
SQL: SELECT * FROM `liuyan` ORDER BY id desc LIMIT 10   [ RunTime:0.0091s ]
INFO: [ view_parse ] --START--
INFO: [ template_filter ] --START--
INFO: Run Behavior\ContentReplaceBehavior [ RunTime:0.000450s ]
INFO: [ template_filter ] --END-- [ RunTime:0.000491s ]
INFO: Run Behavior\ParseTemplateBehavior [ RunTime:0.101979s ]
INFO: [ view_parse ] --END-- [ RunTime:0.102042s ]
INFO: [ view_filter ] --START--
INFO: Run Behavior\WriteHtmlCacheBehavior [ RunTime:0.022196s ]
INFO: [ view_filter ] --END-- [ RunTime:0.022233s ]
INFO: [ app_end ] --START--
INFO: Run Behavior\ShowPageTraceBehavior [ RunTime:0.019887s ]
INFO: [ app_end ] --END-- [ RunTime:0.019964s ]

[ 2020-06-08T11:27:00+08:00 ] 127.0.0.1 /jianli/home/index/contact
INFO: [ app_init ] --START--
INFO: Run Behavior\BuildLiteBehavior [ RunTime:0.000012s ]
INFO: [ app_init ] --END-- [ RunTime:0.001170s ]
INFO: [ app_begin ] --START--
INFO: Run Behavior\ReadHtmlCacheBehavior [ RunTime:0.006231s ]
INFO: [ app_begin ] --END-- [ RunTime:0.006300s ]
INFO: [ view_parse ] --START--
INFO: [ template_filter ] --START--
INFO: Run Behavior\ContentReplaceBehavior [ RunTime:0.000047s ]
INFO: [ template_filter ] --END-- [ RunTime:0.000091s ]
INFO: Run Behavior\ParseTemplateBehavior [ RunTime:0.045979s ]
INFO: [ view_parse ] --END-- [ RunTime:0.046033s ]
INFO: [ view_filter ] --START--
INFO: Run Behavior\WriteHtmlCacheBehavior [ RunTime:0.005965s ]
INFO: [ view_filter ] --END-- [ RunTime:0.006000s ]
INFO: [ app_end ] --START--
INFO: Run Behavior\ShowPageTraceBehavior [ RunTime:0.007021s ]
INFO: [ app_end ] --END-- [ RunTime:0.007063s ]

[ 2020-06-08T11:27:21+08:00 ] 127.0.0.1 /jianli/home/index/index
INFO: [ app_init ] --START--
INFO: Run Behavior\BuildLiteBehavior [ RunTime:0.000011s ]
INFO: [ app_init ] --END-- [ RunTime:0.001181s ]
INFO: [ app_begin ] --START--
INFO: Run Behavior\ReadHtmlCacheBehavior [ RunTime:0.005748s ]
INFO: [ app_begin ] --END-- [ RunTime:0.005791s ]
SQL: SHOW COLUMNS FROM `liuyan` [ RunTime:0.0148s ]
SQL: SELECT * FROM `liuyan` ORDER BY id desc LIMIT 10   [ RunTime:0.0003s ]
INFO: [ view_parse ] --START--
INFO: [ template_filter ] --START--
INFO: Run Behavior\ContentReplaceBehavior [ RunTime:0.000066s ]
INFO: [ template_filter ] --END-- [ RunTime:0.000128s ]
INFO: Run Behavior\ParseTemplateBehavior [ RunTime:0.032420s ]
INFO: [ view_parse ] --END-- [ RunTime:0.032470s ]
INFO: [ view_filter ] --START--
INFO: Run Behavior\WriteHtmlCacheBehavior [ RunTime:0.007617s ]
INFO: [ view_filter ] --END-- [ RunTime:0.007699s ]
INFO: [ app_end ] --START--
INFO: Run Behavior\ShowPageTraceBehavior [ RunTime:0.006119s ]
INFO: [ app_end ] --END-- [ RunTime:0.006156s ]

[ 2020-06-08T11:27:33+08:00 ] 127.0.0.1 /jianli/home/index/register
INFO: [ app_init ] --START--
INFO: Run Behavior\BuildLiteBehavior [ RunTime:0.000011s ]
INFO: [ app_init ] --END-- [ RunTime:0.002470s ]
INFO: [ app_begin ] --START--
INFO: Run Behavior\ReadHtmlCacheBehavior [ RunTime:0.005844s ]
INFO: [ app_begin ] --END-- [ RunTime:0.005905s ]
INFO: [ view_parse ] --START--
INFO: [ template_filter ] --START--
INFO: Run Behavior\ContentReplaceBehavior [ RunTime:0.000048s ]
INFO: [ template_filter ] --END-- [ RunTime:0.000109s ]
NOTIC: [8] Undefined variable: uername D:\UPUPW_AP5.5\htdocs\jianli\Application\Runtime\Cache\Home\e2f1e8739761dd1b07196da7c9136d50.php 第 90 行.
NOTIC: [8] Undefined variable: nane D:\UPUPW_AP5.5\htdocs\jianli\Application\Runtime\Cache\Home\e2f1e8739761dd1b07196da7c9136d50.php 第 94 行.
NOTIC: [8] Undefined variable: email D:\UPUPW_AP5.5\htdocs\jianli\Application\Runtime\Cache\Home\e2f1e8739761dd1b07196da7c9136d50.php 第 98 行.
NOTIC: [8] Undefined variable: password D:\UPUPW_AP5.5\htdocs\jianli\Application\Runtime\Cache\Home\e2f1e8739761dd1b07196da7c9136d50.php 第 102 行.
INFO: Run Behavior\ParseTemplateBehavior [ RunTime:0.084618s ]
INFO: [ view_parse ] --END-- [ RunTime:0.084659s ]
INFO: [ view_filter ] --START--
INFO: Run Behavior\WriteHtmlCacheBehavior [ RunTime:0.006985s ]
INFO: [ view_filter ] --END-- [ RunTime:0.007026s ]
INFO: [ app_end ] --START--
INFO: Run Behavior\ShowPageTraceBehavior [ RunTime:0.005895s ]
INFO: [ app_end ] --END-- [ RunTime:0.005929s ]

[ 2020-06-08T11:27:40+08:00 ] 127.0.0.1 /jianli/home/index/index
INFO: [ app_init ] --START--
INFO: Run Behavior\BuildLiteBehavior [ RunTime:0.000017s ]
INFO: [ app_init ] --END-- [ RunTime:0.001102s ]
INFO: [ app_begin ] --START--
INFO: Run Behavior\ReadHtmlCacheBehavior [ RunTime:0.008334s ]
INFO: [ app_begin ] --END-- [ RunTime:0.008385s ]
SQL: SHOW COLUMNS FROM `liuyan` [ RunTime:0.0070s ]
SQL: SELECT * FROM `liuyan` ORDER BY id desc LIMIT 10   [ RunTime:0.0003s ]
INFO: [ view_parse ] --START--
INFO: [ template_filter ] --START--
INFO: Run Behavior\ContentReplaceBehavior [ RunTime:0.000052s ]
INFO: [ template_filter ] --END-- [ RunTime:0.000087s ]
INFO: Run Behavior\ParseTemplateBehavior [ RunTime:0.032660s ]
INFO: [ view_parse ] --END-- [ RunTime:0.032708s ]
INFO: [ view_filter ] --START--
INFO: Run Behavior\WriteHtmlCacheBehavior [ RunTime:0.006216s ]
INFO: [ view_filter ] --END-- [ RunTime:0.006249s ]
INFO: [ app_end ] --START--
INFO: Run Behavior\ShowPageTraceBehavior [ RunTime:0.007650s ]
INFO: [ app_end ] --END-- [ RunTime:0.007691s ]

[ 2020-06-08T11:27:41+08:00 ] 127.0.0.1 /jianli/home/index/login
INFO: [ app_init ] --START--
INFO: Run Behavior\BuildLiteBehavior [ RunTime:0.000012s ]
INFO: [ app_init ] --END-- [ RunTime:0.003381s ]
INFO: [ app_begin ] --START--
INFO: Run Behavior\ReadHtmlCacheBehavior [ RunTime:0.008122s ]
INFO: [ app_begin ] --END-- [ RunTime:0.008199s ]
INFO: [ view_parse ] --START--
INFO: [ template_filter ] --START--
INFO: Run Behavior\ContentReplaceBehavior [ RunTime:0.000044s ]
INFO: [ template_filter ] --END-- [ RunTime:0.000117s ]
INFO: Run Behavior\ParseTemplateBehavior [ RunTime:0.051461s ]
INFO: [ view_parse ] --END-- [ RunTime:0.051671s ]
INFO: [ view_filter ] --START--
INFO: Run Behavior\WriteHtmlCacheBehavior [ RunTime:0.006040s ]
INFO: [ view_filter ] --END-- [ RunTime:0.006075s ]
INFO: [ app_end ] --START--
INFO: Run Behavior\ShowPageTraceBehavior [ RunTime:0.005922s ]
INFO: [ app_end ] --END-- [ RunTime:0.005954s ]

[ 2020-06-08T11:27:41+08:00 ] 127.0.0.1 /jianli/home/index/yzm
INFO: [ app_init ] --START--
INFO: Run Behavior\BuildLiteBehavior [ RunTime:0.000014s ]
INFO: [ app_init ] --END-- [ RunTime:0.001308s ]
INFO: [ app_begin ] --START--
INFO: Run Behavior\ReadHtmlCacheBehavior [ RunTime:0.006693s ]
INFO: [ app_begin ] --END-- [ RunTime:0.006743s ]
ERR: 模板不存在:./Application/Home/View/Index/yzm.html

[ 2020-06-08T11:27:43+08:00 ] 127.0.0.1 /jianli/home/index/yzm?0.9618177284850149
INFO: [ app_init ] --START--
INFO: Run Behavior\BuildLiteBehavior [ RunTime:0.000010s ]
INFO: [ app_init ] --END-- [ RunTime:0.000978s ]
INFO: [ app_begin ] --START--
INFO: Run Behavior\ReadHtmlCacheBehavior [ RunTime:0.005676s ]
INFO: [ app_begin ] --END-- [ RunTime:0.005714s ]
ERR: 模板不存在:./Application/Home/View/Index/yzm.html

[ 2020-06-08T11:27:46+08:00 ] 127.0.0.1 /jianli/home/index/yzm?0.9618177284850149?0.2739898033999948
INFO: [ app_init ] --START--
INFO: Run Behavior\BuildLiteBehavior [ RunTime:0.000010s ]
INFO: [ app_init ] --END-- [ RunTime:0.000963s ]
INFO: [ app_begin ] --START--
INFO: Run Behavior\ReadHtmlCacheBehavior [ RunTime:0.005310s ]
INFO: [ app_begin ] --END-- [ RunTime:0.005344s ]
ERR: 模板不存在:./Application/Home/View/Index/yzm.html

[ 2020-06-08T11:27:47+08:00 ] 127.0.0.1 /jianli/home/index/lostpassword
INFO: [ app_init ] --START--
INFO: Run Behavior\BuildLiteBehavior [ RunTime:0.000011s ]
INFO: [ app_init ] --END-- [ RunTime:0.001106s ]
INFO: [ app_begin ] --START--
INFO: Run Behavior\ReadHtmlCacheBehavior [ RunTime:0.007716s ]
INFO: [ app_begin ] --END-- [ RunTime:0.007769s ]
INFO: [ view_parse ] --START--
INFO: [ template_filter ] --START--
INFO: Run Behavior\ContentReplaceBehavior [ RunTime:0.000041s ]
INFO: [ template_filter ] --END-- [ RunTime:0.000083s ]
INFO: Run Behavior\ParseTemplateBehavior [ RunTime:0.046949s ]
INFO: [ view_parse ] --END-- [ RunTime:0.047002s ]
INFO: [ view_filter ] --START--
INFO: Run Behavior\WriteHtmlCacheBehavior [ RunTime:0.007278s ]
INFO: [ view_filter ] --END-- [ RunTime:0.007337s ]
INFO: [ app_end ] --START--
INFO: Run Behavior\ShowPageTraceBehavior [ RunTime:0.005857s ]
INFO: [ app_end ] --END-- [ RunTime:0.005888s ]

[ 2020-06-08T11:27:55+08:00 ] 127.0.0.1 /jianli/home/index/password
INFO: [ app_init ] --START--
INFO: Run Behavior\BuildLiteBehavior [ RunTime:0.000030s ]
INFO: [ app_init ] --END-- [ RunTime:0.001389s ]
INFO: [ app_begin ] --START--
INFO: Run Behavior\ReadHtmlCacheBehavior [ RunTime:0.006077s ]
INFO: [ app_begin ] --END-- [ RunTime:0.006126s ]
SQL: SHOW COLUMNS FROM `uer` [ RunTime:0.0551s ]
SQL: SELECT * FROM `uer` WHERE ( uername='lsx1314521' and name='连思鑫' and email='2013182991@qq.com' )  [ RunTime:0.0005s ]
INFO: [ view_parse ] --START--
INFO: [ template_filter ] --START--
INFO: Run Behavior\ContentReplaceBehavior [ RunTime:0.000123s ]
INFO: [ template_filter ] --END-- [ RunTime:0.000320s ]
INFO: Run Behavior\ParseTemplateBehavior [ RunTime:0.046908s ]
INFO: [ view_parse ] --END-- [ RunTime:0.046960s ]
INFO: [ view_filter ] --START--
INFO: Run Behavior\WriteHtmlCacheBehavior [ RunTime:0.009194s ]
INFO: [ view_filter ] --END-- [ RunTime:0.009277s ]
INFO: [ app_end ] --START--
INFO: Run Behavior\ShowPageTraceBehavior [ RunTime:0.006112s ]
INFO: [ app_end ] --END-- [ RunTime:0.006147s ]

[ 2020-06-08T11:28:05+08:00 ] 127.0.0.1 /jianli/home/index/password
INFO: [ app_init ] --START--
INFO: Run Behavior\BuildLiteBehavior [ RunTime:0.000010s ]
INFO: [ app_init ] --END-- [ RunTime:0.001106s ]
INFO: [ app_begin ] --START--
INFO: Run Behavior\ReadHtmlCacheBehavior [ RunTime:0.005958s ]
INFO: [ app_begin ] --END-- [ RunTime:0.006029s ]
SQL: SHOW COLUMNS FROM `uer` [ RunTime:0.0052s ]
SQL: SELECT * FROM `uer` WHERE ( uername='lsx131452' and name='连思鑫' and email='2013182991@qq.com' )  [ RunTime:0.0002s ]
INFO: [ view_parse ] --START--
INFO: [ template_filter ] --START--
INFO: Run Behavior\ContentReplaceBehavior [ RunTime:0.000029s ]
INFO: [ template_filter ] --END-- [ RunTime:0.000069s ]
INFO: Run Behavior\ParseTemplateBehavior [ RunTime:0.044477s ]
INFO: [ view_parse ] --END-- [ RunTime:0.044526s ]
INFO: [ view_filter ] --START--
INFO: Run Behavior\WriteHtmlCacheBehavior [ RunTime:0.005718s ]
INFO: [ view_filter ] --END-- [ RunTime:0.005746s ]

[ 2020-06-08T11:28:15+08:00 ] 127.0.0.1 /jianli/home/index/password
INFO: [ app_init ] --START--
INFO: Run Behavior\BuildLiteBehavior [ RunTime:0.000010s ]
INFO: [ app_init ] --END-- [ RunTime:0.001079s ]
INFO: [ app_begin ] --START--
INFO: Run Behavior\ReadHtmlCacheBehavior [ RunTime:0.007597s ]
INFO: [ app_begin ] --END-- [ RunTime:0.007647s ]
SQL: SHOW COLUMNS FROM `uer` [ RunTime:0.0187s ]
SQL: SELECT * FROM `uer` WHERE ( uername='lsx1314521' and name='连思' and email='2013182991@qq.com' )  [ RunTime:0.0002s ]
INFO: [ view_parse ] --START--
INFO: [ template_filter ] --START--
INFO: Run Behavior\ContentReplaceBehavior [ RunTime:0.000028s ]
INFO: [ template_filter ] --END-- [ RunTime:0.000070s ]
INFO: Run Behavior\ParseTemplateBehavior [ RunTime:0.028407s ]
INFO: [ view_parse ] --END-- [ RunTime:0.028449s ]
INFO: [ view_filter ] --START--
INFO: Run Behavior\WriteHtmlCacheBehavior [ RunTime:0.005776s ]
INFO: [ view_filter ] --END-- [ RunTime:0.005805s ]

[ 2020-06-08T11:31:22+08:00 ] 127.0.0.1 /jianli/home/index/password
INFO: [ app_init ] --START--
INFO: Run Behavior\BuildLiteBehavior [ RunTime:0.000010s ]
INFO: [ app_init ] --END-- [ RunTime:0.001112s ]
INFO: [ app_begin ] --START--
INFO: Run Behavior\ReadHtmlCacheBehavior [ RunTime:0.007260s ]
INFO: [ app_begin ] --END-- [ RunTime:0.007371s ]
SQL: SHOW COLUMNS FROM `uer` [ RunTime:0.0052s ]
SQL: SELECT * FROM `uer` WHERE ( uername='lsx1314521' and name='连思鑫' and email='2013182991@qq.com' )  [ RunTime:0.0003s ]
INFO: [ view_parse ] --START--
INFO: [ template_filter ] --START--
INFO: Run Behavior\ContentReplaceBehavior [ RunTime:0.000040s ]
INFO: [ template_filter ] --END-- [ RunTime:0.000091s ]
INFO: Run Behavior\ParseTemplateBehavior [ RunTime:0.034040s ]
INFO: [ view_parse ] --END-- [ RunTime:0.034089s ]
INFO: [ view_filter ] --START--
INFO: Run Behavior\WriteHtmlCacheBehavior [ RunTime:0.006583s ]
INFO: [ view_filter ] --END-- [ RunTime:0.006617s ]
INFO: [ app_end ] --START--
INFO: Run Behavior\ShowPageTraceBehavior [ RunTime:0.008795s ]
INFO: [ app_end ] --END-- [ RunTime:0.008836s ]

[ 2020-06-08T11:31:46+08:00 ] 127.0.0.1 /jianli/home/index/password
INFO: [ app_init ] --START--
INFO: Run Behavior\BuildLiteBehavior [ RunTime:0.000045s ]
INFO: [ app_init ] --END-- [ RunTime:0.002532s ]
INFO: [ app_begin ] --START--
INFO: Run Behavior\ReadHtmlCacheBehavior [ RunTime:0.006236s ]
INFO: [ app_begin ] --END-- [ RunTime:0.006433s ]
SQL: SHOW COLUMNS FROM `uer` [ RunTime:0.0064s ]
SQL: SELECT * FROM `uer` WHERE ( uername='lsx1314521' and name='连思鑫' and email='2013182991@qq.com' )  [ RunTime:0.0003s ]
INFO: [ view_parse ] --START--
INFO: [ template_filter ] --START--
INFO: Run Behavior\ContentReplaceBehavior [ RunTime:0.000041s ]
INFO: [ template_filter ] --END-- [ RunTime:0.000080s ]
INFO: Run Behavior\ParseTemplateBehavior [ RunTime:0.033741s ]
INFO: [ view_parse ] --END-- [ RunTime:0.033786s ]
INFO: [ view_filter ] --START--
INFO: Run Behavior\WriteHtmlCacheBehavior [ RunTime:0.006798s ]
INFO: [ view_filter ] --END-- [ RunTime:0.006838s ]
INFO: [ app_end ] --START--
INFO: Run Behavior\ShowPageTraceBehavior [ RunTime:0.005879s ]
INFO: [ app_end ] --END-- [ RunTime:0.005914s ]

[ 2020-06-08T11:31:49+08:00 ] 127.0.0.1 /jianli/home/index/passwordyz
INFO: [ app_init ] --START--
INFO: Run Behavior\BuildLiteBehavior [ RunTime:0.000031s ]
INFO: [ app_init ] --END-- [ RunTime:0.004078s ]
INFO: [ app_begin ] --START--
INFO: Run Behavior\ReadHtmlCacheBehavior [ RunTime:0.008403s ]
INFO: [ app_begin ] --END-- [ RunTime:0.008513s ]
SQL: SHOW COLUMNS FROM `uer` [ RunTime:0.0046s ]
INFO: [ view_parse ] --START--
INFO: [ template_filter ] --START--
INFO: Run Behavior\ContentReplaceBehavior [ RunTime:0.000031s ]
INFO: [ template_filter ] --END-- [ RunTime:0.000069s ]
INFO: Run Behavior\ParseTemplateBehavior [ RunTime:0.029871s ]
INFO: [ view_parse ] --END-- [ RunTime:0.029942s ]
INFO: [ view_filter ] --START--
INFO: Run Behavior\WriteHtmlCacheBehavior [ RunTime:0.008225s ]
INFO: [ view_filter ] --END-- [ RunTime:0.008263s ]

[ 2020-06-08T11:31:55+08:00 ] 127.0.0.1 /jianli/home/index/index
INFO: [ app_init ] --START--
INFO: Run Behavior\BuildLiteBehavior [ RunTime:0.000010s ]
INFO: [ app_init ] --END-- [ RunTime:0.001069s ]
INFO: [ app_begin ] --START--
INFO: Run Behavior\ReadHtmlCacheBehavior [ RunTime:0.008833s ]
INFO: [ app_begin ] --END-- [ RunTime:0.008884s ]
SQL: SHOW COLUMNS FROM `liuyan` [ RunTime:0.0335s ]
SQL: SELECT * FROM `liuyan` ORDER BY id desc LIMIT 10   [ RunTime:0.0003s ]
INFO: [ view_parse ] --START--
INFO: [ template_filter ] --START--
INFO: Run Behavior\ContentReplaceBehavior [ RunTime:0.000082s ]
INFO: [ template_filter ] --END-- [ RunTime:0.000120s ]
INFO: Run Behavior\ParseTemplateBehavior [ RunTime:0.033011s ]
INFO: [ view_parse ] --END-- [ RunTime:0.033058s ]
INFO: [ view_filter ] --START--
INFO: Run Behavior\WriteHtmlCacheBehavior [ RunTime:0.007266s ]
INFO: [ view_filter ] --END-- [ RunTime:0.007304s ]
INFO: [ app_end ] --START--
INFO: Run Behavior\ShowPageTraceBehavior [ RunTime:0.006311s ]
INFO: [ app_end ] --END-- [ RunTime:0.006351s ]

[ 2020-06-08T11:31:59+08:00 ] 127.0.0.1 /jianli/home/index/login
INFO: [ app_init ] --START--
INFO: Run Behavior\BuildLiteBehavior [ RunTime:0.000010s ]
INFO: [ app_init ] --END-- [ RunTime:0.001575s ]
INFO: [ app_begin ] --START--
INFO: Run Behavior\ReadHtmlCacheBehavior [ RunTime:0.005816s ]
INFO: [ app_begin ] --END-- [ RunTime:0.005872s ]
INFO: [ view_parse ] --START--
INFO: [ template_filter ] --START--
INFO: Run Behavior\ContentReplaceBehavior [ RunTime:0.000039s ]
INFO: [ template_filter ] --END-- [ RunTime:0.000078s ]
INFO: Run Behavior\ParseTemplateBehavior [ RunTime:0.030971s ]
INFO: [ view_parse ] --END-- [ RunTime:0.031047s ]
INFO: [ view_filter ] --START--
INFO: Run Behavior\WriteHtmlCacheBehavior [ RunTime:0.006194s ]
INFO: [ view_filter ] --END-- [ RunTime:0.006226s ]
INFO: [ app_end ] --START--
INFO: Run Behavior\ShowPageTraceBehavior [ RunTime:0.006245s ]
INFO: [ app_end ] --END-- [ RunTime:0.006283s ]

[ 2020-06-08T11:32:00+08:00 ] 127.0.0.1 /jianli/home/index/yzm
INFO: [ app_init ] --START--
INFO: Run Behavior\BuildLiteBehavior [ RunTime:0.000010s ]
INFO: [ app_init ] --END-- [ RunTime:0.001254s ]
INFO: [ app_begin ] --START--
INFO: Run Behavior\ReadHtmlCacheBehavior [ RunTime:0.007187s ]
INFO: [ app_begin ] --END-- [ RunTime:0.007244s ]
ERR: 模板不存在:./Application/Home/View/Index/yzm.html

[ 2020-06-08T11:32:17+08:00 ] 127.0.0.1 /jianli/home/index/login
INFO: [ app_init ] --START--
INFO: Run Behavior\BuildLiteBehavior [ RunTime:0.000011s ]
INFO: [ app_init ] --END-- [ RunTime:0.001721s ]
INFO: [ app_begin ] --START--
INFO: Run Behavior\ReadHtmlCacheBehavior [ RunTime:0.005875s ]
INFO: [ app_begin ] --END-- [ RunTime:0.005923s ]
SQL: SHOW COLUMNS FROM `uer` [ RunTime:0.0048s ]
INFO: [ view_parse ] --START--
INFO: [ template_filter ] --START--
INFO: Run Behavior\ContentReplaceBehavior [ RunTime:0.000030s ]
INFO: [ template_filter ] --END-- [ RunTime:0.000068s ]
INFO: Run Behavior\ParseTemplateBehavior [ RunTime:0.028892s ]
INFO: [ view_parse ] --END-- [ RunTime:0.028943s ]
INFO: [ view_filter ] --START--
INFO: Run Behavior\WriteHtmlCacheBehavior [ RunTime:0.005699s ]
INFO: [ view_filter ] --END-- [ RunTime:0.005729s ]
INFO: [ view_parse ] --START--
INFO: [ template_filter ] --START--
INFO: Run Behavior\ContentReplaceBehavior [ RunTime:0.000036s ]
INFO: [ template_filter ] --END-- [ RunTime:-0.024850s ]
INFO: Run Behavior\ParseTemplateBehavior [ RunTime:0.016607s ]
INFO: [ view_parse ] --END-- [ RunTime:-0.008782s ]
INFO: [ view_filter ] --START--
INFO: Run Behavior\WriteHtmlCacheBehavior [ RunTime:0.000008s ]
INFO: [ view_filter ] --END-- [ RunTime:-0.019704s ]
INFO: [ app_end ] --START--
INFO: Run Behavior\ShowPageTraceBehavior [ RunTime:0.006593s ]
INFO: [ app_end ] --END-- [ RunTime:0.006633s ]

[ 2020-06-08T11:32:17+08:00 ] 127.0.0.1 /jianli/home/index/yzm
INFO: [ app_init ] --START--
INFO: Run Behavior\BuildLiteBehavior [ RunTime:0.000009s ]
INFO: [ app_init ] --END-- [ RunTime:0.001318s ]
INFO: [ app_begin ] --START--
INFO: Run Behavior\ReadHtmlCacheBehavior [ RunTime:0.008059s ]
INFO: [ app_begin ] --END-- [ RunTime:0.008130s ]
ERR: 模板不存在:./Application/Home/View/Index/yzm.html

[ 2020-06-08T11:32:18+08:00 ] 127.0.0.1 /jianli/home/index/login
INFO: [ app_init ] --START--
INFO: Run Behavior\BuildLiteBehavior [ RunTime:0.000010s ]
INFO: [ app_init ] --END-- [ RunTime:0.001052s ]
INFO: [ app_begin ] --START--
INFO: Run Behavior\ReadHtmlCacheBehavior [ RunTime:0.006209s ]
INFO: [ app_begin ] --END-- [ RunTime:0.006304s ]
INFO: [ view_parse ] --START--
INFO: [ template_filter ] --START--
INFO: Run Behavior\ContentReplaceBehavior [ RunTime:0.000041s ]
INFO: [ template_filter ] --END-- [ RunTime:0.000084s ]
INFO: Run Behavior\ParseTemplateBehavior [ RunTime:0.032676s ]
INFO: [ view_parse ] --END-- [ RunTime:0.032729s ]
INFO: [ view_filter ] --START--
INFO: Run Behavior\WriteHtmlCacheBehavior [ RunTime:0.006714s ]
INFO: [ view_filter ] --END-- [ RunTime:0.006752s ]
INFO: [ app_end ] --START--
INFO: Run Behavior\ShowPageTraceBehavior [ RunTime:0.006023s ]
INFO: [ app_end ] --END-- [ RunTime:0.006059s ]

[ 2020-06-08T11:32:19+08:00 ] 127.0.0.1 /jianli/home/index/yzm
INFO: [ app_init ] --START--
INFO: Run Behavior\BuildLiteBehavior [ RunTime:0.000009s ]
INFO: [ app_init ] --END-- [ RunTime:0.001273s ]
INFO: [ app_begin ] --START--
INFO: Run Behavior\ReadHtmlCacheBehavior [ RunTime:0.006286s ]
INFO: [ app_begin ] --END-- [ RunTime:0.006334s ]
ERR: 模板不存在:./Application/Home/View/Index/yzm.html

[ 2020-06-08T11:32:34+08:00 ] 127.0.0.1 /jianli/home/index/login
INFO: [ app_init ] --START--
INFO: Run Behavior\BuildLiteBehavior [ RunTime:0.000010s ]
INFO: [ app_init ] --END-- [ RunTime:0.001136s ]
INFO: [ app_begin ] --START--
INFO: Run Behavior\ReadHtmlCacheBehavior [ RunTime:0.008712s ]
INFO: [ app_begin ] --END-- [ RunTime:0.008763s ]
SQL: SHOW COLUMNS FROM `uer` [ RunTime:0.0070s ]
SQL: SELECT * FROM `uer` WHERE ( uername='lsx1314521' )  [ RunTime:0.0002s ]
INFO: [ view_parse ] --START--
INFO: [ template_filter ] --START--
INFO: Run Behavior\ContentReplaceBehavior [ RunTime:0.000027s ]
INFO: [ template_filter ] --END-- [ RunTime:0.000064s ]
INFO: Run Behavior\ParseTemplateBehavior [ RunTime:0.033759s ]
INFO: [ view_parse ] --END-- [ RunTime:0.033812s ]
INFO: [ view_filter ] --START--
INFO: Run Behavior\WriteHtmlCacheBehavior [ RunTime:0.005822s ]
INFO: [ view_filter ] --END-- [ RunTime:0.005851s ]
INFO: [ view_parse ] --START--
INFO: [ template_filter ] --START--
INFO: Run Behavior\ContentReplaceBehavior [ RunTime:0.000035s ]
INFO: [ template_filter ] --END-- [ RunTime:-0.028620s ]
INFO: Run Behavior\ParseTemplateBehavior [ RunTime:0.017220s ]
INFO: [ view_parse ] --END-- [ RunTime:-0.008901s ]
INFO: [ view_filter ] --START--
INFO: Run Behavior\WriteHtmlCacheBehavior [ RunTime:0.000008s ]
INFO: [ view_filter ] --END-- [ RunTime:-0.020340s ]
INFO: [ app_end ] --START--
INFO: Run Behavior\ShowPageTraceBehavior [ RunTime:0.009298s ]
INFO: [ app_end ] --END-- [ RunTime:0.009336s ]

[ 2020-06-08T11:32:34+08:00 ] 127.0.0.1 /jianli/home/index/yzm
INFO: [ app_init ] --START--
INFO: Run Behavior\BuildLiteBehavior [ RunTime:0.000010s ]
INFO: [ app_init ] --END-- [ RunTime:0.001343s ]
INFO: [ app_begin ] --START--
INFO: Run Behavior\ReadHtmlCacheBehavior [ RunTime:0.008846s ]
INFO: [ app_begin ] --END-- [ RunTime:0.008917s ]
ERR: 模板不存在:./Application/Home/View/Index/yzm.html

[ 2020-06-08T11:32:35+08:00 ] 127.0.0.1 /jianli/home/index/login
INFO: [ app_init ] --START--
INFO: Run Behavior\BuildLiteBehavior [ RunTime:0.000010s ]
INFO: [ app_init ] --END-- [ RunTime:0.001133s ]
INFO: [ app_begin ] --START--
INFO: Run Behavior\ReadHtmlCacheBehavior [ RunTime:0.006962s ]
INFO: [ app_begin ] --END-- [ RunTime:0.007016s ]
INFO: [ view_parse ] --START--
INFO: [ template_filter ] --START--
INFO: Run Behavior\ContentReplaceBehavior [ RunTime:0.000059s ]
INFO: [ template_filter ] --END-- [ RunTime:0.000117s ]
INFO: Run Behavior\ParseTemplateBehavior [ RunTime:0.030099s ]
INFO: [ view_parse ] --END-- [ RunTime:0.030142s ]
INFO: [ view_filter ] --START--
INFO: Run Behavior\WriteHtmlCacheBehavior [ RunTime:0.007206s ]
INFO: [ view_filter ] --END-- [ RunTime:0.007243s ]
INFO: [ app_end ] --START--
INFO: Run Behavior\ShowPageTraceBehavior [ RunTime:0.006171s ]
INFO: [ app_end ] --END-- [ RunTime:0.006205s ]

[ 2020-06-08T11:32:35+08:00 ] 127.0.0.1 /jianli/home/index/yzm
INFO: [ app_init ] --START--
INFO: Run Behavior\BuildLiteBehavior [ RunTime:0.000009s ]
INFO: [ app_init ] --END-- [ RunTime:0.001141s ]
INFO: [ app_begin ] --START--
INFO: Run Behavior\ReadHtmlCacheBehavior [ RunTime:0.006926s ]
INFO: [ app_begin ] --END-- [ RunTime:0.006976s ]
ERR: 模板不存在:./Application/Home/View/Index/yzm.html

[ 2020-06-08T11:38:07+08:00 ] 127.0.0.1 /jianli/home/index/lostpassword
INFO: [ app_init ] --START--
INFO: Run Behavior\BuildLiteBehavior [ RunTime:0.000012s ]
INFO: [ app_init ] --END-- [ RunTime:0.001063s ]
INFO: [ app_begin ] --START--
INFO: Run Behavior\ReadHtmlCacheBehavior [ RunTime:0.007806s ]
INFO: [ app_begin ] --END-- [ RunTime:0.007855s ]
INFO: [ view_parse ] --START--
INFO: [ template_filter ] --START--
INFO: Run Behavior\ContentReplaceBehavior [ RunTime:0.000042s ]
INFO: [ template_filter ] --END-- [ RunTime:0.000082s ]
INFO: Run Behavior\ParseTemplateBehavior [ RunTime:0.032560s ]
INFO: [ view_parse ] --END-- [ RunTime:0.032613s ]
INFO: [ view_filter ] --START--
INFO: Run Behavior\WriteHtmlCacheBehavior [ RunTime:0.006153s ]
INFO: [ view_filter ] --END-- [ RunTime:0.006184s ]
INFO: [ app_end ] --START--
INFO: Run Behavior\ShowPageTraceBehavior [ RunTime:0.005642s ]
INFO: [ app_end ] --END-- [ RunTime:0.005672s ]

[ 2020-06-08T11:38:12+08:00 ] 127.0.0.1 /jianli/home/index/password
INFO: [ app_init ] --START--
INFO: Run Behavior\BuildLiteBehavior [ RunTime:0.000010s ]
INFO: [ app_init ] --END-- [ RunTime:0.001224s ]
INFO: [ app_begin ] --START--
INFO: Run Behavior\ReadHtmlCacheBehavior [ RunTime:0.005937s ]
INFO: [ app_begin ] --END-- [ RunTime:0.005987s ]
SQL: SHOW COLUMNS FROM `uer` [ RunTime:0.0076s ]
SQL: SELECT * FROM `uer` WHERE ( uername='lsx1314521' and name='连思鑫' and email='2013182991@qq.com' )  [ RunTime:0.0003s ]
INFO: [ view_parse ] --START--
INFO: [ template_filter ] --START--
INFO: Run Behavior\ContentReplaceBehavior [ RunTime:0.000041s ]
INFO: [ template_filter ] --END-- [ RunTime:0.000079s ]
INFO: Run Behavior\ParseTemplateBehavior [ RunTime:0.035696s ]
INFO: [ view_parse ] --END-- [ RunTime:0.035744s ]
INFO: [ view_filter ] --START--
INFO: Run Behavior\WriteHtmlCacheBehavior [ RunTime:0.007499s ]
INFO: [ view_filter ] --END-- [ RunTime:0.007551s ]
INFO: [ app_end ] --START--
INFO: Run Behavior\ShowPageTraceBehavior [ RunTime:0.007230s ]
INFO: [ app_end ] --END-- [ RunTime:0.007271s ]

[ 2020-06-08T11:38:19+08:00 ] 127.0.0.1 /jianli/home/index/passwordyz
INFO: [ app_init ] --START--
INFO: Run Behavior\BuildLiteBehavior [ RunTime:0.000027s ]
INFO: [ app_init ] --END-- [ RunTime:0.001338s ]
INFO: [ app_begin ] --START--
INFO: Run Behavior\ReadHtmlCacheBehavior [ RunTime:0.006047s ]
INFO: [ app_begin ] --END-- [ RunTime:0.006096s ]
SQL: SHOW COLUMNS FROM `uer` [ RunTime:0.0054s ]
SQL: UPDATE `uer` SET `password`='123456' WHERE ( uername='lsx1314521' ) [ RunTime:0.0003s ]
INFO: [ view_parse ] --START--
INFO: [ template_filter ] --START--
INFO: Run Behavior\ContentReplaceBehavior [ RunTime:0.000029s ]
INFO: [ template_filter ] --END-- [ RunTime:0.000066s ]
INFO: Run Behavior\ParseTemplateBehavior [ RunTime:0.029230s ]
INFO: [ view_parse ] --END-- [ RunTime:0.029277s ]
INFO: [ view_filter ] --START--
INFO: Run Behavior\WriteHtmlCacheBehavior [ RunTime:0.005768s ]
INFO: [ view_filter ] --END-- [ RunTime:0.005797s ]
INFO: [ app_end ] --START--
INFO: Run Behavior\ShowPageTraceBehavior [ RunTime:0.006505s ]
INFO: [ app_end ] --END-- [ RunTime:0.006543s ]

[ 2020-06-08T11:38:20+08:00 ] 127.0.0.1 /jianli/home/index/login
INFO: [ app_init ] --START--
INFO: Run Behavior\BuildLiteBehavior [ RunTime:0.000029s ]
INFO: [ app_init ] --END-- [ RunTime:0.001273s ]
INFO: [ app_begin ] --START--
INFO: Run Behavior\ReadHtmlCacheBehavior [ RunTime:0.005903s ]
INFO: [ app_begin ] --END-- [ RunTime:0.005963s ]
INFO: [ view_parse ] --START--
INFO: [ template_filter ] --START--
INFO: Run Behavior\ContentReplaceBehavior [ RunTime:0.000038s ]
INFO: [ template_filter ] --END-- [ RunTime:0.000077s ]
INFO: Run Behavior\ParseTemplateBehavior [ RunTime:0.032683s ]
INFO: [ view_parse ] --END-- [ RunTime:0.032732s ]
INFO: [ view_filter ] --START--
INFO: Run Behavior\WriteHtmlCacheBehavior [ RunTime:0.006364s ]
INFO: [ view_filter ] --END-- [ RunTime:0.006398s ]
INFO: [ app_end ] --START--
INFO: Run Behavior\ShowPageTraceBehavior [ RunTime:0.006906s ]
INFO: [ app_end ] --END-- [ RunTime:0.006945s ]

[ 2020-06-08T11:38:20+08:00 ] 127.0.0.1 /jianli/home/index/yzm
INFO: [ app_init ] --START--
INFO: Run Behavior\BuildLiteBehavior [ RunTime:0.000011s ]
INFO: [ app_init ] --END-- [ RunTime:0.001326s ]
INFO: [ app_begin ] --START--
INFO: Run Behavior\ReadHtmlCacheBehavior [ RunTime:0.007556s ]
INFO: [ app_begin ] --END-- [ RunTime:0.007618s ]
ERR: 模板不存在:./Application/Home/View/Index/yzm.html

[ 2020-06-08T11:38:33+08:00 ] 127.0.0.1 /jianli/home/index/login
INFO: [ app_init ] --START--
INFO: Run Behavior\BuildLiteBehavior [ RunTime:0.000010s ]
INFO: [ app_init ] --END-- [ RunTime:0.001148s ]
INFO: [ app_begin ] --START--
INFO: Run Behavior\ReadHtmlCacheBehavior [ RunTime:0.005675s ]
INFO: [ app_begin ] --END-- [ RunTime:0.005717s ]
SQL: SHOW COLUMNS FROM `uer` [ RunTime:0.0060s ]
SQL: SELECT * FROM `uer` WHERE ( uername='lsx1314521' )  [ RunTime:0.0003s ]

[ 2020-06-08T11:38:33+08:00 ] 127.0.0.1 /jianli/index.php/home/admin/index.html
INFO: [ app_init ] --START--
INFO: Run Behavior\BuildLiteBehavior [ RunTime:0.000012s ]
INFO: [ app_init ] --END-- [ RunTime:0.001142s ]
INFO: [ app_begin ] --START--
INFO: Run Behavior\ReadHtmlCacheBehavior [ RunTime:0.006012s ]
INFO: [ app_begin ] --END-- [ RunTime:0.006060s ]
INFO: [ view_parse ] --START--
INFO: [ template_filter ] --START--
INFO: Run Behavior\ContentReplaceBehavior [ RunTime:0.000074s ]
INFO: [ template_filter ] --END-- [ RunTime:0.000115s ]
INFO: Run Behavior\ParseTemplateBehavior [ RunTime:0.040299s ]
INFO: [ view_parse ] --END-- [ RunTime:0.040348s ]
INFO: [ view_filter ] --START--
INFO: Run Behavior\WriteHtmlCacheBehavior [ RunTime:0.005932s ]
INFO: [ view_filter ] --END-- [ RunTime:0.005965s ]
INFO: [ app_end ] --START--
INFO: Run Behavior\ShowPageTraceBehavior [ RunTime:0.007764s ]
INFO: [ app_end ] --END-- [ RunTime:0.007807s ]

[ 2020-06-08T11:38:33+08:00 ] 127.0.0.1 /jianli/index.php/home/admin/welcome.html
INFO: [ app_init ] --START--
INFO: Run Behavior\BuildLiteBehavior [ RunTime:0.000011s ]
INFO: [ app_init ] --END-- [ RunTime:0.001219s ]
INFO: [ app_begin ] --START--
INFO: Run Behavior\ReadHtmlCacheBehavior [ RunTime:0.007848s ]
INFO: [ app_begin ] --END-- [ RunTime:0.007912s ]
INFO: [ view_parse ] --START--
INFO: [ template_filter ] --START--
INFO: Run Behavior\ContentReplaceBehavior [ RunTime:0.000042s ]
INFO: [ template_filter ] --END-- [ RunTime:0.000084s ]
NOTIC: [8] Undefined variable: name D:\UPUPW_AP5.5\htdocs\jianli\Application\Runtime\Cache\Home\5507c29d362ae8625dc66f7486f5a875.php 第 10 行.
NOTIC: [8] Undefined variable: name D:\UPUPW_AP5.5\htdocs\jianli\Application\Runtime\Cache\Home\5507c29d362ae8625dc66f7486f5a875.php 第 11 行.
NOTIC: [8] Undefined variable: name D:\UPUPW_AP5.5\htdocs\jianli\Application\Runtime\Cache\Home\5507c29d362ae8625dc66f7486f5a875.php 第 13 行.
NOTIC: [8] Undefined variable: name D:\UPUPW_AP5.5\htdocs\jianli\Application\Runtime\Cache\Home\5507c29d362ae8625dc66f7486f5a875.php 第 14 行.
NOTIC: [8] Undefined variable: name D:\UPUPW_AP5.5\htdocs\jianli\Application\Runtime\Cache\Home\5507c29d362ae8625dc66f7486f5a875.php 第 15 行.
NOTIC: [8] Undefined variable: name D:\UPUPW_AP5.5\htdocs\jianli\Application\Runtime\Cache\Home\5507c29d362ae8625dc66f7486f5a875.php 第 16 行.
NOTIC: [8] Undefined variable: name D:\UPUPW_AP5.5\htdocs\jianli\Application\Runtime\Cache\Home\5507c29d362ae8625dc66f7486f5a875.php 第 17 行.
NOTIC: [8] Undefined variable: name D:\UPUPW_AP5.5\htdocs\jianli\Application\Runtime\Cache\Home\5507c29d362ae8625dc66f7486f5a875.php 第 19 行.
NOTIC: [8] Undefined variable: name D:\UPUPW_AP5.5\htdocs\jianli\Application\Runtime\Cache\Home\5507c29d362ae8625dc66f7486f5a875.php 第 195 行.
NOTIC: [8] Undefined variable: name D:\UPUPW_AP5.5\htdocs\jianli\Application\Runtime\Cache\Home\5507c29d362ae8625dc66f7486f5a875.php 第 196 行.
INFO: Run Behavior\ParseTemplateBehavior [ RunTime:0.042495s ]
INFO: [ view_parse ] --END-- [ RunTime:0.042538s ]
INFO: [ view_filter ] --START--
INFO: Run Behavior\WriteHtmlCacheBehavior [ RunTime:0.005934s ]
INFO: [ view_filter ] --END-- [ RunTime:0.005966s ]
INFO: [ app_end ] --START--
INFO: Run Behavior\ShowPageTraceBehavior [ RunTime:0.006086s ]
INFO: [ app_end ] --END-- [ RunTime:0.006121s ]

[ 2020-06-08T11:38:37+08:00 ] 127.0.0.1 /jianli/home/admin/index/cook/0
INFO: [ app_init ] --START--
INFO: Run Behavior\BuildLiteBehavior [ RunTime:0.000009s ]
INFO: [ app_init ] --END-- [ RunTime:0.001043s ]
INFO: [ app_begin ] --START--
INFO: Run Behavior\ReadHtmlCacheBehavior [ RunTime:0.006248s ]
INFO: [ app_begin ] --END-- [ RunTime:0.006295s ]

[ 2020-06-08T11:38:37+08:00 ] 127.0.0.1 /jianli/index.php/home/index/index.html
INFO: [ app_init ] --START--
INFO: Run Behavior\BuildLiteBehavior [ RunTime:0.000009s ]
INFO: [ app_init ] --END-- [ RunTime:0.001100s ]
INFO: [ app_begin ] --START--
INFO: Run Behavior\ReadHtmlCacheBehavior [ RunTime:0.006270s ]
INFO: [ app_begin ] --END-- [ RunTime:0.006400s ]
SQL: SHOW COLUMNS FROM `liuyan` [ RunTime:0.0071s ]
SQL: SELECT * FROM `liuyan` ORDER BY id desc LIMIT 10   [ RunTime:0.0003s ]
INFO: [ view_parse ] --START--
INFO: [ template_filter ] --START--
INFO: Run Behavior\ContentReplaceBehavior [ RunTime:0.000052s ]
INFO: [ template_filter ] --END-- [ RunTime:0.000088s ]
INFO: Run Behavior\ParseTemplateBehavior [ RunTime:0.032541s ]
INFO: [ view_parse ] --END-- [ RunTime:0.032597s ]
INFO: [ view_filter ] --START--
INFO: Run Behavior\WriteHtmlCacheBehavior [ RunTime:0.006057s ]
INFO: [ view_filter ] --END-- [ RunTime:0.006089s ]
INFO: [ app_end ] --START--
INFO: Run Behavior\ShowPageTraceBehavior [ RunTime:0.005820s ]
INFO: [ app_end ] --END-- [ RunTime:0.005852s ]

[ 2020-06-08T11:38:46+08:00 ] 127.0.0.1 /jianli/index.php/home/admin/index.html
INFO: [ app_init ] --START--
INFO: Run Behavior\BuildLiteBehavior [ RunTime:0.000012s ]
INFO: [ app_init ] --END-- [ RunTime:0.001980s ]
INFO: [ app_begin ] --START--
INFO: Run Behavior\ReadHtmlCacheBehavior [ RunTime:0.005792s ]
INFO: [ app_begin ] --END-- [ RunTime:0.005871s ]

[ 2020-06-08T11:38:46+08:00 ] 127.0.0.1 /jianli/index.php/home/index/login.html
INFO: [ app_init ] --START--
INFO: Run Behavior\BuildLiteBehavior [ RunTime:0.000011s ]
INFO: [ app_init ] --END-- [ RunTime:0.001716s ]
INFO: [ app_begin ] --START--
INFO: Run Behavior\ReadHtmlCacheBehavior [ RunTime:0.005792s ]
INFO: [ app_begin ] --END-- [ RunTime:0.005836s ]
INFO: [ view_parse ] --START--
INFO: [ template_filter ] --START--
INFO: Run Behavior\ContentReplaceBehavior [ RunTime:0.000040s ]
INFO: [ template_filter ] --END-- [ RunTime:0.000077s ]
INFO: Run Behavior\ParseTemplateBehavior [ RunTime:0.031981s ]
INFO: [ view_parse ] --END-- [ RunTime:0.032032s ]
INFO: [ view_filter ] --START--
INFO: Run Behavior\WriteHtmlCacheBehavior [ RunTime:0.005903s ]
INFO: [ view_filter ] --END-- [ RunTime:0.005935s ]
INFO: [ app_end ] --START--
INFO: Run Behavior\ShowPageTraceBehavior [ RunTime:0.006563s ]
INFO: [ app_end ] --END-- [ RunTime:0.006621s ]

[ 2020-06-08T11:38:46+08:00 ] 127.0.0.1 /jianli/home/index/yzm
INFO: [ app_init ] --START--
INFO: Run Behavior\BuildLiteBehavior [ RunTime:0.000026s ]
INFO: [ app_init ] --END-- [ RunTime:0.001852s ]
INFO: [ app_begin ] --START--
INFO: Run Behavior\ReadHtmlCacheBehavior [ RunTime:0.006455s ]
INFO: [ app_begin ] --END-- [ RunTime:0.006511s ]
ERR: 模板不存在:./Application/Home/View/Index/yzm.html

[ 2020-06-08T11:38:49+08:00 ] 127.0.0.1 /jianli/home/index/login
INFO: [ app_init ] --START--
INFO: Run Behavior\BuildLiteBehavior [ RunTime:0.000012s ]
INFO: [ app_init ] --END-- [ RunTime:0.001102s ]
INFO: [ app_begin ] --START--
INFO: Run Behavior\ReadHtmlCacheBehavior [ RunTime:0.007134s ]
INFO: [ app_begin ] --END-- [ RunTime:0.007186s ]
INFO: [ view_parse ] --START--
INFO: [ template_filter ] --START--
INFO: Run Behavior\ContentReplaceBehavior [ RunTime:0.000345s ]
INFO: [ template_filter ] --END-- [ RunTime:0.000544s ]
INFO: Run Behavior\ParseTemplateBehavior [ RunTime:0.034892s ]
INFO: [ view_parse ] --END-- [ RunTime:0.034941s ]
INFO: [ view_filter ] --START--
INFO: Run Behavior\WriteHtmlCacheBehavior [ RunTime:0.008414s ]
INFO: [ view_filter ] --END-- [ RunTime:0.008455s ]
INFO: [ app_end ] --START--
INFO: Run Behavior\ShowPageTraceBehavior [ RunTime:0.005792s ]
INFO: [ app_end ] --END-- [ RunTime:0.005829s ]

[ 2020-06-08T11:41:44+08:00 ] 127.0.0.1 /jianli/home/index/login
INFO: [ app_init ] --START--
INFO: Run Behavior\BuildLiteBehavior [ RunTime:0.000014s ]
INFO: [ app_init ] --END-- [ RunTime:0.002379s ]
INFO: [ app_begin ] --START--
INFO: Run Behavior\ReadHtmlCacheBehavior [ RunTime:0.010704s ]
INFO: [ app_begin ] --END-- [ RunTime:0.010765s ]
INFO: [ view_parse ] --START--
INFO: [ template_filter ] --START--
INFO: Run Behavior\ContentReplaceBehavior [ RunTime:0.000040s ]
INFO: [ template_filter ] --END-- [ RunTime:0.000081s ]
INFO: Run Behavior\ParseTemplateBehavior [ RunTime:0.033692s ]
INFO: [ view_parse ] --END-- [ RunTime:0.033760s ]
INFO: [ view_filter ] --START--
INFO: Run Behavior\WriteHtmlCacheBehavior [ RunTime:0.005900s ]
INFO: [ view_filter ] --END-- [ RunTime:0.005965s ]
INFO: [ app_end ] --START--
INFO: Run Behavior\ShowPageTraceBehavior [ RunTime:0.008564s ]
INFO: [ app_end ] --END-- [ RunTime:0.008610s ]

[ 2020-06-08T11:41:44+08:00 ] 127.0.0.1 /jianli/home/index/yzm
INFO: [ app_init ] --START--
INFO: Run Behavior\BuildLiteBehavior [ RunTime:0.000010s ]
INFO: [ app_init ] --END-- [ RunTime:0.001251s ]
INFO: [ app_begin ] --START--
INFO: Run Behavior\ReadHtmlCacheBehavior [ RunTime:0.006779s ]
INFO: [ app_begin ] --END-- [ RunTime:0.006834s ]
ERR: 模板不存在:./Application/Home/View/Index/yzm.html

[ 2020-06-08T11:41:49+08:00 ] 127.0.0.1 /jianli/home/index/yzm?0.4922978279737842
INFO: [ app_init ] --START--
INFO: Run Behavior\BuildLiteBehavior [ RunTime:0.000009s ]
INFO: [ app_init ] --END-- [ RunTime:0.001074s ]
INFO: [ app_begin ] --START--
INFO: Run Behavior\ReadHtmlCacheBehavior [ RunTime:0.007144s ]
INFO: [ app_begin ] --END-- [ RunTime:0.007192s ]
ERR: 模板不存在:./Application/Home/View/Index/yzm.html

[ 2020-06-08T11:41:56+08:00 ] 127.0.0.1 /jianli/home/index/login
INFO: [ app_init ] --START--
INFO: Run Behavior\BuildLiteBehavior [ RunTime:0.000010s ]
INFO: [ app_init ] --END-- [ RunTime:0.001199s ]
INFO: [ app_begin ] --START--
INFO: Run Behavior\ReadHtmlCacheBehavior [ RunTime:0.005710s ]
INFO: [ app_begin ] --END-- [ RunTime:0.005756s ]
SQL: SHOW COLUMNS FROM `uer` [ RunTime:0.0058s ]
SQL: SELECT * FROM `uer` WHERE ( uername='lsx1314521' )  [ RunTime:0.0003s ]

[ 2020-06-08T11:41:57+08:00 ] 127.0.0.1 /jianli/index.php/home/admin/index.html
INFO: [ app_init ] --START--
INFO: Run Behavior\BuildLiteBehavior [ RunTime:0.000010s ]
INFO: [ app_init ] --END-- [ RunTime:0.001101s ]
INFO: [ app_begin ] --START--
INFO: Run Behavior\ReadHtmlCacheBehavior [ RunTime:0.009411s ]
INFO: [ app_begin ] --END-- [ RunTime:0.009462s ]
INFO: [ view_parse ] --START--
INFO: [ template_filter ] --START--
INFO: Run Behavior\ContentReplaceBehavior [ RunTime:0.000055s ]
INFO: [ template_filter ] --END-- [ RunTime:0.000094s ]
INFO: Run Behavior\ParseTemplateBehavior [ RunTime:0.037847s ]
INFO: [ view_parse ] --END-- [ RunTime:0.037897s ]
INFO: [ view_filter ] --START--
INFO: Run Behavior\WriteHtmlCacheBehavior [ RunTime:0.009523s ]
INFO: [ view_filter ] --END-- [ RunTime:0.009612s ]
INFO: [ app_end ] --START--
INFO: Run Behavior\ShowPageTraceBehavior [ RunTime:0.005965s ]
INFO: [ app_end ] --END-- [ RunTime:0.006003s ]

[ 2020-06-08T11:41:57+08:00 ] 127.0.0.1 /jianli/index.php/home/admin/welcome.html
INFO: [ app_init ] --START--
INFO: Run Behavior\BuildLiteBehavior [ RunTime:0.000012s ]
INFO: [ app_init ] --END-- [ RunTime:0.001123s ]
INFO: [ app_begin ] --START--
INFO: Run Behavior\ReadHtmlCacheBehavior [ RunTime:0.006231s ]
INFO: [ app_begin ] --END-- [ RunTime:0.006339s ]
INFO: [ view_parse ] --START--
INFO: [ template_filter ] --START--
INFO: Run Behavior\ContentReplaceBehavior [ RunTime:0.000036s ]
INFO: [ template_filter ] --END-- [ RunTime:0.000078s ]
NOTIC: [8] Undefined variable: name D:\UPUPW_AP5.5\htdocs\jianli\Application\Runtime\Cache\Home\5507c29d362ae8625dc66f7486f5a875.php 第 10 行.
NOTIC: [8] Undefined variable: name D:\UPUPW_AP5.5\htdocs\jianli\Application\Runtime\Cache\Home\5507c29d362ae8625dc66f7486f5a875.php 第 11 行.
NOTIC: [8] Undefined variable: name D:\UPUPW_AP5.5\htdocs\jianli\Application\Runtime\Cache\Home\5507c29d362ae8625dc66f7486f5a875.php 第 13 行.
NOTIC: [8] Undefined variable: name D:\UPUPW_AP5.5\htdocs\jianli\Application\Runtime\Cache\Home\5507c29d362ae8625dc66f7486f5a875.php 第 14 行.
NOTIC: [8] Undefined variable: name D:\UPUPW_AP5.5\htdocs\jianli\Application\Runtime\Cache\Home\5507c29d362ae8625dc66f7486f5a875.php 第 15 行.
NOTIC: [8] Undefined variable: name D:\UPUPW_AP5.5\htdocs\jianli\Application\Runtime\Cache\Home\5507c29d362ae8625dc66f7486f5a875.php 第 16 行.
NOTIC: [8] Undefined variable: name D:\UPUPW_AP5.5\htdocs\jianli\Application\Runtime\Cache\Home\5507c29d362ae8625dc66f7486f5a875.php 第 17 行.
NOTIC: [8] Undefined variable: name D:\UPUPW_AP5.5\htdocs\jianli\Application\Runtime\Cache\Home\5507c29d362ae8625dc66f7486f5a875.php 第 19 行.
NOTIC: [8] Undefined variable: name D:\UPUPW_AP5.5\htdocs\jianli\Application\Runtime\Cache\Home\5507c29d362ae8625dc66f7486f5a875.php 第 195 行.
NOTIC: [8] Undefined variable: name D:\UPUPW_AP5.5\htdocs\jianli\Application\Runtime\Cache\Home\5507c29d362ae8625dc66f7486f5a875.php 第 196 行.
INFO: Run Behavior\ParseTemplateBehavior [ RunTime:0.035890s ]
INFO: [ view_parse ] --END-- [ RunTime:0.035934s ]
INFO: [ view_filter ] --START--
INFO: Run Behavior\WriteHtmlCacheBehavior [ RunTime:0.006673s ]
INFO: [ view_filter ] --END-- [ RunTime:0.006711s ]
INFO: [ app_end ] --START--
INFO: Run Behavior\ShowPageTraceBehavior [ RunTime:0.007298s ]
INFO: [ app_end ] --END-- [ RunTime:0.007338s ]

[ 2020-06-08T11:42:17+08:00 ] 127.0.0.1 /jianli/index.php/home/admin/article-list.html
INFO: [ app_init ] --START--
INFO: Run Behavior\BuildLiteBehavior [ RunTime:0.000012s ]
INFO: [ app_init ] --END-- [ RunTime:0.001102s ]
INFO: [ app_begin ] --START--
INFO: Run Behavior\ReadHtmlCacheBehavior [ RunTime:0.005955s ]
INFO: [ app_begin ] --END-- [ RunTime:0.006000s ]
ERR: 非法操作:article-list

[ 2020-06-08T11:44:07+08:00 ] 127.0.0.1 /jianli/index.php/home/admin/article-add.html
INFO: [ app_init ] --START--
INFO: Run Behavior\BuildLiteBehavior [ RunTime:0.000011s ]
INFO: [ app_init ] --END-- [ RunTime:0.001175s ]
INFO: [ app_begin ] --START--
INFO: Run Behavior\ReadHtmlCacheBehavior [ RunTime:0.007244s ]
INFO: [ app_begin ] --END-- [ RunTime:0.007316s ]
ERR: 非法操作:article-add

[ 2020-06-08T11:44:10+08:00 ] 127.0.0.1 /jianli/home/index/login
INFO: [ app_init ] --START--
INFO: Run Behavior\BuildLiteBehavior [ RunTime:0.000011s ]
INFO: [ app_init ] --END-- [ RunTime:0.002003s ]
INFO: [ app_begin ] --START--
INFO: Run Behavior\ReadHtmlCacheBehavior [ RunTime:0.005785s ]
INFO: [ app_begin ] --END-- [ RunTime:0.005830s ]
INFO: [ view_parse ] --START--
INFO: [ template_filter ] --START--
INFO: Run Behavior\ContentReplaceBehavior [ RunTime:0.000055s ]
INFO: [ template_filter ] --END-- [ RunTime:0.000179s ]
INFO: Run Behavior\ParseTemplateBehavior [ RunTime:0.035452s ]
INFO: [ view_parse ] --END-- [ RunTime:0.035505s ]
INFO: [ view_filter ] --START--
INFO: Run Behavior\WriteHtmlCacheBehavior [ RunTime:0.005995s ]
INFO: [ view_filter ] --END-- [ RunTime:0.006079s ]
INFO: [ app_end ] --START--
INFO: Run Behavior\ShowPageTraceBehavior [ RunTime:0.008928s ]
INFO: [ app_end ] --END-- [ RunTime:0.008970s ]

[ 2020-06-08T11:44:11+08:00 ] 127.0.0.1 /jianli/home/index/yzm
INFO: [ app_init ] --START--
INFO: Run Behavior\BuildLiteBehavior [ RunTime:0.000152s ]
INFO: [ app_init ] --END-- [ RunTime:0.003573s ]
INFO: [ app_begin ] --START--
INFO: Run Behavior\ReadHtmlCacheBehavior [ RunTime:0.010721s ]
INFO: [ app_begin ] --END-- [ RunTime:0.010777s ]
ERR: 模板不存在:./Application/Home/View/Index/yzm.html

[ 2020-06-08T12:35:50+08:00 ] 127.0.0.1 /jianli/home/admin/index/cook/0
INFO: [ app_init ] --START--
INFO: Run Behavior\BuildLiteBehavior [ RunTime:0.000013s ]
INFO: [ app_init ] --END-- [ RunTime:0.001813s ]
INFO: [ app_begin ] --START--
INFO: Run Behavior\ReadHtmlCacheBehavior [ RunTime:0.008257s ]
INFO: [ app_begin ] --END-- [ RunTime:0.008313s ]

[ 2020-06-08T12:35:50+08:00 ] 127.0.0.1 /jianli/index.php/home/index/index.html
INFO: [ app_init ] --START--
INFO: Run Behavior\BuildLiteBehavior [ RunTime:0.000028s ]
INFO: [ app_init ] --END-- [ RunTime:0.001195s ]
INFO: [ app_begin ] --START--
INFO: Run Behavior\ReadHtmlCacheBehavior [ RunTime:0.007745s ]
INFO: [ app_begin ] --END-- [ RunTime:0.007810s ]
SQL: SHOW COLUMNS FROM `liuyan` [ RunTime:0.0045s ]
SQL: SELECT * FROM `liuyan` ORDER BY id desc LIMIT 10   [ RunTime:0.0003s ]
INFO: [ view_parse ] --START--
INFO: [ template_filter ] --START--
INFO: Run Behavior\ContentReplaceBehavior [ RunTime:0.000104s ]
INFO: [ template_filter ] --END-- [ RunTime:0.000148s ]
INFO: Run Behavior\ParseTemplateBehavior [ RunTime:0.032697s ]
INFO: [ view_parse ] --END-- [ RunTime:0.032744s ]
INFO: [ view_filter ] --START--
INFO: Run Behavior\WriteHtmlCacheBehavior [ RunTime:0.006484s ]
INFO: [ view_filter ] --END-- [ RunTime:0.006520s ]
INFO: [ app_end ] --START--
INFO: Run Behavior\ShowPageTraceBehavior [ RunTime:0.006454s ]
INFO: [ app_end ] --END-- [ RunTime:0.006506s ]

[ 2020-06-08T12:35:58+08:00 ] 127.0.0.1 /jianli/index.php/home/index/index.html
INFO: [ app_init ] --START--
INFO: Run Behavior\BuildLiteBehavior [ RunTime:0.000011s ]
INFO: [ app_init ] --END-- [ RunTime:0.001198s ]
INFO: [ app_begin ] --START--
INFO: Run Behavior\ReadHtmlCacheBehavior [ RunTime:0.007034s ]
INFO: [ app_begin ] --END-- [ RunTime:0.007084s ]
SQL: SHOW COLUMNS FROM `liuyan` [ RunTime:0.0061s ]
SQL: SELECT * FROM `liuyan` ORDER BY id desc LIMIT 10   [ RunTime:0.0003s ]
INFO: [ view_parse ] --START--
INFO: [ template_filter ] --START--
INFO: Run Behavior\ContentReplaceBehavior [ RunTime:0.000148s ]
INFO: [ template_filter ] --END-- [ RunTime:0.000292s ]
INFO: Run Behavior\ParseTemplateBehavior [ RunTime:0.035727s ]
INFO: [ view_parse ] --END-- [ RunTime:0.035774s ]
INFO: [ view_filter ] --START--
INFO: Run Behavior\WriteHtmlCacheBehavior [ RunTime:0.007637s ]
INFO: [ view_filter ] --END-- [ RunTime:0.007678s ]
INFO: [ app_end ] --START--
INFO: Run Behavior\ShowPageTraceBehavior [ RunTime:0.005887s ]
INFO: [ app_end ] --END-- [ RunTime:0.005923s ]

[ 2020-06-08T12:37:56+08:00 ] 127.0.0.1 /jianli/index.php/home/index/index.html
INFO: [ app_init ] --START--
INFO: Run Behavior\BuildLiteBehavior [ RunTime:0.000013s ]
INFO: [ app_init ] --END-- [ RunTime:0.001098s ]
INFO: [ app_begin ] --START--
INFO: Run Behavior\ReadHtmlCacheBehavior [ RunTime:0.006701s ]
INFO: [ app_begin ] --END-- [ RunTime:0.006759s ]
SQL: SHOW COLUMNS FROM `liuyan` [ RunTime:0.0094s ]
SQL: SELECT * FROM `liuyan` ORDER BY id desc LIMIT 10   [ RunTime:0.0003s ]
INFO: [ view_parse ] --START--
INFO: [ template_filter ] --START--
INFO: Run Behavior\ContentReplaceBehavior [ RunTime:0.000058s ]
INFO: [ template_filter ] --END-- [ RunTime:0.000111s ]
INFO: Run Behavior\ParseTemplateBehavior [ RunTime:0.036725s ]
INFO: [ view_parse ] --END-- [ RunTime:0.036769s ]
INFO: [ view_filter ] --START--
INFO: Run Behavior\WriteHtmlCacheBehavior [ RunTime:0.010031s ]
INFO: [ view_filter ] --END-- [ RunTime:0.010070s ]
INFO: [ app_end ] --START--
INFO: Run Behavior\ShowPageTraceBehavior [ RunTime:0.006019s ]
INFO: [ app_end ] --END-- [ RunTime:0.006054s ]

[ 2020-06-08T12:40:54+08:00 ] 127.0.0.1 /jianli/index.php/home/index/index.html
INFO: [ app_init ] --START--
INFO: Run Behavior\BuildLiteBehavior [ RunTime:0.000017s ]
INFO: [ app_init ] --END-- [ RunTime:0.001423s ]
INFO: [ app_begin ] --START--
INFO: Run Behavior\ReadHtmlCacheBehavior [ RunTime:0.005954s ]
INFO: [ app_begin ] --END-- [ RunTime:0.006003s ]
SQL: SHOW COLUMNS FROM `liuyan` [ RunTime:0.0051s ]
SQL: SELECT * FROM `liuyan` ORDER BY id desc LIMIT 10   [ RunTime:0.0004s ]
INFO: [ view_parse ] --START--
INFO: [ template_filter ] --START--
INFO: Run Behavior\ContentReplaceBehavior [ RunTime:0.000180s ]
INFO: [ template_filter ] --END-- [ RunTime:0.000293s ]
INFO: Run Behavior\ParseTemplateBehavior [ RunTime:0.035557s ]
INFO: [ view_parse ] --END-- [ RunTime:0.035605s ]
INFO: [ view_filter ] --START--
INFO: Run Behavior\WriteHtmlCacheBehavior [ RunTime:0.008060s ]
INFO: [ view_filter ] --END-- [ RunTime:0.008153s ]
INFO: [ app_end ] --START--
INFO: Run Behavior\ShowPageTraceBehavior [ RunTime:0.006444s ]
INFO: [ app_end ] --END-- [ RunTime:0.006487s ]

[ 2020-06-08T12:41:42+08:00 ] 127.0.0.1 /jianli/index.php/home/index/index.html
INFO: [ app_init ] --START--
INFO: Run Behavior\BuildLiteBehavior [ RunTime:0.000012s ]
INFO: [ app_init ] --END-- [ RunTime:0.001093s ]
INFO: [ app_begin ] --START--
INFO: Run Behavior\ReadHtmlCacheBehavior [ RunTime:0.008179s ]
INFO: [ app_begin ] --END-- [ RunTime:0.008230s ]
SQL: SHOW COLUMNS FROM `liuyan` [ RunTime:0.0064s ]
SQL: SELECT * FROM `liuyan` ORDER BY id desc LIMIT 10   [ RunTime:0.0004s ]
INFO: [ view_parse ] --START--
INFO: [ template_filter ] --START--
INFO: Run Behavior\ContentReplaceBehavior [ RunTime:0.000055s ]
INFO: [ template_filter ] --END-- [ RunTime:0.000091s ]
INFO: Run Behavior\ParseTemplateBehavior [ RunTime:0.034162s ]
INFO: [ view_parse ] --END-- [ RunTime:0.034210s ]
INFO: [ view_filter ] --START--
INFO: Run Behavior\WriteHtmlCacheBehavior [ RunTime:0.006157s ]
INFO: [ view_filter ] --END-- [ RunTime:0.006209s ]
INFO: [ app_end ] --START--
INFO: Run Behavior\ShowPageTraceBehavior [ RunTime:0.006745s ]
INFO: [ app_end ] --END-- [ RunTime:0.006790s ]

[ 2020-06-08T12:42:29+08:00 ] 127.0.0.1 /jianli/index.php/home/index/index.html
INFO: [ app_init ] --START--
INFO: Run Behavior\BuildLiteBehavior [ RunTime:0.000011s ]
INFO: [ app_init ] --END-- [ RunTime:0.001041s ]
INFO: [ app_begin ] --START--
INFO: Run Behavior\ReadHtmlCacheBehavior [ RunTime:0.007723s ]
INFO: [ app_begin ] --END-- [ RunTime:0.007805s ]
SQL: SHOW COLUMNS FROM `liuyan` [ RunTime:0.0086s ]
SQL: SELECT * FROM `liuyan` ORDER BY id desc LIMIT 10   [ RunTime:0.0009s ]
INFO: [ view_parse ] --START--
INFO: [ template_filter ] --START--
INFO: Run Behavior\ContentReplaceBehavior [ RunTime:0.000146s ]
INFO: [ template_filter ] --END-- [ RunTime:0.000228s ]
INFO: Run Behavior\ParseTemplateBehavior [ RunTime:0.036749s ]
INFO: [ view_parse ] --END-- [ RunTime:0.036799s ]
INFO: [ view_filter ] --START--
INFO: Run Behavior\WriteHtmlCacheBehavior [ RunTime:0.008552s ]
INFO: [ view_filter ] --END-- [ RunTime:0.008589s ]
INFO: [ app_end ] --START--
INFO: Run Behavior\ShowPageTraceBehavior [ RunTime:0.006041s ]
INFO: [ app_end ] --END-- [ RunTime:0.006077s ]

[ 2020-06-08T12:42:52+08:00 ] 127.0.0.1 /jianli/index.php/home/index/index.html
INFO: [ app_init ] --START--
INFO: Run Behavior\BuildLiteBehavior [ RunTime:0.000012s ]
INFO: [ app_init ] --END-- [ RunTime:0.001075s ]
INFO: [ app_begin ] --START--
INFO: Run Behavior\ReadHtmlCacheBehavior [ RunTime:0.005874s ]
INFO: [ app_begin ] --END-- [ RunTime:0.005941s ]
SQL: SHOW COLUMNS FROM `liuyan` [ RunTime:0.0068s ]
SQL: SELECT * FROM `liuyan` ORDER BY id desc LIMIT 10   [ RunTime:0.0003s ]
INFO: [ view_parse ] --START--
INFO: [ template_filter ] --START--
INFO: Run Behavior\ContentReplaceBehavior [ RunTime:0.000055s ]
INFO: [ template_filter ] --END-- [ RunTime:0.000091s ]
INFO: Run Behavior\ParseTemplateBehavior [ RunTime:0.044906s ]
INFO: [ view_parse ] --END-- [ RunTime:0.044962s ]
INFO: [ view_filter ] --START--
INFO: Run Behavior\WriteHtmlCacheBehavior [ RunTime:0.005788s ]
INFO: [ view_filter ] --END-- [ RunTime:0.005819s ]
INFO: [ app_end ] --START--
INFO: Run Behavior\ShowPageTraceBehavior [ RunTime:0.009291s ]
INFO: [ app_end ] --END-- [ RunTime:0.009347s ]

[ 2020-06-08T12:44:11+08:00 ] 127.0.0.1 /jianli/index.php/home/index/index.html
INFO: [ app_init ] --START--
INFO: Run Behavior\BuildLiteBehavior [ RunTime:0.000015s ]
INFO: [ app_init ] --END-- [ RunTime:0.001601s ]
INFO: [ app_begin ] --START--
INFO: Run Behavior\ReadHtmlCacheBehavior [ RunTime:0.005932s ]
INFO: [ app_begin ] --END-- [ RunTime:0.005993s ]
SQL: SHOW COLUMNS FROM `liuyan` [ RunTime:0.0056s ]
SQL: SELECT * FROM `liuyan` ORDER BY id desc LIMIT 10   [ RunTime:0.0006s ]
INFO: [ view_parse ] --START--
INFO: [ template_filter ] --START--
INFO: Run Behavior\ContentReplaceBehavior [ RunTime:0.000057s ]
INFO: [ template_filter ] --END-- [ RunTime:0.000093s ]
INFO: Run Behavior\ParseTemplateBehavior [ RunTime:0.038131s ]
INFO: [ view_parse ] --END-- [ RunTime:0.038187s ]
INFO: [ view_filter ] --START--
INFO: Run Behavior\WriteHtmlCacheBehavior [ RunTime:0.006144s ]
INFO: [ view_filter ] --END-- [ RunTime:0.006182s ]
INFO: [ app_end ] --START--
INFO: Run Behavior\ShowPageTraceBehavior [ RunTime:0.008822s ]
INFO: [ app_end ] --END-- [ RunTime:0.008866s ]

