[ 2020-11-07T13:06:55+08:00 ] 127.0.0.1 /jianli/
INFO: [ app_init ] --START--
INFO: Run Behavior\BuildLiteBehavior [ RunTime:0.000012s ]
INFO: [ app_init ] --END-- [ RunTime:0.023839s ]
INFO: [ app_begin ] --START--
INFO: Run Behavior\ReadHtmlCacheBehavior [ RunTime:0.021443s ]
INFO: [ app_begin ] --END-- [ RunTime:0.021493s ]
SQL: SHOW COLUMNS FROM `liuyan` [ RunTime:0.0296s ]
SQL: SELECT * FROM `liuyan` ORDER BY id desc LIMIT 10   [ RunTime:0.0101s ]
INFO: [ view_parse ] --START--
INFO: [ template_filter ] --START--
INFO: Run Behavior\ContentReplaceBehavior [ RunTime:0.000071s ]
INFO: [ template_filter ] --END-- [ RunTime:0.000109s ]
INFO: Run Behavior\ParseTemplateBehavior [ RunTime:0.087355s ]
INFO: [ view_parse ] --END-- [ RunTime:0.087408s ]
INFO: [ view_filter ] --START--
INFO: Run Behavior\WriteHtmlCacheBehavior [ RunTime:0.019415s ]
INFO: [ view_filter ] --END-- [ RunTime:0.019454s ]
INFO: [ app_end ] --START--
INFO: Run Behavior\ShowPageTraceBehavior [ RunTime:0.025086s ]
INFO: [ app_end ] --END-- [ RunTime:0.025129s ]

[ 2020-11-07T13:07:07+08:00 ] 127.0.0.1 /jianli/
INFO: [ app_init ] --START--
INFO: Run Behavior\BuildLiteBehavior [ RunTime:0.000010s ]
INFO: [ app_init ] --END-- [ RunTime:0.000859s ]
INFO: [ app_begin ] --START--
INFO: Run Behavior\ReadHtmlCacheBehavior [ RunTime:0.004736s ]
INFO: [ app_begin ] --END-- [ RunTime:0.004795s ]
SQL: SHOW COLUMNS FROM `liuyan` [ RunTime:0.0030s ]
SQL: SELECT * FROM `liuyan` ORDER BY id desc LIMIT 10   [ RunTime:0.0002s ]
INFO: [ view_parse ] --START--
INFO: [ template_filter ] --START--
INFO: Run Behavior\ContentReplaceBehavior [ RunTime:0.000060s ]
INFO: [ template_filter ] --END-- [ RunTime:0.000100s ]
INFO: Run Behavior\ParseTemplateBehavior [ RunTime:0.024648s ]
INFO: [ view_parse ] --END-- [ RunTime:0.024695s ]
INFO: [ view_filter ] --START--
INFO: Run Behavior\WriteHtmlCacheBehavior [ RunTime:0.004592s ]
INFO: [ view_filter ] --END-- [ RunTime:0.004626s ]
INFO: [ app_end ] --START--
INFO: Run Behavior\ShowPageTraceBehavior [ RunTime:0.004439s ]
INFO: [ app_end ] --END-- [ RunTime:0.004482s ]

[ 2020-11-07T13:19:22+08:00 ] 127.0.0.1 /jianli/
INFO: [ app_init ] --START--
INFO: Run Behavior\BuildLiteBehavior [ RunTime:0.000011s ]
INFO: [ app_init ] --END-- [ RunTime:0.000881s ]
INFO: [ app_begin ] --START--
INFO: Run Behavior\ReadHtmlCacheBehavior [ RunTime:0.005229s ]
INFO: [ app_begin ] --END-- [ RunTime:0.005287s ]
SQL: SHOW COLUMNS FROM `liuyan` [ RunTime:0.0030s ]
SQL: SELECT * FROM `liuyan` ORDER BY id desc LIMIT 10   [ RunTime:0.0002s ]
INFO: [ view_parse ] --START--
INFO: [ template_filter ] --START--
INFO: Run Behavior\ContentReplaceBehavior [ RunTime:0.000059s ]
INFO: [ template_filter ] --END-- [ RunTime:0.000098s ]
INFO: Run Behavior\ParseTemplateBehavior [ RunTime:0.024751s ]
INFO: [ view_parse ] --END-- [ RunTime:0.024803s ]
INFO: [ view_filter ] --START--
INFO: Run Behavior\WriteHtmlCacheBehavior [ RunTime:0.004651s ]
INFO: [ view_filter ] --END-- [ RunTime:0.004686s ]
INFO: [ app_end ] --START--
INFO: Run Behavior\ShowPageTraceBehavior [ RunTime:0.004528s ]
INFO: [ app_end ] --END-- [ RunTime:0.004569s ]

