[ 2019-11-21T08:23:13+08:00 ] 106.39.189.237 /jianli/public/contact/contact_me.js
INFO: [ app_init ] --START--
INFO: Run Behavior\BuildLiteBehavior [ RunTime:0.000018s ]
INFO: [ app_init ] --END-- [ RunTime:0.000492s ]
ERR: 无法加载模块:Public

[ 2019-11-21T08:23:13+08:00 ] 106.39.189.237 /jianli/public/contact/jqBootstrapValidation.js
INFO: [ app_init ] --START--
INFO: Run Behavior\BuildLiteBehavior [ RunTime:0.000018s ]
INFO: [ app_init ] --END-- [ RunTime:0.000433s ]
ERR: 无法加载模块:Public

[ 2019-11-21T08:23:14+08:00 ] 106.39.189.237 /jianli/public/contact/jqBootstrapValidation.js
INFO: [ app_init ] --START--
INFO: Run Behavior\BuildLiteBehavior [ RunTime:0.000020s ]
INFO: [ app_init ] --END-- [ RunTime:0.000435s ]
ERR: 无法加载模块:Public

[ 2019-11-21T08:23:14+08:00 ] 106.39.189.237 /jianli/public/contact/contact_me.js
INFO: [ app_init ] --START--
INFO: Run Behavior\BuildLiteBehavior [ RunTime:0.000020s ]
INFO: [ app_init ] --END-- [ RunTime:0.000454s ]
ERR: 无法加载模块:Public

[ 2019-11-21T08:23:17+08:00 ] 223.104.145.41 /jianli/public/contact/jqBootstrapValidation.js
INFO: [ app_init ] --START--
INFO: Run Behavior\BuildLiteBehavior [ RunTime:0.000021s ]
INFO: [ app_init ] --END-- [ RunTime:0.000527s ]
ERR: 无法加载模块:Public

[ 2019-11-21T08:23:17+08:00 ] 223.104.145.41 /jianli/public/contact/contact_me.js
INFO: [ app_init ] --START--
INFO: Run Behavior\BuildLiteBehavior [ RunTime:0.000020s ]
INFO: [ app_init ] --END-- [ RunTime:0.000415s ]
ERR: 无法加载模块:Public

[ 2019-11-21T11:01:11+08:00 ] 221.230.53.72 /jianli/public/contact/jqBootstrapValidation.js
INFO: [ app_init ] --START--
INFO: Run Behavior\BuildLiteBehavior [ RunTime:0.000021s ]
INFO: [ app_init ] --END-- [ RunTime:0.000442s ]
ERR: 无法加载模块:Public

[ 2019-11-21T11:01:11+08:00 ] 221.230.53.72 /jianli/public/contact/contact_me.js
INFO: [ app_init ] --START--
INFO: Run Behavior\BuildLiteBehavior [ RunTime:0.000020s ]
INFO: [ app_init ] --END-- [ RunTime:0.000426s ]
ERR: 无法加载模块:Public

[ 2019-11-21T11:01:13+08:00 ] 221.230.53.72 /jianli/public/contact/jqBootstrapValidation.js
INFO: [ app_init ] --START--
INFO: Run Behavior\BuildLiteBehavior [ RunTime:0.000020s ]
INFO: [ app_init ] --END-- [ RunTime:0.000435s ]
ERR: 无法加载模块:Public

[ 2019-11-21T11:01:13+08:00 ] 221.230.53.72 /jianli/public/contact/contact_me.js
INFO: [ app_init ] --START--
INFO: Run Behavior\BuildLiteBehavior [ RunTime:0.000020s ]
INFO: [ app_init ] --END-- [ RunTime:0.000414s ]
ERR: 无法加载模块:Public

[ 2019-11-21T11:01:20+08:00 ] 221.230.53.72 /jianli/public/contact/jqBootstrapValidation.js
INFO: [ app_init ] --START--
INFO: Run Behavior\BuildLiteBehavior [ RunTime:0.000020s ]
INFO: [ app_init ] --END-- [ RunTime:0.000431s ]
ERR: 无法加载模块:Public

[ 2019-11-21T11:01:20+08:00 ] 221.230.53.72 /jianli/public/contact/contact_me.js
INFO: [ app_init ] --START--
INFO: Run Behavior\BuildLiteBehavior [ RunTime:0.000019s ]
INFO: [ app_init ] --END-- [ RunTime:0.000430s ]
ERR: 无法加载模块:Public

[ 2019-11-21T11:01:24+08:00 ] 221.230.53.72 /jianli/public/contact/jqBootstrapValidation.js
INFO: [ app_init ] --START--
INFO: Run Behavior\BuildLiteBehavior [ RunTime:0.000018s ]
INFO: [ app_init ] --END-- [ RunTime:0.000437s ]
ERR: 无法加载模块:Public

[ 2019-11-21T11:01:24+08:00 ] 221.230.53.72 /jianli/public/contact/contact_me.js
INFO: [ app_init ] --START--
INFO: Run Behavior\BuildLiteBehavior [ RunTime:0.000020s ]
INFO: [ app_init ] --END-- [ RunTime:0.000414s ]
ERR: 无法加载模块:Public

[ 2019-11-21T11:01:30+08:00 ] 221.230.53.72 /jianli/public/contact/jqBootstrapValidation.js
INFO: [ app_init ] --START--
INFO: Run Behavior\BuildLiteBehavior [ RunTime:0.000021s ]
INFO: [ app_init ] --END-- [ RunTime:0.000437s ]
ERR: 无法加载模块:Public

[ 2019-11-21T11:01:30+08:00 ] 221.230.53.72 /jianli/public/contact/contact_me.js
INFO: [ app_init ] --START--
INFO: Run Behavior\BuildLiteBehavior [ RunTime:0.000021s ]
INFO: [ app_init ] --END-- [ RunTime:0.000426s ]
ERR: 无法加载模块:Public

[ 2019-11-21T11:01:52+08:00 ] 221.230.53.72 /jianli/public/contact/jqBootstrapValidation.js
INFO: [ app_init ] --START--
INFO: Run Behavior\BuildLiteBehavior [ RunTime:0.000021s ]
INFO: [ app_init ] --END-- [ RunTime:0.000439s ]
ERR: 无法加载模块:Public

[ 2019-11-21T11:01:52+08:00 ] 221.230.53.72 /jianli/public/contact/contact_me.js
INFO: [ app_init ] --START--
INFO: Run Behavior\BuildLiteBehavior [ RunTime:0.000019s ]
INFO: [ app_init ] --END-- [ RunTime:0.000417s ]
ERR: 无法加载模块:Public

[ 2019-11-21T11:02:40+08:00 ] 221.230.53.72 /jianli/public/contact/jqBootstrapValidation.js
INFO: [ app_init ] --START--
INFO: Run Behavior\BuildLiteBehavior [ RunTime:0.000022s ]
INFO: [ app_init ] --END-- [ RunTime:0.000450s ]
ERR: 无法加载模块:Public

[ 2019-11-21T11:02:40+08:00 ] 221.230.53.72 /jianli/public/contact/contact_me.js
INFO: [ app_init ] --START--
INFO: Run Behavior\BuildLiteBehavior [ RunTime:0.000022s ]
INFO: [ app_init ] --END-- [ RunTime:0.000430s ]
ERR: 无法加载模块:Public

[ 2019-11-21T11:03:18+08:00 ] 221.230.53.72 /jianli/public/contact/contact_me.js
INFO: [ app_init ] --START--
INFO: Run Behavior\BuildLiteBehavior [ RunTime:0.000022s ]
INFO: [ app_init ] --END-- [ RunTime:0.000439s ]
ERR: 无法加载模块:Public

[ 2019-11-21T11:03:18+08:00 ] 221.230.53.72 /jianli/public/contact/jqBootstrapValidation.js
INFO: [ app_init ] --START--
INFO: Run Behavior\BuildLiteBehavior [ RunTime:0.000021s ]
INFO: [ app_init ] --END-- [ RunTime:0.000426s ]
ERR: 无法加载模块:Public

[ 2019-11-21T11:03:18+08:00 ] 221.230.53.72 /jianli/public/contact/contact_me.js
INFO: [ app_init ] --START--
INFO: Run Behavior\BuildLiteBehavior [ RunTime:0.000021s ]
INFO: [ app_init ] --END-- [ RunTime:0.000446s ]
ERR: 无法加载模块:Public

[ 2019-11-21T11:03:45+08:00 ] 221.230.53.72 /jianli/public/contact/jqBootstrapValidation.js
INFO: [ app_init ] --START--
INFO: Run Behavior\BuildLiteBehavior [ RunTime:0.000019s ]
INFO: [ app_init ] --END-- [ RunTime:0.000440s ]
ERR: 无法加载模块:Public

[ 2019-11-21T11:03:45+08:00 ] 221.230.53.72 /jianli/public/contact/contact_me.js
INFO: [ app_init ] --START--
INFO: Run Behavior\BuildLiteBehavior [ RunTime:0.000022s ]
INFO: [ app_init ] --END-- [ RunTime:0.000429s ]
ERR: 无法加载模块:Public

[ 2019-11-21T11:04:50+08:00 ] 221.230.53.72 /jianli/public/contact/jqBootstrapValidation.js
INFO: [ app_init ] --START--
INFO: Run Behavior\BuildLiteBehavior [ RunTime:0.000019s ]
INFO: [ app_init ] --END-- [ RunTime:0.000457s ]
ERR: 无法加载模块:Public

[ 2019-11-21T11:04:50+08:00 ] 221.230.53.72 /jianli/public/contact/contact_me.js
INFO: [ app_init ] --START--
INFO: Run Behavior\BuildLiteBehavior [ RunTime:0.000019s ]
INFO: [ app_init ] --END-- [ RunTime:0.000430s ]
ERR: 无法加载模块:Public

[ 2019-11-21T11:04:51+08:00 ] 221.230.53.72 /jianli/public/contact/jqBootstrapValidation.js
INFO: [ app_init ] --START--
INFO: Run Behavior\BuildLiteBehavior [ RunTime:0.000022s ]
INFO: [ app_init ] --END-- [ RunTime:0.000514s ]
ERR: 无法加载模块:Public

[ 2019-11-21T11:04:51+08:00 ] 221.230.53.72 /jianli/public/contact/contact_me.js
INFO: [ app_init ] --START--
INFO: Run Behavior\BuildLiteBehavior [ RunTime:0.000018s ]
INFO: [ app_init ] --END-- [ RunTime:0.000412s ]
ERR: 无法加载模块:Public

[ 2019-11-21T11:04:53+08:00 ] 221.230.53.72 /jianli/public/contact/jqBootstrapValidation.js
INFO: [ app_init ] --START--
INFO: Run Behavior\BuildLiteBehavior [ RunTime:0.000019s ]
INFO: [ app_init ] --END-- [ RunTime:0.000457s ]
ERR: 无法加载模块:Public

[ 2019-11-21T11:04:53+08:00 ] 221.230.53.72 /jianli/public/contact/contact_me.js
INFO: [ app_init ] --START--
INFO: Run Behavior\BuildLiteBehavior [ RunTime:0.000019s ]
INFO: [ app_init ] --END-- [ RunTime:0.000422s ]
ERR: 无法加载模块:Public

[ 2019-11-21T11:04:54+08:00 ] 221.230.53.72 /jianli/public/contact/contact_me.js
INFO: [ app_init ] --START--
INFO: Run Behavior\BuildLiteBehavior [ RunTime:0.000020s ]
INFO: [ app_init ] --END-- [ RunTime:0.000439s ]
ERR: 无法加载模块:Public

[ 2019-11-21T11:04:54+08:00 ] 221.230.53.72 /jianli/public/contact/jqBootstrapValidation.js
INFO: [ app_init ] --START--
INFO: Run Behavior\BuildLiteBehavior [ RunTime:0.000021s ]
INFO: [ app_init ] --END-- [ RunTime:0.000440s ]
ERR: 无法加载模块:Public

[ 2019-11-21T11:04:54+08:00 ] 221.230.53.72 /jianli/public/contact/contact_me.js
INFO: [ app_init ] --START--
INFO: Run Behavior\BuildLiteBehavior [ RunTime:0.000018s ]
INFO: [ app_init ] --END-- [ RunTime:0.000413s ]
ERR: 无法加载模块:Public

[ 2019-11-21T11:05:12+08:00 ] 221.230.53.72 /jianli/public/contact/jqBootstrapValidation.js
INFO: [ app_init ] --START--
INFO: Run Behavior\BuildLiteBehavior [ RunTime:0.000020s ]
INFO: [ app_init ] --END-- [ RunTime:0.000437s ]
ERR: 无法加载模块:Public

[ 2019-11-21T11:05:12+08:00 ] 221.230.53.72 /jianli/public/contact/contact_me.js
INFO: [ app_init ] --START--
INFO: Run Behavior\BuildLiteBehavior [ RunTime:0.000019s ]
INFO: [ app_init ] --END-- [ RunTime:0.000422s ]
ERR: 无法加载模块:Public

[ 2019-11-21T11:07:27+08:00 ] 221.230.53.72 /jianli/public/contact/jqBootstrapValidation.js
INFO: [ app_init ] --START--
INFO: Run Behavior\BuildLiteBehavior [ RunTime:0.000020s ]
INFO: [ app_init ] --END-- [ RunTime:0.000436s ]
ERR: 无法加载模块:Public

[ 2019-11-21T11:07:27+08:00 ] 221.230.53.72 /jianli/public/contact/contact_me.js
INFO: [ app_init ] --START--
INFO: Run Behavior\BuildLiteBehavior [ RunTime:0.000019s ]
INFO: [ app_init ] --END-- [ RunTime:0.000433s ]
ERR: 无法加载模块:Public

[ 2019-11-21T11:07:27+08:00 ] 221.230.53.72 /jianli/public/contact/jqBootstrapValidation.js
INFO: [ app_init ] --START--
INFO: Run Behavior\BuildLiteBehavior [ RunTime:0.000019s ]
INFO: [ app_init ] --END-- [ RunTime:0.000453s ]
ERR: 无法加载模块:Public

[ 2019-11-21T11:07:27+08:00 ] 221.230.53.72 /jianli/public/contact/contact_me.js
INFO: [ app_init ] --START--
INFO: Run Behavior\BuildLiteBehavior [ RunTime:0.000018s ]
INFO: [ app_init ] --END-- [ RunTime:0.000433s ]
ERR: 无法加载模块:Public

[ 2019-11-21T11:16:41+08:00 ] 221.230.53.72 /jianli/public/contact/jqBootstrapValidation.js
INFO: [ app_init ] --START--
INFO: Run Behavior\BuildLiteBehavior [ RunTime:0.000019s ]
INFO: [ app_init ] --END-- [ RunTime:0.000437s ]
ERR: 无法加载模块:Public

[ 2019-11-21T11:16:41+08:00 ] 221.230.53.72 /jianli/public/contact/contact_me.js
INFO: [ app_init ] --START--
INFO: Run Behavior\BuildLiteBehavior [ RunTime:0.000018s ]
INFO: [ app_init ] --END-- [ RunTime:0.000439s ]
ERR: 无法加载模块:Public

[ 2019-11-21T11:17:06+08:00 ] 221.230.53.72 /jianli/public/contact/jqBootstrapValidation.js
INFO: [ app_init ] --START--
INFO: Run Behavior\BuildLiteBehavior [ RunTime:0.000018s ]
INFO: [ app_init ] --END-- [ RunTime:0.000487s ]
ERR: 无法加载模块:Public

[ 2019-11-21T11:17:06+08:00 ] 221.230.53.72 /jianli/public/contact/contact_me.js
INFO: [ app_init ] --START--
INFO: Run Behavior\BuildLiteBehavior [ RunTime:0.000036s ]
INFO: [ app_init ] --END-- [ RunTime:0.000456s ]
ERR: 无法加载模块:Public

[ 2019-11-21T11:17:20+08:00 ] 221.230.53.72 /jianli/public/contact/contact_me.js
INFO: [ app_init ] --START--
INFO: Run Behavior\BuildLiteBehavior [ RunTime:0.000021s ]
INFO: [ app_init ] --END-- [ RunTime:0.000444s ]
ERR: 无法加载模块:Public

[ 2019-11-21T11:17:20+08:00 ] 221.230.53.72 /jianli/public/contact/jqBootstrapValidation.js
INFO: [ app_init ] --START--
INFO: Run Behavior\BuildLiteBehavior [ RunTime:0.000019s ]
INFO: [ app_init ] --END-- [ RunTime:0.000424s ]
ERR: 无法加载模块:Public

[ 2019-11-21T11:17:20+08:00 ] 221.230.53.72 /jianli/public/contact/contact_me.js
INFO: [ app_init ] --START--
INFO: Run Behavior\BuildLiteBehavior [ RunTime:0.000021s ]
INFO: [ app_init ] --END-- [ RunTime:0.000435s ]
ERR: 无法加载模块:Public

[ 2019-11-21T11:17:33+08:00 ] 221.230.53.72 /jianli/public/contact/jqBootstrapValidation.js
INFO: [ app_init ] --START--
INFO: Run Behavior\BuildLiteBehavior [ RunTime:0.000021s ]
INFO: [ app_init ] --END-- [ RunTime:0.000434s ]
ERR: 无法加载模块:Public

[ 2019-11-21T11:17:33+08:00 ] 221.230.53.72 /jianli/public/contact/contact_me.js
INFO: [ app_init ] --START--
INFO: Run Behavior\BuildLiteBehavior [ RunTime:0.000019s ]
INFO: [ app_init ] --END-- [ RunTime:0.000414s ]
ERR: 无法加载模块:Public

[ 2019-11-21T11:17:33+08:00 ] 221.230.53.72 /jianli/public/contact/contact_me.js
INFO: [ app_init ] --START--
INFO: Run Behavior\BuildLiteBehavior [ RunTime:0.000021s ]
INFO: [ app_init ] --END-- [ RunTime:0.000441s ]
ERR: 无法加载模块:Public

[ 2019-11-21T11:17:34+08:00 ] 221.230.53.72 /jianli/public/contact/jqBootstrapValidation.js
INFO: [ app_init ] --START--
INFO: Run Behavior\BuildLiteBehavior [ RunTime:0.000019s ]
INFO: [ app_init ] --END-- [ RunTime:0.000427s ]
ERR: 无法加载模块:Public

[ 2019-11-21T11:17:34+08:00 ] 221.230.53.72 /jianli/public/contact/contact_me.js
INFO: [ app_init ] --START--
INFO: Run Behavior\BuildLiteBehavior [ RunTime:0.000022s ]
INFO: [ app_init ] --END-- [ RunTime:0.000438s ]
ERR: 无法加载模块:Public

[ 2019-11-21T11:17:45+08:00 ] 221.230.53.72 /jianli/public/contact/jqBootstrapValidation.js
INFO: [ app_init ] --START--
INFO: Run Behavior\BuildLiteBehavior [ RunTime:0.000020s ]
INFO: [ app_init ] --END-- [ RunTime:0.000427s ]
ERR: 无法加载模块:Public

[ 2019-11-21T11:17:45+08:00 ] 221.230.53.72 /jianli/public/contact/contact_me.js
INFO: [ app_init ] --START--
INFO: Run Behavior\BuildLiteBehavior [ RunTime:0.000019s ]
INFO: [ app_init ] --END-- [ RunTime:0.000409s ]
ERR: 无法加载模块:Public

[ 2019-11-21T11:17:47+08:00 ] 221.230.53.72 /jianli/public/contact/jqBootstrapValidation.js
INFO: [ app_init ] --START--
INFO: Run Behavior\BuildLiteBehavior [ RunTime:0.000021s ]
INFO: [ app_init ] --END-- [ RunTime:0.000423s ]
ERR: 无法加载模块:Public

[ 2019-11-21T11:17:47+08:00 ] 221.230.53.72 /jianli/public/contact/contact_me.js
INFO: [ app_init ] --START--
INFO: Run Behavior\BuildLiteBehavior [ RunTime:0.000020s ]
INFO: [ app_init ] --END-- [ RunTime:0.000414s ]
ERR: 无法加载模块:Public

[ 2019-11-21T11:18:14+08:00 ] 221.230.53.72 /jianli/public/contact/jqBootstrapValidation.js
INFO: [ app_init ] --START--
INFO: Run Behavior\BuildLiteBehavior [ RunTime:0.000024s ]
INFO: [ app_init ] --END-- [ RunTime:0.000492s ]
ERR: 无法加载模块:Public

[ 2019-11-21T11:18:14+08:00 ] 221.230.53.72 /jianli/public/contact/contact_me.js
INFO: [ app_init ] --START--
INFO: Run Behavior\BuildLiteBehavior [ RunTime:0.000018s ]
INFO: [ app_init ] --END-- [ RunTime:0.000427s ]
ERR: 无法加载模块:Public

[ 2019-11-21T11:18:39+08:00 ] 221.230.53.72 /jianli/public/contact/jqBootstrapValidation.js
INFO: [ app_init ] --START--
INFO: Run Behavior\BuildLiteBehavior [ RunTime:0.000025s ]
INFO: [ app_init ] --END-- [ RunTime:0.000502s ]
ERR: 无法加载模块:Public

[ 2019-11-21T11:18:39+08:00 ] 221.230.53.72 /jianli/public/contact/contact_me.js
INFO: [ app_init ] --START--
INFO: Run Behavior\BuildLiteBehavior [ RunTime:0.000018s ]
INFO: [ app_init ] --END-- [ RunTime:0.000430s ]
ERR: 无法加载模块:Public

[ 2019-11-21T11:18:39+08:00 ] 221.230.53.72 /jianli/public/img/bg.jpg
INFO: [ app_init ] --START--
INFO: Run Behavior\BuildLiteBehavior [ RunTime:0.000017s ]
INFO: [ app_init ] --END-- [ RunTime:0.000407s ]
ERR: 无法加载模块:Public

[ 2019-11-21T11:18:40+08:00 ] 221.230.53.72 /jianli/public/contact/jqBootstrapValidation.js
INFO: [ app_init ] --START--
INFO: Run Behavior\BuildLiteBehavior [ RunTime:0.000020s ]
INFO: [ app_init ] --END-- [ RunTime:0.000429s ]
ERR: 无法加载模块:Public

[ 2019-11-21T11:18:40+08:00 ] 221.230.53.72 /jianli/public/contact/contact_me.js
INFO: [ app_init ] --START--
INFO: Run Behavior\BuildLiteBehavior [ RunTime:0.000020s ]
INFO: [ app_init ] --END-- [ RunTime:0.000429s ]
ERR: 无法加载模块:Public

[ 2019-11-21T11:18:58+08:00 ] 221.230.53.72 /jianli/public/contact/jqBootstrapValidation.js
INFO: [ app_init ] --START--
INFO: Run Behavior\BuildLiteBehavior [ RunTime:0.000018s ]
INFO: [ app_init ] --END-- [ RunTime:0.000438s ]
ERR: 无法加载模块:Public

[ 2019-11-21T11:18:58+08:00 ] 221.230.53.72 /jianli/public/contact/contact_me.js
INFO: [ app_init ] --START--
INFO: Run Behavior\BuildLiteBehavior [ RunTime:0.000020s ]
INFO: [ app_init ] --END-- [ RunTime:0.000424s ]
ERR: 无法加载模块:Public

[ 2019-11-21T11:18:58+08:00 ] 221.230.53.72 /jianli/public/contact/contact_me.js
INFO: [ app_init ] --START--
INFO: Run Behavior\BuildLiteBehavior [ RunTime:0.000057s ]
INFO: [ app_init ] --END-- [ RunTime:0.000479s ]
ERR: 无法加载模块:Public

[ 2019-11-21T11:18:59+08:00 ] 221.230.53.72 /jianli/public/contact/contact_me.js
INFO: [ app_init ] --START--
INFO: Run Behavior\BuildLiteBehavior [ RunTime:0.000021s ]
INFO: [ app_init ] --END-- [ RunTime:0.000445s ]
ERR: 无法加载模块:Public

[ 2019-11-21T11:18:59+08:00 ] 221.230.53.72 /jianli/public/contact/jqBootstrapValidation.js
INFO: [ app_init ] --START--
INFO: Run Behavior\BuildLiteBehavior [ RunTime:0.000021s ]
INFO: [ app_init ] --END-- [ RunTime:0.000426s ]
ERR: 无法加载模块:Public

[ 2019-11-21T11:18:59+08:00 ] 221.230.53.72 /jianli/public/contact/contact_me.js
INFO: [ app_init ] --START--
INFO: Run Behavior\BuildLiteBehavior [ RunTime:0.000022s ]
INFO: [ app_init ] --END-- [ RunTime:0.000420s ]
ERR: 无法加载模块:Public

[ 2019-11-21T11:19:14+08:00 ] 221.230.53.72 /jianli/public/contact/contact_me.js
INFO: [ app_init ] --START--
INFO: Run Behavior\BuildLiteBehavior [ RunTime:0.000022s ]
INFO: [ app_init ] --END-- [ RunTime:0.000450s ]
ERR: 无法加载模块:Public

[ 2019-11-21T11:19:14+08:00 ] 221.230.53.72 /jianli/public/contact/jqBootstrapValidation.js
INFO: [ app_init ] --START--
INFO: Run Behavior\BuildLiteBehavior [ RunTime:0.000020s ]
INFO: [ app_init ] --END-- [ RunTime:0.000432s ]
ERR: 无法加载模块:Public

[ 2019-11-21T11:19:14+08:00 ] 221.230.53.72 /jianli/public/contact/contact_me.js
INFO: [ app_init ] --START--
INFO: Run Behavior\BuildLiteBehavior [ RunTime:0.000020s ]
INFO: [ app_init ] --END-- [ RunTime:0.000415s ]
ERR: 无法加载模块:Public

[ 2019-11-21T11:19:15+08:00 ] 221.230.53.72 /jianli/public/contact/contact_me.js
INFO: [ app_init ] --START--
INFO: Run Behavior\BuildLiteBehavior [ RunTime:0.000028s ]
INFO: [ app_init ] --END-- [ RunTime:0.000445s ]
ERR: 无法加载模块:Public

[ 2019-11-21T11:19:15+08:00 ] 221.230.53.72 /jianli/public/contact/jqBootstrapValidation.js
INFO: [ app_init ] --START--
INFO: Run Behavior\BuildLiteBehavior [ RunTime:0.000020s ]
INFO: [ app_init ] --END-- [ RunTime:0.000410s ]
ERR: 无法加载模块:Public

[ 2019-11-21T11:19:16+08:00 ] 221.230.53.72 /jianli/public/contact/contact_me.js
INFO: [ app_init ] --START--
INFO: Run Behavior\BuildLiteBehavior [ RunTime:0.000019s ]
INFO: [ app_init ] --END-- [ RunTime:0.000410s ]
ERR: 无法加载模块:Public

[ 2019-11-21T11:19:43+08:00 ] 221.230.53.72 /jianli/public/contact/contact_me.js
INFO: [ app_init ] --START--
INFO: Run Behavior\BuildLiteBehavior [ RunTime:0.000019s ]
INFO: [ app_init ] --END-- [ RunTime:0.000420s ]
ERR: 无法加载模块:Public

[ 2019-11-21T11:19:43+08:00 ] 221.230.53.72 /jianli/public/contact/jqBootstrapValidation.js
INFO: [ app_init ] --START--
INFO: Run Behavior\BuildLiteBehavior [ RunTime:0.000016s ]
INFO: [ app_init ] --END-- [ RunTime:0.000417s ]
ERR: 无法加载模块:Public

[ 2019-11-21T11:19:43+08:00 ] 221.230.53.72 /jianli/public/contact/contact_me.js
INFO: [ app_init ] --START--
INFO: Run Behavior\BuildLiteBehavior [ RunTime:0.000017s ]
INFO: [ app_init ] --END-- [ RunTime:0.000423s ]
ERR: 无法加载模块:Public

[ 2019-11-21T11:19:44+08:00 ] 221.230.53.72 /jianli/public/contact/jqBootstrapValidation.js
INFO: [ app_init ] --START--
INFO: Run Behavior\BuildLiteBehavior [ RunTime:0.000029s ]
INFO: [ app_init ] --END-- [ RunTime:0.000445s ]
ERR: 无法加载模块:Public

[ 2019-11-21T11:19:44+08:00 ] 221.230.53.72 /jianli/public/contact/contact_me.js
INFO: [ app_init ] --START--
INFO: Run Behavior\BuildLiteBehavior [ RunTime:0.000017s ]
INFO: [ app_init ] --END-- [ RunTime:0.000423s ]
ERR: 无法加载模块:Public

[ 2019-11-21T11:19:51+08:00 ] 221.230.53.72 /jianli/public/contact/contact_me.js
INFO: [ app_init ] --START--
INFO: Run Behavior\BuildLiteBehavior [ RunTime:0.000024s ]
INFO: [ app_init ] --END-- [ RunTime:0.000446s ]
ERR: 无法加载模块:Public

[ 2019-11-21T11:19:51+08:00 ] 221.230.53.72 /jianli/public/contact/jqBootstrapValidation.js
INFO: [ app_init ] --START--
INFO: Run Behavior\BuildLiteBehavior [ RunTime:0.000017s ]
INFO: [ app_init ] --END-- [ RunTime:0.000415s ]
ERR: 无法加载模块:Public

[ 2019-11-21T11:19:51+08:00 ] 221.230.53.72 /jianli/public/contact/contact_me.js
INFO: [ app_init ] --START--
INFO: Run Behavior\BuildLiteBehavior [ RunTime:0.000019s ]
INFO: [ app_init ] --END-- [ RunTime:0.000415s ]
ERR: 无法加载模块:Public

[ 2019-11-21T11:20:14+08:00 ] 221.230.53.72 /jianli/public/contact/jqBootstrapValidation.js
INFO: [ app_init ] --START--
INFO: Run Behavior\BuildLiteBehavior [ RunTime:0.000022s ]
INFO: [ app_init ] --END-- [ RunTime:0.000441s ]
ERR: 无法加载模块:Public

[ 2019-11-21T11:20:14+08:00 ] 221.230.53.72 /jianli/public/contact/contact_me.js
INFO: [ app_init ] --START--
INFO: Run Behavior\BuildLiteBehavior [ RunTime:0.000022s ]
INFO: [ app_init ] --END-- [ RunTime:0.000429s ]
ERR: 无法加载模块:Public

[ 2019-11-21T11:20:21+08:00 ] 221.230.53.72 /jianli/public/lib/bootstrap/css/bootstrap.min.css.map
INFO: [ app_init ] --START--
INFO: Run Behavior\BuildLiteBehavior [ RunTime:0.000021s ]
INFO: [ app_init ] --END-- [ RunTime:0.000443s ]
ERR: 无法加载模块:Public

[ 2019-11-21T11:28:58+08:00 ] 219.133.46.211 /jianli/public/contact/jqBootstrapValidation.js
INFO: [ app_init ] --START--
INFO: Run Behavior\BuildLiteBehavior [ RunTime:0.000020s ]
INFO: [ app_init ] --END-- [ RunTime:0.000607s ]
ERR: 无法加载模块:Public

[ 2019-11-21T11:28:58+08:00 ] 219.133.46.211 /jianli/public/contact/contact_me.js
INFO: [ app_init ] --START--
INFO: Run Behavior\BuildLiteBehavior [ RunTime:0.000033s ]
INFO: [ app_init ] --END-- [ RunTime:0.000476s ]
ERR: 无法加载模块:Public

[ 2019-11-21T11:28:58+08:00 ] 219.133.46.211 /jianli/public/contact/jqBootstrapValidation.js
INFO: [ app_init ] --START--
INFO: Run Behavior\BuildLiteBehavior [ RunTime:0.000018s ]
INFO: [ app_init ] --END-- [ RunTime:0.000438s ]
ERR: 无法加载模块:Public

[ 2019-11-21T11:28:59+08:00 ] 219.133.46.211 /jianli/public/contact/contact_me.js
INFO: [ app_init ] --START--
INFO: Run Behavior\BuildLiteBehavior [ RunTime:0.000027s ]
INFO: [ app_init ] --END-- [ RunTime:0.000496s ]
ERR: 无法加载模块:Public

[ 2019-11-21T11:29:01+08:00 ] 223.104.145.41 /jianli/public/contact/jqBootstrapValidation.js
INFO: [ app_init ] --START--
INFO: Run Behavior\BuildLiteBehavior [ RunTime:0.000019s ]
INFO: [ app_init ] --END-- [ RunTime:0.000435s ]
ERR: 无法加载模块:Public

[ 2019-11-21T11:29:01+08:00 ] 223.104.145.41 /jianli/public/contact/contact_me.js
INFO: [ app_init ] --START--
INFO: Run Behavior\BuildLiteBehavior [ RunTime:0.000021s ]
INFO: [ app_init ] --END-- [ RunTime:0.000425s ]
ERR: 无法加载模块:Public

[ 2019-11-21T11:29:06+08:00 ] 223.104.145.41 /jianli/public/contact/jqBootstrapValidation.js
INFO: [ app_init ] --START--
INFO: Run Behavior\BuildLiteBehavior [ RunTime:0.000018s ]
INFO: [ app_init ] --END-- [ RunTime:0.000439s ]
ERR: 无法加载模块:Public

[ 2019-11-21T11:29:06+08:00 ] 223.104.145.41 /jianli/public/contact/contact_me.js
INFO: [ app_init ] --START--
INFO: Run Behavior\BuildLiteBehavior [ RunTime:0.000019s ]
INFO: [ app_init ] --END-- [ RunTime:0.000416s ]
ERR: 无法加载模块:Public

[ 2019-11-21T11:29:22+08:00 ] 223.104.145.41 /jianli/public/contact/jqBootstrapValidation.js
INFO: [ app_init ] --START--
INFO: Run Behavior\BuildLiteBehavior [ RunTime:0.000017s ]
INFO: [ app_init ] --END-- [ RunTime:0.000432s ]
ERR: 无法加载模块:Public

[ 2019-11-21T11:29:22+08:00 ] 223.104.145.41 /jianli/public/contact/contact_me.js
INFO: [ app_init ] --START--
INFO: Run Behavior\BuildLiteBehavior [ RunTime:0.000021s ]
INFO: [ app_init ] --END-- [ RunTime:0.000572s ]
ERR: 无法加载模块:Public

[ 2019-11-21T11:29:29+08:00 ] 223.104.145.41 /jianli/public/contact/jqBootstrapValidation.js
INFO: [ app_init ] --START--
INFO: Run Behavior\BuildLiteBehavior [ RunTime:0.000020s ]
INFO: [ app_init ] --END-- [ RunTime:0.000477s ]
ERR: 无法加载模块:Public

[ 2019-11-21T11:29:29+08:00 ] 223.104.145.41 /jianli/public/contact/contact_me.js
INFO: [ app_init ] --START--
INFO: Run Behavior\BuildLiteBehavior [ RunTime:0.000020s ]
INFO: [ app_init ] --END-- [ RunTime:0.000425s ]
ERR: 无法加载模块:Public

[ 2019-11-21T11:30:31+08:00 ] 223.104.145.41 /jianli/public/contact/jqBootstrapValidation.js
INFO: [ app_init ] --START--
INFO: Run Behavior\BuildLiteBehavior [ RunTime:0.000020s ]
INFO: [ app_init ] --END-- [ RunTime:0.000434s ]
ERR: 无法加载模块:Public

[ 2019-11-21T11:30:31+08:00 ] 223.104.145.41 /jianli/public/contact/contact_me.js
INFO: [ app_init ] --START--
INFO: Run Behavior\BuildLiteBehavior [ RunTime:0.000022s ]
INFO: [ app_init ] --END-- [ RunTime:0.000439s ]
ERR: 无法加载模块:Public

[ 2019-11-21T11:30:39+08:00 ] 223.104.145.41 /jianli/public/contact/jqBootstrapValidation.js
INFO: [ app_init ] --START--
INFO: Run Behavior\BuildLiteBehavior [ RunTime:0.000019s ]
INFO: [ app_init ] --END-- [ RunTime:0.000427s ]
ERR: 无法加载模块:Public

[ 2019-11-21T11:30:39+08:00 ] 223.104.145.41 /jianli/public/contact/contact_me.js
INFO: [ app_init ] --START--
INFO: Run Behavior\BuildLiteBehavior [ RunTime:0.000021s ]
INFO: [ app_init ] --END-- [ RunTime:0.000429s ]
ERR: 无法加载模块:Public

[ 2019-11-21T11:35:35+08:00 ] 223.104.145.41 /jianli/public/contact/contact_me.js
INFO: [ app_init ] --START--
INFO: Run Behavior\BuildLiteBehavior [ RunTime:0.000019s ]
INFO: [ app_init ] --END-- [ RunTime:0.000433s ]
ERR: 无法加载模块:Public

[ 2019-11-21T11:35:35+08:00 ] 223.104.145.41 /jianli/public/contact/jqBootstrapValidation.js
INFO: [ app_init ] --START--
INFO: Run Behavior\BuildLiteBehavior [ RunTime:0.000017s ]
INFO: [ app_init ] --END-- [ RunTime:0.000419s ]
ERR: 无法加载模块:Public

[ 2019-11-21T11:35:35+08:00 ] 223.104.145.41 /jianli/public/contact/jqBootstrapValidation.js
INFO: [ app_init ] --START--
INFO: Run Behavior\BuildLiteBehavior [ RunTime:0.000018s ]
INFO: [ app_init ] --END-- [ RunTime:0.000433s ]
ERR: 无法加载模块:Public

[ 2019-11-21T11:35:36+08:00 ] 223.104.145.41 /jianli/public/contact/contact_me.js
INFO: [ app_init ] --START--
INFO: Run Behavior\BuildLiteBehavior [ RunTime:0.000017s ]
INFO: [ app_init ] --END-- [ RunTime:0.000442s ]
ERR: 无法加载模块:Public

[ 2019-11-21T11:45:16+08:00 ] 223.104.145.50 /jianli/public/contact/jqBootstrapValidation.js
INFO: [ app_init ] --START--
INFO: Run Behavior\BuildLiteBehavior [ RunTime:0.000019s ]
INFO: [ app_init ] --END-- [ RunTime:0.000441s ]
ERR: 无法加载模块:Public

[ 2019-11-21T11:45:16+08:00 ] 223.104.145.50 /jianli/public/contact/contact_me.js
INFO: [ app_init ] --START--
INFO: Run Behavior\BuildLiteBehavior [ RunTime:0.000020s ]
INFO: [ app_init ] --END-- [ RunTime:0.000446s ]
ERR: 无法加载模块:Public

[ 2019-11-21T11:45:17+08:00 ] 223.104.145.50 /jianli/public/contact/jqBootstrapValidation.js
INFO: [ app_init ] --START--
INFO: Run Behavior\BuildLiteBehavior [ RunTime:0.000018s ]
INFO: [ app_init ] --END-- [ RunTime:0.000443s ]
ERR: 无法加载模块:Public

[ 2019-11-21T11:45:17+08:00 ] 223.104.145.50 /jianli/public/contact/contact_me.js
INFO: [ app_init ] --START--
INFO: Run Behavior\BuildLiteBehavior [ RunTime:0.000019s ]
INFO: [ app_init ] --END-- [ RunTime:0.000420s ]
ERR: 无法加载模块:Public

[ 2019-11-21T13:35:44+08:00 ] 222.186.192.210 /jianli/public/contact/contact_me.js
INFO: [ app_init ] --START--
INFO: Run Behavior\BuildLiteBehavior [ RunTime:0.000027s ]
INFO: [ app_init ] --END-- [ RunTime:0.000432s ]
ERR: 无法加载模块:Public

[ 2019-11-21T13:35:44+08:00 ] 222.186.192.210 /jianli/public/contact/jqBootstrapValidation.js
INFO: [ app_init ] --START--
INFO: Run Behavior\BuildLiteBehavior [ RunTime:0.000018s ]
INFO: [ app_init ] --END-- [ RunTime:0.000415s ]
ERR: 无法加载模块:Public

[ 2019-11-21T13:36:40+08:00 ] 222.186.192.210 /jianli/public/contact/contact_me.js
INFO: [ app_init ] --START--
INFO: Run Behavior\BuildLiteBehavior [ RunTime:0.000020s ]
INFO: [ app_init ] --END-- [ RunTime:0.000435s ]
ERR: 无法加载模块:Public

[ 2019-11-21T13:36:43+08:00 ] 223.166.151.191 /jianli/public/contact/jqBootstrapValidation.js
INFO: [ app_init ] --START--
INFO: Run Behavior\BuildLiteBehavior [ RunTime:0.000019s ]
INFO: [ app_init ] --END-- [ RunTime:0.000442s ]
ERR: 无法加载模块:Public

[ 2019-11-21T13:36:43+08:00 ] 223.166.151.191 /jianli/public/contact/contact_me.js
INFO: [ app_init ] --START--
INFO: Run Behavior\BuildLiteBehavior [ RunTime:0.000018s ]
INFO: [ app_init ] --END-- [ RunTime:0.000425s ]
ERR: 无法加载模块:Public

[ 2019-11-21T13:36:43+08:00 ] 222.186.192.210 /jianli/public/contact/jqBootstrapValidation.js
INFO: [ app_init ] --START--
INFO: Run Behavior\BuildLiteBehavior [ RunTime:0.000026s ]
INFO: [ app_init ] --END-- [ RunTime:0.000437s ]
ERR: 无法加载模块:Public

[ 2019-11-21T13:37:05+08:00 ] 222.186.192.210 /jianli/public/contact/jqBootstrapValidation.js
INFO: [ app_init ] --START--
INFO: Run Behavior\BuildLiteBehavior [ RunTime:0.000020s ]
INFO: [ app_init ] --END-- [ RunTime:0.000434s ]
ERR: 无法加载模块:Public

[ 2019-11-21T13:37:05+08:00 ] 222.186.192.210 /jianli/public/contact/contact_me.js
INFO: [ app_init ] --START--
INFO: Run Behavior\BuildLiteBehavior [ RunTime:0.000017s ]
INFO: [ app_init ] --END-- [ RunTime:0.000414s ]
ERR: 无法加载模块:Public

[ 2019-11-21T13:37:44+08:00 ] 223.104.145.41 /jianli/public/contact/jqBootstrapValidation.js
INFO: [ app_init ] --START--
INFO: Run Behavior\BuildLiteBehavior [ RunTime:0.000019s ]
INFO: [ app_init ] --END-- [ RunTime:0.000451s ]
ERR: 无法加载模块:Public

[ 2019-11-21T13:37:44+08:00 ] 223.104.145.41 /jianli/public/contact/contact_me.js
INFO: [ app_init ] --START--
INFO: Run Behavior\BuildLiteBehavior [ RunTime:0.000019s ]
INFO: [ app_init ] --END-- [ RunTime:0.000455s ]
ERR: 无法加载模块:Public

[ 2019-11-21T13:37:44+08:00 ] 223.104.145.41 /jianli/public/contact/jqBootstrapValidation.js
INFO: [ app_init ] --START--
INFO: Run Behavior\BuildLiteBehavior [ RunTime:0.000018s ]
INFO: [ app_init ] --END-- [ RunTime:0.000440s ]
ERR: 无法加载模块:Public

[ 2019-11-21T13:37:44+08:00 ] 223.104.145.41 /jianli/public/contact/contact_me.js
INFO: [ app_init ] --START--
INFO: Run Behavior\BuildLiteBehavior [ RunTime:0.000020s ]
INFO: [ app_init ] --END-- [ RunTime:0.000443s ]
ERR: 无法加载模块:Public

[ 2019-11-21T22:10:37+08:00 ] 223.104.145.41 /jianli/public/contact/jqBootstrapValidation.js
INFO: [ app_init ] --START--
INFO: Run Behavior\BuildLiteBehavior [ RunTime:0.000020s ]
INFO: [ app_init ] --END-- [ RunTime:0.000505s ]
ERR: 无法加载模块:Public

[ 2019-11-21T22:10:37+08:00 ] 223.104.145.41 /jianli/public/contact/contact_me.js
INFO: [ app_init ] --START--
INFO: Run Behavior\BuildLiteBehavior [ RunTime:0.000019s ]
INFO: [ app_init ] --END-- [ RunTime:0.000460s ]
ERR: 无法加载模块:Public

[ 2019-11-21T22:10:37+08:00 ] 223.104.145.41 /jianli/public/contact/jqBootstrapValidation.js
INFO: [ app_init ] --START--
INFO: Run Behavior\BuildLiteBehavior [ RunTime:0.000020s ]
INFO: [ app_init ] --END-- [ RunTime:0.000453s ]
ERR: 无法加载模块:Public

[ 2019-11-21T22:10:37+08:00 ] 223.104.145.41 /jianli/public/contact/contact_me.js
INFO: [ app_init ] --START--
INFO: Run Behavior\BuildLiteBehavior [ RunTime:0.000019s ]
INFO: [ app_init ] --END-- [ RunTime:0.000448s ]
ERR: 无法加载模块:Public

[ 2019-11-21T22:10:43+08:00 ] 223.104.145.41 /jianli/public/contact/jqBootstrapValidation.js
INFO: [ app_init ] --START--
INFO: Run Behavior\BuildLiteBehavior [ RunTime:0.000019s ]
INFO: [ app_init ] --END-- [ RunTime:0.000448s ]
ERR: 无法加载模块:Public

[ 2019-11-21T22:10:43+08:00 ] 223.104.145.41 /jianli/public/contact/contact_me.js
INFO: [ app_init ] --START--
INFO: Run Behavior\BuildLiteBehavior [ RunTime:0.000022s ]
INFO: [ app_init ] --END-- [ RunTime:0.000452s ]
ERR: 无法加载模块:Public

[ 2019-11-21T22:10:48+08:00 ] 223.104.145.41 /jianli/public/contact/jqBootstrapValidation.js
INFO: [ app_init ] --START--
INFO: Run Behavior\BuildLiteBehavior [ RunTime:0.000019s ]
INFO: [ app_init ] --END-- [ RunTime:0.000438s ]
ERR: 无法加载模块:Public

[ 2019-11-21T22:10:49+08:00 ] 223.104.145.41 /jianli/public/contact/contact_me.js
INFO: [ app_init ] --START--
INFO: Run Behavior\BuildLiteBehavior [ RunTime:0.000020s ]
INFO: [ app_init ] --END-- [ RunTime:0.000438s ]
ERR: 无法加载模块:Public

[ 2019-11-21T22:12:05+08:00 ] 180.97.118.223 /jianli/public/contact/jqBootstrapValidation.js
INFO: [ app_init ] --START--
INFO: Run Behavior\BuildLiteBehavior [ RunTime:0.000020s ]
INFO: [ app_init ] --END-- [ RunTime:0.000444s ]
ERR: 无法加载模块:Public

[ 2019-11-21T22:12:05+08:00 ] 180.97.118.223 /jianli/public/contact/contact_me.js
INFO: [ app_init ] --START--
INFO: Run Behavior\BuildLiteBehavior [ RunTime:0.000020s ]
INFO: [ app_init ] --END-- [ RunTime:0.000483s ]
ERR: 无法加载模块:Public

[ 2019-11-21T22:12:15+08:00 ] 180.97.118.219 /jianli/public/contact/jqBootstrapValidation.js
INFO: [ app_init ] --START--
INFO: Run Behavior\BuildLiteBehavior [ RunTime:0.000020s ]
INFO: [ app_init ] --END-- [ RunTime:0.000447s ]
ERR: 无法加载模块:Public

[ 2019-11-21T22:12:15+08:00 ] 180.97.118.219 /jianli/public/contact/contact_me.js
INFO: [ app_init ] --START--
INFO: Run Behavior\BuildLiteBehavior [ RunTime:0.000021s ]
INFO: [ app_init ] --END-- [ RunTime:0.000448s ]
ERR: 无法加载模块:Public

[ 2019-11-21T23:21:39+08:00 ] 183.17.62.229 /jianli/public/contact/jqBootstrapValidation.js
INFO: [ app_init ] --START--
INFO: Run Behavior\BuildLiteBehavior [ RunTime:0.000018s ]
INFO: [ app_init ] --END-- [ RunTime:0.000446s ]
ERR: 无法加载模块:Public

[ 2019-11-21T23:21:40+08:00 ] 183.17.62.229 /jianli/public/contact/contact_me.js
INFO: [ app_init ] --START--
INFO: Run Behavior\BuildLiteBehavior [ RunTime:0.000021s ]
INFO: [ app_init ] --END-- [ RunTime:0.000439s ]
ERR: 无法加载模块:Public

[ 2019-11-21T23:22:28+08:00 ] 183.17.62.229 /jianli/public/contact/jqBootstrapValidation.js
INFO: [ app_init ] --START--
INFO: Run Behavior\BuildLiteBehavior [ RunTime:0.000018s ]
INFO: [ app_init ] --END-- [ RunTime:0.000433s ]
ERR: 无法加载模块:Public

[ 2019-11-21T23:22:28+08:00 ] 183.17.62.229 /jianli/public/contact/contact_me.js
INFO: [ app_init ] --START--
INFO: Run Behavior\BuildLiteBehavior [ RunTime:0.000020s ]
INFO: [ app_init ] --END-- [ RunTime:0.000437s ]
ERR: 无法加载模块:Public

[ 2019-11-21T23:22:33+08:00 ] 183.17.62.229 /jianli/public/contact/contact_me.js
INFO: [ app_init ] --START--
INFO: Run Behavior\BuildLiteBehavior [ RunTime:0.000021s ]
INFO: [ app_init ] --END-- [ RunTime:0.000445s ]
ERR: 无法加载模块:Public

[ 2019-11-21T23:22:33+08:00 ] 183.17.62.229 /jianli/public/contact/jqBootstrapValidation.js
INFO: [ app_init ] --START--
INFO: Run Behavior\BuildLiteBehavior [ RunTime:0.000025s ]
INFO: [ app_init ] --END-- [ RunTime:0.000435s ]
ERR: 无法加载模块:Public

[ 2019-11-21T23:22:37+08:00 ] 183.17.62.229 /jianli/public/contact/contact_me.js
INFO: [ app_init ] --START--
INFO: Run Behavior\BuildLiteBehavior [ RunTime:0.000022s ]
INFO: [ app_init ] --END-- [ RunTime:0.000458s ]
ERR: 无法加载模块:Public

[ 2019-11-21T23:22:37+08:00 ] 183.17.62.229 /jianli/public/contact/jqBootstrapValidation.js
INFO: [ app_init ] --START--
INFO: Run Behavior\BuildLiteBehavior [ RunTime:0.000019s ]
INFO: [ app_init ] --END-- [ RunTime:0.000425s ]
ERR: 无法加载模块:Public

