[ 2019-12-01T15:06:54+08:00 ] 127.0.0.1 /public/contact/jqBootstrapValidation.js
INFO: [ app_init ] --START--
INFO: Run Behavior\BuildLiteBehavior [ RunTime:0.000011s ]
INFO: [ app_init ] --END-- [ RunTime:0.001052s ]
ERR: 无法加载模块:Public

[ 2019-12-01T15:06:54+08:00 ] 127.0.0.1 /public/contact/contact_me.js
INFO: [ app_init ] --START--
INFO: Run Behavior\BuildLiteBehavior [ RunTime:0.000011s ]
INFO: [ app_init ] --END-- [ RunTime:0.000955s ]
ERR: 无法加载模块:Public

[ 2019-12-01T15:06:55+08:00 ] 127.0.0.1 /public/contact/jqBootstrapValidation.js
INFO: [ app_init ] --START--
INFO: Run Behavior\BuildLiteBehavior [ RunTime:0.000011s ]
INFO: [ app_init ] --END-- [ RunTime:0.000976s ]
ERR: 无法加载模块:Public

[ 2019-12-01T15:06:55+08:00 ] 127.0.0.1 /public/contact/contact_me.js
INFO: [ app_init ] --START--
INFO: Run Behavior\BuildLiteBehavior [ RunTime:0.000030s ]
INFO: [ app_init ] --END-- [ RunTime:0.001010s ]
ERR: 无法加载模块:Public

[ 2019-12-01T15:07:14+08:00 ] 127.0.0.1 /public/contact/jqBootstrapValidation.js
INFO: [ app_init ] --START--
INFO: Run Behavior\BuildLiteBehavior [ RunTime:0.000011s ]
INFO: [ app_init ] --END-- [ RunTime:0.001036s ]
ERR: 无法加载模块:Public

[ 2019-12-01T15:07:14+08:00 ] 127.0.0.1 /public/contact/contact_me.js
INFO: [ app_init ] --START--
INFO: Run Behavior\BuildLiteBehavior [ RunTime:0.000014s ]
INFO: [ app_init ] --END-- [ RunTime:0.001017s ]
ERR: 无法加载模块:Public

[ 2019-12-01T15:07:33+08:00 ] 127.0.0.1 /public/contact/contact_me.js
INFO: [ app_init ] --START--
INFO: Run Behavior\BuildLiteBehavior [ RunTime:0.000010s ]
INFO: [ app_init ] --END-- [ RunTime:0.000970s ]
ERR: 无法加载模块:Public

[ 2019-12-01T15:07:33+08:00 ] 127.0.0.1 /public/contact/jqBootstrapValidation.js
INFO: [ app_init ] --START--
INFO: Run Behavior\BuildLiteBehavior [ RunTime:0.000014s ]
INFO: [ app_init ] --END-- [ RunTime:0.003102s ]
ERR: 无法加载模块:Public

[ 2019-12-01T15:07:33+08:00 ] 127.0.0.1 /public/img/bg.jpg
INFO: [ app_init ] --START--
INFO: Run Behavior\BuildLiteBehavior [ RunTime:0.000014s ]
INFO: [ app_init ] --END-- [ RunTime:0.002203s ]
ERR: 无法加载模块:Public

[ 2019-12-01T15:07:33+08:00 ] 127.0.0.1 /public/contact/contact_me.js
INFO: [ app_init ] --START--
INFO: Run Behavior\BuildLiteBehavior [ RunTime:0.000011s ]
INFO: [ app_init ] --END-- [ RunTime:0.000863s ]
ERR: 无法加载模块:Public

[ 2019-12-01T15:07:34+08:00 ] 127.0.0.1 /public/contact/jqBootstrapValidation.js
INFO: [ app_init ] --START--
INFO: Run Behavior\BuildLiteBehavior [ RunTime:0.000010s ]
INFO: [ app_init ] --END-- [ RunTime:0.000926s ]
ERR: 无法加载模块:Public

[ 2019-12-01T15:07:34+08:00 ] 127.0.0.1 /public/contact/contact_me.js
INFO: [ app_init ] --START--
INFO: Run Behavior\BuildLiteBehavior [ RunTime:0.000009s ]
INFO: [ app_init ] --END-- [ RunTime:0.000918s ]
ERR: 无法加载模块:Public

[ 2019-12-01T15:07:53+08:00 ] 127.0.0.1 /public/contact/jqBootstrapValidation.js
INFO: [ app_init ] --START--
INFO: Run Behavior\BuildLiteBehavior [ RunTime:0.000013s ]
INFO: [ app_init ] --END-- [ RunTime:0.001371s ]
ERR: 无法加载模块:Public

[ 2019-12-01T15:07:53+08:00 ] 127.0.0.1 /public/img/bg.jpg
INFO: [ app_init ] --START--
INFO: Run Behavior\BuildLiteBehavior [ RunTime:0.000012s ]
INFO: [ app_init ] --END-- [ RunTime:0.000869s ]
ERR: 无法加载模块:Public

[ 2019-12-01T15:07:53+08:00 ] 127.0.0.1 /public/contact/contact_me.js
INFO: [ app_init ] --START--
INFO: Run Behavior\BuildLiteBehavior [ RunTime:0.000038s ]
INFO: [ app_init ] --END-- [ RunTime:0.006043s ]
ERR: 无法加载模块:Public

[ 2019-12-01T15:07:53+08:00 ] 127.0.0.1 /public/contact/contact_me.js
INFO: [ app_init ] --START--
INFO: Run Behavior\BuildLiteBehavior [ RunTime:0.000016s ]
INFO: [ app_init ] --END-- [ RunTime:0.000901s ]
ERR: 无法加载模块:Public

[ 2019-12-01T15:15:47+08:00 ] 127.0.0.1 /public/contact/contact_me.js
INFO: [ app_init ] --START--
INFO: Run Behavior\BuildLiteBehavior [ RunTime:0.000064s ]
INFO: [ app_init ] --END-- [ RunTime:0.003217s ]
ERR: 无法加载模块:Public

[ 2019-12-01T15:15:47+08:00 ] 127.0.0.1 /public/contact/jqBootstrapValidation.js
INFO: [ app_init ] --START--
INFO: Run Behavior\BuildLiteBehavior [ RunTime:0.000012s ]
INFO: [ app_init ] --END-- [ RunTime:0.000997s ]
ERR: 无法加载模块:Public

[ 2019-12-01T15:15:47+08:00 ] 127.0.0.1 /public/contact/contact_me.js
INFO: [ app_init ] --START--
INFO: Run Behavior\BuildLiteBehavior [ RunTime:0.000013s ]
INFO: [ app_init ] --END-- [ RunTime:0.000867s ]
ERR: 无法加载模块:Public

[ 2019-12-01T15:15:57+08:00 ] 127.0.0.1 /public/contact/jqBootstrapValidation.js
INFO: [ app_init ] --START--
INFO: Run Behavior\BuildLiteBehavior [ RunTime:0.000015s ]
INFO: [ app_init ] --END-- [ RunTime:0.001722s ]
ERR: 无法加载模块:Public

[ 2019-12-01T15:15:57+08:00 ] 127.0.0.1 /public/contact/contact_me.js
INFO: [ app_init ] --START--
INFO: Run Behavior\BuildLiteBehavior [ RunTime:0.000050s ]
INFO: [ app_init ] --END-- [ RunTime:0.001256s ]
ERR: 无法加载模块:Public

[ 2019-12-01T15:16:14+08:00 ] 127.0.0.1 /public/contact/jqBootstrapValidation.js
INFO: [ app_init ] --START--
INFO: Run Behavior\BuildLiteBehavior [ RunTime:0.000012s ]
INFO: [ app_init ] --END-- [ RunTime:0.001145s ]
ERR: 无法加载模块:Public

[ 2019-12-01T15:16:15+08:00 ] 127.0.0.1 /public/contact/contact_me.js
INFO: [ app_init ] --START--
INFO: Run Behavior\BuildLiteBehavior [ RunTime:0.000011s ]
INFO: [ app_init ] --END-- [ RunTime:0.001146s ]
ERR: 无法加载模块:Public

[ 2019-12-01T15:16:44+08:00 ] 127.0.0.1 /public/contact/jqBootstrapValidation.js
INFO: [ app_init ] --START--
INFO: Run Behavior\BuildLiteBehavior [ RunTime:0.000011s ]
INFO: [ app_init ] --END-- [ RunTime:0.001842s ]
ERR: 无法加载模块:Public

[ 2019-12-01T15:16:44+08:00 ] 127.0.0.1 /public/contact/contact_me.js
INFO: [ app_init ] --START--
INFO: Run Behavior\BuildLiteBehavior [ RunTime:0.000016s ]
INFO: [ app_init ] --END-- [ RunTime:0.001268s ]
ERR: 无法加载模块:Public

[ 2019-12-01T15:16:44+08:00 ] 127.0.0.1 /public/img/bg.jpg
INFO: [ app_init ] --START--
INFO: Run Behavior\BuildLiteBehavior [ RunTime:0.000012s ]
INFO: [ app_init ] --END-- [ RunTime:0.000947s ]
ERR: 无法加载模块:Public

[ 2019-12-01T15:16:52+08:00 ] 127.0.0.1 /public/contact/jqBootstrapValidation.js
INFO: [ app_init ] --START--
INFO: Run Behavior\BuildLiteBehavior [ RunTime:0.000014s ]
INFO: [ app_init ] --END-- [ RunTime:0.001057s ]
ERR: 无法加载模块:Public

[ 2019-12-01T15:16:52+08:00 ] 127.0.0.1 /public/contact/contact_me.js
INFO: [ app_init ] --START--
INFO: Run Behavior\BuildLiteBehavior [ RunTime:0.000022s ]
INFO: [ app_init ] --END-- [ RunTime:0.001446s ]
ERR: 无法加载模块:Public

[ 2019-12-01T15:17:56+08:00 ] 127.0.0.1 /public/contact/jqBootstrapValidation.js
INFO: [ app_init ] --START--
INFO: Run Behavior\BuildLiteBehavior [ RunTime:0.000015s ]
INFO: [ app_init ] --END-- [ RunTime:0.001104s ]
ERR: 无法加载模块:Public

[ 2019-12-01T15:17:56+08:00 ] 127.0.0.1 /public/contact/contact_me.js
INFO: [ app_init ] --START--
INFO: Run Behavior\BuildLiteBehavior [ RunTime:0.000021s ]
INFO: [ app_init ] --END-- [ RunTime:0.001081s ]
ERR: 无法加载模块:Public

[ 2019-12-01T15:19:35+08:00 ] 127.0.0.1 /public/contact/jqBootstrapValidation.js
INFO: [ app_init ] --START--
INFO: Run Behavior\BuildLiteBehavior [ RunTime:0.000014s ]
INFO: [ app_init ] --END-- [ RunTime:0.000950s ]
ERR: 无法加载模块:Public

[ 2019-12-01T15:19:35+08:00 ] 127.0.0.1 /public/contact/contact_me.js
INFO: [ app_init ] --START--
INFO: Run Behavior\BuildLiteBehavior [ RunTime:0.000028s ]
INFO: [ app_init ] --END-- [ RunTime:0.003505s ]
ERR: 无法加载模块:Public

[ 2019-12-01T15:19:35+08:00 ] 127.0.0.1 /public/contact/contact_me.js
INFO: [ app_init ] --START--
INFO: Run Behavior\BuildLiteBehavior [ RunTime:0.000013s ]
INFO: [ app_init ] --END-- [ RunTime:0.001327s ]
ERR: 无法加载模块:Public

[ 2019-12-01T15:20:00+08:00 ] 127.0.0.1 /public/contact/contact_me.js
INFO: [ app_init ] --START--
INFO: Run Behavior\BuildLiteBehavior [ RunTime:0.004645s ]
INFO: [ app_init ] --END-- [ RunTime:0.005853s ]
ERR: 无法加载模块:Public

[ 2019-12-01T15:20:00+08:00 ] 127.0.0.1 /public/img/bg.jpg
INFO: [ app_init ] --START--
INFO: Run Behavior\BuildLiteBehavior [ RunTime:0.000067s ]
INFO: [ app_init ] --END-- [ RunTime:0.001810s ]
ERR: 无法加载模块:Public

[ 2019-12-01T15:20:00+08:00 ] 127.0.0.1 /public/contact/jqBootstrapValidation.js
INFO: [ app_init ] --START--
INFO: Run Behavior\BuildLiteBehavior [ RunTime:0.000013s ]
INFO: [ app_init ] --END-- [ RunTime:0.001371s ]
ERR: 无法加载模块:Public

[ 2019-12-01T15:20:00+08:00 ] 127.0.0.1 /public/contact/contact_me.js
INFO: [ app_init ] --START--
INFO: Run Behavior\BuildLiteBehavior [ RunTime:0.000014s ]
INFO: [ app_init ] --END-- [ RunTime:0.000839s ]
ERR: 无法加载模块:Public

[ 2019-12-01T15:22:07+08:00 ] 127.0.0.1 /public/contact/jqBootstrapValidation.js
INFO: [ app_init ] --START--
INFO: Run Behavior\BuildLiteBehavior [ RunTime:0.000023s ]
INFO: [ app_init ] --END-- [ RunTime:0.005231s ]
ERR: 无法加载模块:Public

[ 2019-12-01T15:22:07+08:00 ] 127.0.0.1 /public/contact/contact_me.js
INFO: [ app_init ] --START--
INFO: Run Behavior\BuildLiteBehavior [ RunTime:0.000012s ]
INFO: [ app_init ] --END-- [ RunTime:0.000948s ]
ERR: 无法加载模块:Public

[ 2019-12-01T15:22:07+08:00 ] 127.0.0.1 /public/contact/jqBootstrapValidation.js
INFO: [ app_init ] --START--
INFO: Run Behavior\BuildLiteBehavior [ RunTime:0.000021s ]
INFO: [ app_init ] --END-- [ RunTime:0.001076s ]
ERR: 无法加载模块:Public

[ 2019-12-01T15:22:08+08:00 ] 127.0.0.1 /public/contact/contact_me.js
INFO: [ app_init ] --START--
INFO: Run Behavior\BuildLiteBehavior [ RunTime:0.000016s ]
INFO: [ app_init ] --END-- [ RunTime:0.002849s ]
ERR: 无法加载模块:Public

[ 2019-12-01T15:27:50+08:00 ] 127.0.0.1 /public/contact/jqBootstrapValidation.js
INFO: [ app_init ] --START--
INFO: Run Behavior\BuildLiteBehavior [ RunTime:0.000014s ]
INFO: [ app_init ] --END-- [ RunTime:0.003132s ]
ERR: 无法加载模块:Public

[ 2019-12-01T15:27:50+08:00 ] 127.0.0.1 /public/contact/contact_me.js
INFO: [ app_init ] --START--
INFO: Run Behavior\BuildLiteBehavior [ RunTime:0.000013s ]
INFO: [ app_init ] --END-- [ RunTime:0.000962s ]
ERR: 无法加载模块:Public

[ 2019-12-01T15:27:55+08:00 ] 127.0.0.1 /public/contact/contact_me.js
INFO: [ app_init ] --START--
INFO: Run Behavior\BuildLiteBehavior [ RunTime:0.000012s ]
INFO: [ app_init ] --END-- [ RunTime:0.001276s ]
ERR: 无法加载模块:Public

[ 2019-12-01T15:27:55+08:00 ] 127.0.0.1 /public/contact/jqBootstrapValidation.js
INFO: [ app_init ] --START--
INFO: Run Behavior\BuildLiteBehavior [ RunTime:0.000012s ]
INFO: [ app_init ] --END-- [ RunTime:0.004051s ]
ERR: 无法加载模块:Public

[ 2019-12-01T15:27:55+08:00 ] 127.0.0.1 /public/contact/contact_me.js
INFO: [ app_init ] --START--
INFO: Run Behavior\BuildLiteBehavior [ RunTime:0.000021s ]
INFO: [ app_init ] --END-- [ RunTime:0.002457s ]
ERR: 无法加载模块:Public

[ 2019-12-01T15:28:16+08:00 ] 127.0.0.1 /public/contact/jqBootstrapValidation.js
INFO: [ app_init ] --START--
INFO: Run Behavior\BuildLiteBehavior [ RunTime:0.000011s ]
INFO: [ app_init ] --END-- [ RunTime:0.001118s ]
ERR: 无法加载模块:Public

[ 2019-12-01T15:28:16+08:00 ] 127.0.0.1 /public/contact/contact_me.js
INFO: [ app_init ] --START--
INFO: Run Behavior\BuildLiteBehavior [ RunTime:0.000017s ]
INFO: [ app_init ] --END-- [ RunTime:0.001321s ]
ERR: 无法加载模块:Public

[ 2019-12-01T15:28:16+08:00 ] 127.0.0.1 /public/img/bg.jpg
INFO: [ app_init ] --START--
INFO: Run Behavior\BuildLiteBehavior [ RunTime:0.000011s ]
INFO: [ app_init ] --END-- [ RunTime:0.000933s ]
ERR: 无法加载模块:Public

[ 2019-12-01T15:28:20+08:00 ] 127.0.0.1 /public/contact/jqBootstrapValidation.js
INFO: [ app_init ] --START--
INFO: Run Behavior\BuildLiteBehavior [ RunTime:0.000010s ]
INFO: [ app_init ] --END-- [ RunTime:0.000985s ]
ERR: 无法加载模块:Public

[ 2019-12-01T15:28:20+08:00 ] 127.0.0.1 /public/contact/contact_me.js
INFO: [ app_init ] --START--
INFO: Run Behavior\BuildLiteBehavior [ RunTime:0.000028s ]
INFO: [ app_init ] --END-- [ RunTime:0.005929s ]
ERR: 无法加载模块:Public

[ 2019-12-01T15:37:25+08:00 ] 127.0.0.1 /favicon.ico
INFO: [ app_init ] --START--
INFO: Run Behavior\BuildLiteBehavior [ RunTime:0.000010s ]
INFO: [ app_init ] --END-- [ RunTime:0.001010s ]
ERR: 无法加载模块:Favicon

[ 2019-12-01T15:37:41+08:00 ] 127.0.0.1 /public/contact/jqBootstrapValidation.js
INFO: [ app_init ] --START--
INFO: Run Behavior\BuildLiteBehavior [ RunTime:0.000013s ]
INFO: [ app_init ] --END-- [ RunTime:0.001688s ]
ERR: 无法加载模块:Public

[ 2019-12-01T15:37:41+08:00 ] 127.0.0.1 /public/contact/contact_me.js
INFO: [ app_init ] --START--
INFO: Run Behavior\BuildLiteBehavior [ RunTime:0.000014s ]
INFO: [ app_init ] --END-- [ RunTime:0.002258s ]
ERR: 无法加载模块:Public

[ 2019-12-01T15:37:53+08:00 ] 127.0.0.1 /public/contact/contact_me.js
INFO: [ app_init ] --START--
INFO: Run Behavior\BuildLiteBehavior [ RunTime:0.000011s ]
INFO: [ app_init ] --END-- [ RunTime:0.001019s ]
ERR: 无法加载模块:Public

[ 2019-12-01T15:37:53+08:00 ] 127.0.0.1 /public/contact/jqBootstrapValidation.js
INFO: [ app_init ] --START--
INFO: Run Behavior\BuildLiteBehavior [ RunTime:0.000009s ]
INFO: [ app_init ] --END-- [ RunTime:0.001186s ]
ERR: 无法加载模块:Public

[ 2019-12-01T15:37:53+08:00 ] 127.0.0.1 /public/contact/contact_me.js
INFO: [ app_init ] --START--
INFO: Run Behavior\BuildLiteBehavior [ RunTime:0.000013s ]
INFO: [ app_init ] --END-- [ RunTime:0.001022s ]
ERR: 无法加载模块:Public

[ 2019-12-01T15:38:49+08:00 ] 127.0.0.1 /public/contact/contact_me.js
INFO: [ app_init ] --START--
INFO: Run Behavior\BuildLiteBehavior [ RunTime:0.000012s ]
INFO: [ app_init ] --END-- [ RunTime:0.001105s ]
ERR: 无法加载模块:Public

[ 2019-12-01T15:38:49+08:00 ] 127.0.0.1 /public/contact/jqBootstrapValidation.js
INFO: [ app_init ] --START--
INFO: Run Behavior\BuildLiteBehavior [ RunTime:0.000013s ]
INFO: [ app_init ] --END-- [ RunTime:0.000906s ]
ERR: 无法加载模块:Public

[ 2019-12-01T15:38:49+08:00 ] 127.0.0.1 /public/contact/contact_me.js
INFO: [ app_init ] --START--
INFO: Run Behavior\BuildLiteBehavior [ RunTime:0.000016s ]
INFO: [ app_init ] --END-- [ RunTime:0.000942s ]
ERR: 无法加载模块:Public

[ 2019-12-01T15:39:46+08:00 ] 127.0.0.1 /public/contact/contact_me.js
INFO: [ app_init ] --START--
INFO: Run Behavior\BuildLiteBehavior [ RunTime:0.000012s ]
INFO: [ app_init ] --END-- [ RunTime:0.001165s ]
ERR: 无法加载模块:Public

[ 2019-12-01T15:39:46+08:00 ] 127.0.0.1 /public/contact/jqBootstrapValidation.js
INFO: [ app_init ] --START--
INFO: Run Behavior\BuildLiteBehavior [ RunTime:0.000016s ]
INFO: [ app_init ] --END-- [ RunTime:0.001037s ]
ERR: 无法加载模块:Public

[ 2019-12-01T15:39:46+08:00 ] 127.0.0.1 /public/contact/contact_me.js
INFO: [ app_init ] --START--
INFO: Run Behavior\BuildLiteBehavior [ RunTime:0.000010s ]
INFO: [ app_init ] --END-- [ RunTime:0.000912s ]
ERR: 无法加载模块:Public

[ 2019-12-01T15:40:05+08:00 ] 127.0.0.1 /public/contact/contact_me.js
INFO: [ app_init ] --START--
INFO: Run Behavior\BuildLiteBehavior [ RunTime:0.000019s ]
INFO: [ app_init ] --END-- [ RunTime:0.001208s ]
ERR: 无法加载模块:Public

[ 2019-12-01T15:40:05+08:00 ] 127.0.0.1 /public/contact/jqBootstrapValidation.js
INFO: [ app_init ] --START--
INFO: Run Behavior\BuildLiteBehavior [ RunTime:0.000011s ]
INFO: [ app_init ] --END-- [ RunTime:0.001243s ]
ERR: 无法加载模块:Public

[ 2019-12-01T15:40:05+08:00 ] 127.0.0.1 /public/img/bg.jpg
INFO: [ app_init ] --START--
INFO: Run Behavior\BuildLiteBehavior [ RunTime:0.000011s ]
INFO: [ app_init ] --END-- [ RunTime:0.000894s ]
ERR: 无法加载模块:Public

[ 2019-12-01T15:40:06+08:00 ] 127.0.0.1 /public/contact/contact_me.js
INFO: [ app_init ] --START--
INFO: Run Behavior\BuildLiteBehavior [ RunTime:0.000013s ]
INFO: [ app_init ] --END-- [ RunTime:0.000842s ]
ERR: 无法加载模块:Public

[ 2019-12-01T15:40:21+08:00 ] 127.0.0.1 /public/contact/jqBootstrapValidation.js
INFO: [ app_init ] --START--
INFO: Run Behavior\BuildLiteBehavior [ RunTime:0.000016s ]
INFO: [ app_init ] --END-- [ RunTime:0.001644s ]
ERR: 无法加载模块:Public

[ 2019-12-01T15:40:21+08:00 ] 127.0.0.1 /public/contact/contact_me.js
INFO: [ app_init ] --START--
INFO: Run Behavior\BuildLiteBehavior [ RunTime:0.000015s ]
INFO: [ app_init ] --END-- [ RunTime:0.001216s ]
ERR: 无法加载模块:Public

[ 2019-12-01T15:40:29+08:00 ] 127.0.0.1 /public/contact/jqBootstrapValidation.js
INFO: [ app_init ] --START--
INFO: Run Behavior\BuildLiteBehavior [ RunTime:0.000058s ]
INFO: [ app_init ] --END-- [ RunTime:0.003682s ]
ERR: 无法加载模块:Public

[ 2019-12-01T15:40:29+08:00 ] 127.0.0.1 /public/contact/contact_me.js
INFO: [ app_init ] --START--
INFO: Run Behavior\BuildLiteBehavior [ RunTime:0.000051s ]
INFO: [ app_init ] --END-- [ RunTime:0.004186s ]
ERR: 无法加载模块:Public

[ 2019-12-01T15:40:29+08:00 ] 127.0.0.1 /public/contact/contact_me.js
INFO: [ app_init ] --START--
INFO: Run Behavior\BuildLiteBehavior [ RunTime:0.000015s ]
INFO: [ app_init ] --END-- [ RunTime:0.000901s ]
ERR: 无法加载模块:Public

[ 2019-12-01T15:40:30+08:00 ] 127.0.0.1 /favicon.ico
INFO: [ app_init ] --START--
INFO: Run Behavior\BuildLiteBehavior [ RunTime:0.000020s ]
INFO: [ app_init ] --END-- [ RunTime:0.006593s ]
ERR: 无法加载模块:Favicon

[ 2019-12-01T15:40:34+08:00 ] 127.0.0.1 /public/contact/contact_me.js
INFO: [ app_init ] --START--
INFO: Run Behavior\BuildLiteBehavior [ RunTime:0.000017s ]
INFO: [ app_init ] --END-- [ RunTime:0.001314s ]
ERR: 无法加载模块:Public

[ 2019-12-01T15:40:34+08:00 ] 127.0.0.1 /public/contact/jqBootstrapValidation.js
INFO: [ app_init ] --START--
INFO: Run Behavior\BuildLiteBehavior [ RunTime:0.000038s ]
INFO: [ app_init ] --END-- [ RunTime:0.001190s ]
ERR: 无法加载模块:Public

[ 2019-12-01T15:40:34+08:00 ] 127.0.0.1 /public/contact/contact_me.js
INFO: [ app_init ] --START--
INFO: Run Behavior\BuildLiteBehavior [ RunTime:0.000020s ]
INFO: [ app_init ] --END-- [ RunTime:0.001366s ]
ERR: 无法加载模块:Public

[ 2019-12-01T15:40:51+08:00 ] 127.0.0.1 /public/contact/jqBootstrapValidation.js
INFO: [ app_init ] --START--
INFO: Run Behavior\BuildLiteBehavior [ RunTime:0.000018s ]
INFO: [ app_init ] --END-- [ RunTime:0.002481s ]
ERR: 无法加载模块:Public

[ 2019-12-01T15:40:51+08:00 ] 127.0.0.1 /public/contact/contact_me.js
INFO: [ app_init ] --START--
INFO: Run Behavior\BuildLiteBehavior [ RunTime:0.000013s ]
INFO: [ app_init ] --END-- [ RunTime:0.001075s ]
ERR: 无法加载模块:Public

[ 2019-12-01T15:40:55+08:00 ] 127.0.0.1 /public/contact/jqBootstrapValidation.js
INFO: [ app_init ] --START--
INFO: Run Behavior\BuildLiteBehavior [ RunTime:0.000014s ]
INFO: [ app_init ] --END-- [ RunTime:0.001107s ]
ERR: 无法加载模块:Public

[ 2019-12-01T15:40:55+08:00 ] 127.0.0.1 /public/contact/contact_me.js
INFO: [ app_init ] --START--
INFO: Run Behavior\BuildLiteBehavior [ RunTime:0.000011s ]
INFO: [ app_init ] --END-- [ RunTime:0.001044s ]
ERR: 无法加载模块:Public

[ 2019-12-01T15:41:02+08:00 ] 127.0.0.1 /public/contact/jqBootstrapValidation.js
INFO: [ app_init ] --START--
INFO: Run Behavior\BuildLiteBehavior [ RunTime:0.000012s ]
INFO: [ app_init ] --END-- [ RunTime:0.001062s ]
ERR: 无法加载模块:Public

[ 2019-12-01T15:41:02+08:00 ] 127.0.0.1 /public/contact/contact_me.js
INFO: [ app_init ] --START--
INFO: Run Behavior\BuildLiteBehavior [ RunTime:0.000010s ]
INFO: [ app_init ] --END-- [ RunTime:0.001004s ]
ERR: 无法加载模块:Public

[ 2019-12-01T15:41:15+08:00 ] 127.0.0.1 /public/contact/contact_me.js
INFO: [ app_init ] --START--
INFO: Run Behavior\BuildLiteBehavior [ RunTime:0.000018s ]
INFO: [ app_init ] --END-- [ RunTime:0.003491s ]
ERR: 无法加载模块:Public

[ 2019-12-01T15:41:15+08:00 ] 127.0.0.1 /public/img/bg.jpg
INFO: [ app_init ] --START--
INFO: Run Behavior\BuildLiteBehavior [ RunTime:0.000013s ]
INFO: [ app_init ] --END-- [ RunTime:0.001608s ]
ERR: 无法加载模块:Public

[ 2019-12-01T15:41:15+08:00 ] 127.0.0.1 /public/contact/jqBootstrapValidation.js
INFO: [ app_init ] --START--
INFO: Run Behavior\BuildLiteBehavior [ RunTime:0.000012s ]
INFO: [ app_init ] --END-- [ RunTime:0.001178s ]
ERR: 无法加载模块:Public

[ 2019-12-01T15:41:15+08:00 ] 127.0.0.1 /public/contact/jqBootstrapValidation.js
INFO: [ app_init ] --START--
INFO: Run Behavior\BuildLiteBehavior [ RunTime:0.000019s ]
INFO: [ app_init ] --END-- [ RunTime:0.000932s ]
ERR: 无法加载模块:Public

[ 2019-12-01T15:41:15+08:00 ] 127.0.0.1 /public/contact/contact_me.js
INFO: [ app_init ] --START--
INFO: Run Behavior\BuildLiteBehavior [ RunTime:0.000013s ]
INFO: [ app_init ] --END-- [ RunTime:0.000850s ]
ERR: 无法加载模块:Public

[ 2019-12-01T15:41:20+08:00 ] 127.0.0.1 /public/contact/jqBootstrapValidation.js
INFO: [ app_init ] --START--
INFO: Run Behavior\BuildLiteBehavior [ RunTime:0.000016s ]
INFO: [ app_init ] --END-- [ RunTime:0.003349s ]
ERR: 无法加载模块:Public

[ 2019-12-01T15:41:20+08:00 ] 127.0.0.1 /public/contact/contact_me.js
INFO: [ app_init ] --START--
INFO: Run Behavior\BuildLiteBehavior [ RunTime:0.000014s ]
INFO: [ app_init ] --END-- [ RunTime:0.001254s ]
ERR: 无法加载模块:Public

[ 2019-12-01T15:43:51+08:00 ] 127.0.0.1 /public/contact/contact_me.js
INFO: [ app_init ] --START--
INFO: Run Behavior\BuildLiteBehavior [ RunTime:0.000015s ]
INFO: [ app_init ] --END-- [ RunTime:0.001331s ]
ERR: 无法加载模块:Public

[ 2019-12-01T15:43:51+08:00 ] 127.0.0.1 /public/contact/jqBootstrapValidation.js
INFO: [ app_init ] --START--
INFO: Run Behavior\BuildLiteBehavior [ RunTime:0.000012s ]
INFO: [ app_init ] --END-- [ RunTime:0.001132s ]
ERR: 无法加载模块:Public

[ 2019-12-01T15:43:51+08:00 ] 127.0.0.1 /public/contact/contact_me.js
INFO: [ app_init ] --START--
INFO: Run Behavior\BuildLiteBehavior [ RunTime:0.000010s ]
INFO: [ app_init ] --END-- [ RunTime:0.000869s ]
ERR: 无法加载模块:Public

[ 2019-12-01T15:43:56+08:00 ] 127.0.0.1 /public/contact/jqBootstrapValidation.js
INFO: [ app_init ] --START--
INFO: Run Behavior\BuildLiteBehavior [ RunTime:0.000012s ]
INFO: [ app_init ] --END-- [ RunTime:0.000983s ]
ERR: 无法加载模块:Public

[ 2019-12-01T15:43:56+08:00 ] 127.0.0.1 /public/contact/contact_me.js
INFO: [ app_init ] --START--
INFO: Run Behavior\BuildLiteBehavior [ RunTime:0.000011s ]
INFO: [ app_init ] --END-- [ RunTime:0.001156s ]
ERR: 无法加载模块:Public

[ 2019-12-01T15:51:05+08:00 ] 127.0.0.1 /public/contact/contact_me.js
INFO: [ app_init ] --START--
INFO: Run Behavior\BuildLiteBehavior [ RunTime:0.000010s ]
INFO: [ app_init ] --END-- [ RunTime:0.000992s ]
ERR: 无法加载模块:Public

[ 2019-12-01T15:51:05+08:00 ] 127.0.0.1 /public/contact/jqBootstrapValidation.js
INFO: [ app_init ] --START--
INFO: Run Behavior\BuildLiteBehavior [ RunTime:0.000009s ]
INFO: [ app_init ] --END-- [ RunTime:0.000931s ]
ERR: 无法加载模块:Public

[ 2019-12-01T15:51:05+08:00 ] 127.0.0.1 /public/contact/contact_me.js
INFO: [ app_init ] --START--
INFO: Run Behavior\BuildLiteBehavior [ RunTime:0.000010s ]
INFO: [ app_init ] --END-- [ RunTime:0.000801s ]
ERR: 无法加载模块:Public

[ 2019-12-01T15:51:07+08:00 ] 127.0.0.1 /favicon.ico
INFO: [ app_init ] --START--
INFO: Run Behavior\BuildLiteBehavior [ RunTime:0.000009s ]
INFO: [ app_init ] --END-- [ RunTime:0.000784s ]
ERR: 无法加载模块:Favicon

[ 2019-12-01T15:51:09+08:00 ] 127.0.0.1 /public/contact/jqBootstrapValidation.js
INFO: [ app_init ] --START--
INFO: Run Behavior\BuildLiteBehavior [ RunTime:0.000011s ]
INFO: [ app_init ] --END-- [ RunTime:0.001064s ]
ERR: 无法加载模块:Public

[ 2019-12-01T15:51:09+08:00 ] 127.0.0.1 /public/contact/contact_me.js
INFO: [ app_init ] --START--
INFO: Run Behavior\BuildLiteBehavior [ RunTime:0.000016s ]
INFO: [ app_init ] --END-- [ RunTime:0.001327s ]
ERR: 无法加载模块:Public

[ 2019-12-01T15:54:35+08:00 ] 127.0.0.1 /public/contact/jqBootstrapValidation.js
INFO: [ app_init ] --START--
INFO: Run Behavior\BuildLiteBehavior [ RunTime:0.000015s ]
INFO: [ app_init ] --END-- [ RunTime:0.001028s ]
ERR: 无法加载模块:Public

[ 2019-12-01T15:54:35+08:00 ] 127.0.0.1 /public/contact/contact_me.js
INFO: [ app_init ] --START--
INFO: Run Behavior\BuildLiteBehavior [ RunTime:0.000011s ]
INFO: [ app_init ] --END-- [ RunTime:0.000937s ]
ERR: 无法加载模块:Public

[ 2019-12-01T15:54:35+08:00 ] 127.0.0.1 /public/contact/contact_me.js
INFO: [ app_init ] --START--
INFO: Run Behavior\BuildLiteBehavior [ RunTime:0.000012s ]
INFO: [ app_init ] --END-- [ RunTime:0.001051s ]
ERR: 无法加载模块:Public

[ 2019-12-01T15:54:55+08:00 ] 127.0.0.1 /public/contact/jqBootstrapValidation.js
INFO: [ app_init ] --START--
INFO: Run Behavior\BuildLiteBehavior [ RunTime:0.000010s ]
INFO: [ app_init ] --END-- [ RunTime:0.000977s ]
ERR: 无法加载模块:Public

[ 2019-12-01T15:54:55+08:00 ] 127.0.0.1 /public/contact/contact_me.js
INFO: [ app_init ] --START--
INFO: Run Behavior\BuildLiteBehavior [ RunTime:0.000017s ]
INFO: [ app_init ] --END-- [ RunTime:0.002224s ]
ERR: 无法加载模块:Public

[ 2019-12-01T15:54:57+08:00 ] 127.0.0.1 /public/contact/jqBootstrapValidation.js
INFO: [ app_init ] --START--
INFO: Run Behavior\BuildLiteBehavior [ RunTime:0.000017s ]
INFO: [ app_init ] --END-- [ RunTime:0.001675s ]
ERR: 无法加载模块:Public

[ 2019-12-01T15:54:57+08:00 ] 127.0.0.1 /public/contact/contact_me.js
INFO: [ app_init ] --START--
INFO: Run Behavior\BuildLiteBehavior [ RunTime:0.000016s ]
INFO: [ app_init ] --END-- [ RunTime:0.001241s ]
ERR: 无法加载模块:Public

[ 2019-12-01T15:55:30+08:00 ] 127.0.0.1 /public/contact/jqBootstrapValidation.js
INFO: [ app_init ] --START--
INFO: Run Behavior\BuildLiteBehavior [ RunTime:0.000012s ]
INFO: [ app_init ] --END-- [ RunTime:0.001085s ]
ERR: 无法加载模块:Public

[ 2019-12-01T15:55:30+08:00 ] 127.0.0.1 /public/contact/contact_me.js
INFO: [ app_init ] --START--
INFO: Run Behavior\BuildLiteBehavior [ RunTime:0.000012s ]
INFO: [ app_init ] --END-- [ RunTime:0.001243s ]
ERR: 无法加载模块:Public

[ 2019-12-01T15:55:30+08:00 ] 127.0.0.1 /public/contact/jqBootstrapValidation.js
INFO: [ app_init ] --START--
INFO: Run Behavior\BuildLiteBehavior [ RunTime:0.000011s ]
INFO: [ app_init ] --END-- [ RunTime:0.001030s ]
ERR: 无法加载模块:Public

[ 2019-12-01T15:55:31+08:00 ] 127.0.0.1 /public/contact/contact_me.js
INFO: [ app_init ] --START--
INFO: Run Behavior\BuildLiteBehavior [ RunTime:0.000011s ]
INFO: [ app_init ] --END-- [ RunTime:0.000877s ]
ERR: 无法加载模块:Public

[ 2019-12-01T15:55:40+08:00 ] 127.0.0.1 /public/contact/jqBootstrapValidation.js
INFO: [ app_init ] --START--
INFO: Run Behavior\BuildLiteBehavior [ RunTime:0.000014s ]
INFO: [ app_init ] --END-- [ RunTime:0.000959s ]
ERR: 无法加载模块:Public

[ 2019-12-01T15:55:40+08:00 ] 127.0.0.1 /public/contact/contact_me.js
INFO: [ app_init ] --START--
INFO: Run Behavior\BuildLiteBehavior [ RunTime:0.000015s ]
INFO: [ app_init ] --END-- [ RunTime:0.001208s ]
ERR: 无法加载模块:Public

[ 2019-12-01T15:57:32+08:00 ] 127.0.0.1 /public/contact/jqBootstrapValidation.js
INFO: [ app_init ] --START--
INFO: Run Behavior\BuildLiteBehavior [ RunTime:0.000014s ]
INFO: [ app_init ] --END-- [ RunTime:0.001390s ]
ERR: 无法加载模块:Public

[ 2019-12-01T15:57:32+08:00 ] 127.0.0.1 /public/contact/contact_me.js
INFO: [ app_init ] --START--
INFO: Run Behavior\BuildLiteBehavior [ RunTime:0.000012s ]
INFO: [ app_init ] --END-- [ RunTime:0.002159s ]
ERR: 无法加载模块:Public

[ 2019-12-01T15:57:39+08:00 ] 127.0.0.1 /public/contact/jqBootstrapValidation.js
INFO: [ app_init ] --START--
INFO: Run Behavior\BuildLiteBehavior [ RunTime:0.000017s ]
INFO: [ app_init ] --END-- [ RunTime:0.001042s ]
ERR: 无法加载模块:Public

[ 2019-12-01T15:57:39+08:00 ] 127.0.0.1 /public/contact/contact_me.js
INFO: [ app_init ] --START--
INFO: Run Behavior\BuildLiteBehavior [ RunTime:0.000011s ]
INFO: [ app_init ] --END-- [ RunTime:0.001152s ]
ERR: 无法加载模块:Public

[ 2019-12-01T15:58:38+08:00 ] 127.0.0.1 /public/contact/jqBootstrapValidation.js
INFO: [ app_init ] --START--
INFO: Run Behavior\BuildLiteBehavior [ RunTime:0.000013s ]
INFO: [ app_init ] --END-- [ RunTime:0.002122s ]
ERR: 无法加载模块:Public

[ 2019-12-01T15:58:38+08:00 ] 127.0.0.1 /public/contact/contact_me.js
INFO: [ app_init ] --START--
INFO: Run Behavior\BuildLiteBehavior [ RunTime:0.000014s ]
INFO: [ app_init ] --END-- [ RunTime:0.007264s ]
ERR: 无法加载模块:Public

[ 2019-12-01T15:58:39+08:00 ] 127.0.0.1 /public/contact/jqBootstrapValidation.js
INFO: [ app_init ] --START--
INFO: Run Behavior\BuildLiteBehavior [ RunTime:0.000010s ]
INFO: [ app_init ] --END-- [ RunTime:0.001034s ]
ERR: 无法加载模块:Public

[ 2019-12-01T15:58:39+08:00 ] 127.0.0.1 /public/contact/contact_me.js
INFO: [ app_init ] --START--
INFO: Run Behavior\BuildLiteBehavior [ RunTime:0.000010s ]
INFO: [ app_init ] --END-- [ RunTime:0.000936s ]
ERR: 无法加载模块:Public

[ 2019-12-01T15:59:04+08:00 ] 127.0.0.1 /favicon.ico
INFO: [ app_init ] --START--
INFO: Run Behavior\BuildLiteBehavior [ RunTime:0.000013s ]
INFO: [ app_init ] --END-- [ RunTime:0.000919s ]
ERR: 无法加载模块:Favicon

[ 2019-12-01T15:59:07+08:00 ] 127.0.0.1 /public/contact/jqBootstrapValidation.js
INFO: [ app_init ] --START--
INFO: Run Behavior\BuildLiteBehavior [ RunTime:0.000014s ]
INFO: [ app_init ] --END-- [ RunTime:0.001320s ]
ERR: 无法加载模块:Public

[ 2019-12-01T15:59:07+08:00 ] 127.0.0.1 /public/contact/contact_me.js
INFO: [ app_init ] --START--
INFO: Run Behavior\BuildLiteBehavior [ RunTime:0.000011s ]
INFO: [ app_init ] --END-- [ RunTime:0.001105s ]
ERR: 无法加载模块:Public

[ 2019-12-01T15:59:08+08:00 ] 127.0.0.1 /public/contact/contact_me.js
INFO: [ app_init ] --START--
INFO: Run Behavior\BuildLiteBehavior [ RunTime:0.000011s ]
INFO: [ app_init ] --END-- [ RunTime:0.000861s ]
ERR: 无法加载模块:Public

[ 2019-12-01T15:59:55+08:00 ] 127.0.0.1 /public/contact/jqBootstrapValidation.js
INFO: [ app_init ] --START--
INFO: Run Behavior\BuildLiteBehavior [ RunTime:0.000017s ]
INFO: [ app_init ] --END-- [ RunTime:0.002539s ]
ERR: 无法加载模块:Public

[ 2019-12-01T15:59:55+08:00 ] 127.0.0.1 /public/contact/contact_me.js
INFO: [ app_init ] --START--
INFO: Run Behavior\BuildLiteBehavior [ RunTime:0.000012s ]
INFO: [ app_init ] --END-- [ RunTime:0.001016s ]
ERR: 无法加载模块:Public

[ 2019-12-01T15:59:55+08:00 ] 127.0.0.1 /public/contact/jqBootstrapValidation.js
INFO: [ app_init ] --START--
INFO: Run Behavior\BuildLiteBehavior [ RunTime:0.000012s ]
INFO: [ app_init ] --END-- [ RunTime:0.000950s ]
ERR: 无法加载模块:Public

[ 2019-12-01T15:59:55+08:00 ] 127.0.0.1 /public/contact/contact_me.js
INFO: [ app_init ] --START--
INFO: Run Behavior\BuildLiteBehavior [ RunTime:0.000010s ]
INFO: [ app_init ] --END-- [ RunTime:0.000775s ]
ERR: 无法加载模块:Public

[ 2019-12-01T16:00:00+08:00 ] 127.0.0.1 /favicon.ico
INFO: [ app_init ] --START--
INFO: Run Behavior\BuildLiteBehavior [ RunTime:0.000010s ]
INFO: [ app_init ] --END-- [ RunTime:0.000821s ]
ERR: 无法加载模块:Favicon

[ 2019-12-01T16:00:08+08:00 ] 127.0.0.1 /public/contact/jqBootstrapValidation.js
INFO: [ app_init ] --START--
INFO: Run Behavior\BuildLiteBehavior [ RunTime:0.000023s ]
INFO: [ app_init ] --END-- [ RunTime:0.001255s ]
ERR: 无法加载模块:Public

[ 2019-12-01T16:00:08+08:00 ] 127.0.0.1 /public/contact/contact_me.js
INFO: [ app_init ] --START--
INFO: Run Behavior\BuildLiteBehavior [ RunTime:0.000010s ]
INFO: [ app_init ] --END-- [ RunTime:0.001198s ]
ERR: 无法加载模块:Public

[ 2019-12-01T16:00:08+08:00 ] 127.0.0.1 /public/img/bg.jpg
INFO: [ app_init ] --START--
INFO: Run Behavior\BuildLiteBehavior [ RunTime:0.000062s ]
INFO: [ app_init ] --END-- [ RunTime:0.001785s ]
ERR: 无法加载模块:Public

[ 2019-12-01T16:00:08+08:00 ] 127.0.0.1 /public/contact/jqBootstrapValidation.js
INFO: [ app_init ] --START--
INFO: Run Behavior\BuildLiteBehavior [ RunTime:0.000010s ]
INFO: [ app_init ] --END-- [ RunTime:0.000845s ]
ERR: 无法加载模块:Public

[ 2019-12-01T16:00:08+08:00 ] 127.0.0.1 /public/contact/contact_me.js
INFO: [ app_init ] --START--
INFO: Run Behavior\BuildLiteBehavior [ RunTime:0.000012s ]
INFO: [ app_init ] --END-- [ RunTime:0.000853s ]
ERR: 无法加载模块:Public

[ 2019-12-01T16:00:09+08:00 ] 127.0.0.1 /public/contact/contact_me.js
INFO: [ app_init ] --START--
INFO: Run Behavior\BuildLiteBehavior [ RunTime:0.000013s ]
INFO: [ app_init ] --END-- [ RunTime:0.001604s ]
ERR: 无法加载模块:Public

[ 2019-12-01T16:00:09+08:00 ] 127.0.0.1 /public/contact/jqBootstrapValidation.js
INFO: [ app_init ] --START--
INFO: Run Behavior\BuildLiteBehavior [ RunTime:0.000016s ]
INFO: [ app_init ] --END-- [ RunTime:0.000981s ]
ERR: 无法加载模块:Public

[ 2019-12-01T16:00:09+08:00 ] 127.0.0.1 /public/contact/contact_me.js
INFO: [ app_init ] --START--
INFO: Run Behavior\BuildLiteBehavior [ RunTime:0.000013s ]
INFO: [ app_init ] --END-- [ RunTime:0.000935s ]
ERR: 无法加载模块:Public

[ 2019-12-01T16:00:35+08:00 ] 127.0.0.1 /favicon.ico
INFO: [ app_init ] --START--
INFO: Run Behavior\BuildLiteBehavior [ RunTime:0.000010s ]
INFO: [ app_init ] --END-- [ RunTime:0.000915s ]
ERR: 无法加载模块:Favicon

[ 2019-12-01T16:00:37+08:00 ] 127.0.0.1 /favicon.ico
INFO: [ app_init ] --START--
INFO: Run Behavior\BuildLiteBehavior [ RunTime:0.000011s ]
INFO: [ app_init ] --END-- [ RunTime:0.001020s ]
ERR: 无法加载模块:Favicon

[ 2019-12-01T16:01:25+08:00 ] 127.0.0.1 /public/contact/jqBootstrapValidation.js
INFO: [ app_init ] --START--
INFO: Run Behavior\BuildLiteBehavior [ RunTime:0.000016s ]
INFO: [ app_init ] --END-- [ RunTime:0.001564s ]
ERR: 无法加载模块:Public

[ 2019-12-01T16:01:25+08:00 ] 127.0.0.1 /public/contact/contact_me.js
INFO: [ app_init ] --START--
INFO: Run Behavior\BuildLiteBehavior [ RunTime:0.000011s ]
INFO: [ app_init ] --END-- [ RunTime:0.000923s ]
ERR: 无法加载模块:Public

[ 2019-12-01T16:01:25+08:00 ] 127.0.0.1 /public/contact/contact_me.js
INFO: [ app_init ] --START--
INFO: Run Behavior\BuildLiteBehavior [ RunTime:0.000013s ]
INFO: [ app_init ] --END-- [ RunTime:0.000861s ]
ERR: 无法加载模块:Public

[ 2019-12-01T16:01:30+08:00 ] 127.0.0.1 /public/contact/jqBootstrapValidation.js
INFO: [ app_init ] --START--
INFO: Run Behavior\BuildLiteBehavior [ RunTime:0.000012s ]
INFO: [ app_init ] --END-- [ RunTime:0.001522s ]
ERR: 无法加载模块:Public

[ 2019-12-01T16:01:30+08:00 ] 127.0.0.1 /public/contact/contact_me.js
INFO: [ app_init ] --START--
INFO: Run Behavior\BuildLiteBehavior [ RunTime:0.000013s ]
INFO: [ app_init ] --END-- [ RunTime:0.001067s ]
ERR: 无法加载模块:Public

[ 2019-12-01T16:01:30+08:00 ] 127.0.0.1 /public/contact/contact_me.js
INFO: [ app_init ] --START--
INFO: Run Behavior\BuildLiteBehavior [ RunTime:0.000011s ]
INFO: [ app_init ] --END-- [ RunTime:0.001109s ]
ERR: 无法加载模块:Public

[ 2019-12-01T16:02:48+08:00 ] 127.0.0.1 /public/contact/contact_me.js
INFO: [ app_init ] --START--
INFO: Run Behavior\BuildLiteBehavior [ RunTime:0.000011s ]
INFO: [ app_init ] --END-- [ RunTime:0.001274s ]
ERR: 无法加载模块:Public

[ 2019-12-01T16:02:48+08:00 ] 127.0.0.1 /public/contact/jqBootstrapValidation.js
INFO: [ app_init ] --START--
INFO: Run Behavior\BuildLiteBehavior [ RunTime:0.000029s ]
INFO: [ app_init ] --END-- [ RunTime:0.001053s ]
ERR: 无法加载模块:Public

[ 2019-12-01T16:02:48+08:00 ] 127.0.0.1 /public/contact/jqBootstrapValidation.js
INFO: [ app_init ] --START--
INFO: Run Behavior\BuildLiteBehavior [ RunTime:0.000010s ]
INFO: [ app_init ] --END-- [ RunTime:0.000859s ]
ERR: 无法加载模块:Public

[ 2019-12-01T16:02:49+08:00 ] 127.0.0.1 /public/contact/contact_me.js
INFO: [ app_init ] --START--
INFO: Run Behavior\BuildLiteBehavior [ RunTime:0.000011s ]
INFO: [ app_init ] --END-- [ RunTime:0.000934s ]
ERR: 无法加载模块:Public

[ 2019-12-01T16:03:13+08:00 ] 127.0.0.1 /public/img/bg.jpg
INFO: [ app_init ] --START--
INFO: Run Behavior\BuildLiteBehavior [ RunTime:0.000013s ]
INFO: [ app_init ] --END-- [ RunTime:0.005968s ]
ERR: 无法加载模块:Public

[ 2019-12-01T16:03:13+08:00 ] 127.0.0.1 /public/contact/contact_me.js
INFO: [ app_init ] --START--
INFO: Run Behavior\BuildLiteBehavior [ RunTime:0.000139s ]
INFO: [ app_init ] --END-- [ RunTime:0.004769s ]
ERR: 无法加载模块:Public

[ 2019-12-01T16:03:13+08:00 ] 127.0.0.1 /public/contact/jqBootstrapValidation.js
INFO: [ app_init ] --START--
INFO: Run Behavior\BuildLiteBehavior [ RunTime:0.000011s ]
INFO: [ app_init ] --END-- [ RunTime:0.000863s ]
ERR: 无法加载模块:Public

[ 2019-12-01T16:03:13+08:00 ] 127.0.0.1 /public/contact/contact_me.js
INFO: [ app_init ] --START--
INFO: Run Behavior\BuildLiteBehavior [ RunTime:0.000010s ]
INFO: [ app_init ] --END-- [ RunTime:0.000851s ]
ERR: 无法加载模块:Public

[ 2019-12-01T16:03:14+08:00 ] 127.0.0.1 /public/contact/contact_me.js
INFO: [ app_init ] --START--
INFO: Run Behavior\BuildLiteBehavior [ RunTime:0.000009s ]
INFO: [ app_init ] --END-- [ RunTime:0.001177s ]
ERR: 无法加载模块:Public

[ 2019-12-01T16:03:14+08:00 ] 127.0.0.1 /public/contact/jqBootstrapValidation.js
INFO: [ app_init ] --START--
INFO: Run Behavior\BuildLiteBehavior [ RunTime:0.000011s ]
INFO: [ app_init ] --END-- [ RunTime:0.001189s ]
ERR: 无法加载模块:Public

[ 2019-12-01T16:03:15+08:00 ] 127.0.0.1 /public/contact/contact_me.js
INFO: [ app_init ] --START--
INFO: Run Behavior\BuildLiteBehavior [ RunTime:0.000010s ]
INFO: [ app_init ] --END-- [ RunTime:0.000824s ]
ERR: 无法加载模块:Public

[ 2019-12-01T16:03:34+08:00 ] 127.0.0.1 /public/contact/jqBootstrapValidation.js
INFO: [ app_init ] --START--
INFO: Run Behavior\BuildLiteBehavior [ RunTime:0.000012s ]
INFO: [ app_init ] --END-- [ RunTime:0.001102s ]
ERR: 无法加载模块:Public

[ 2019-12-01T16:03:34+08:00 ] 127.0.0.1 /public/img/bg.jpg
INFO: [ app_init ] --START--
INFO: Run Behavior\BuildLiteBehavior [ RunTime:0.000010s ]
INFO: [ app_init ] --END-- [ RunTime:0.001086s ]
ERR: 无法加载模块:Public

[ 2019-12-01T16:03:34+08:00 ] 127.0.0.1 /public/contact/contact_me.js
INFO: [ app_init ] --START--
INFO: Run Behavior\BuildLiteBehavior [ RunTime:0.000009s ]
INFO: [ app_init ] --END-- [ RunTime:0.000978s ]
ERR: 无法加载模块:Public

[ 2019-12-01T16:03:35+08:00 ] 127.0.0.1 /public/contact/jqBootstrapValidation.js
INFO: [ app_init ] --START--
INFO: Run Behavior\BuildLiteBehavior [ RunTime:0.000012s ]
INFO: [ app_init ] --END-- [ RunTime:0.001051s ]
ERR: 无法加载模块:Public

[ 2019-12-01T16:03:35+08:00 ] 127.0.0.1 /public/contact/contact_me.js
INFO: [ app_init ] --START--
INFO: Run Behavior\BuildLiteBehavior [ RunTime:0.000010s ]
INFO: [ app_init ] --END-- [ RunTime:0.001097s ]
ERR: 无法加载模块:Public

[ 2019-12-01T16:10:14+08:00 ] 127.0.0.1 /public/contact/contact_me.js
INFO: [ app_init ] --START--
INFO: Run Behavior\BuildLiteBehavior [ RunTime:0.000013s ]
INFO: [ app_init ] --END-- [ RunTime:0.001026s ]
ERR: 无法加载模块:Public

[ 2019-12-01T16:10:14+08:00 ] 127.0.0.1 /public/contact/jqBootstrapValidation.js
INFO: [ app_init ] --START--
INFO: Run Behavior\BuildLiteBehavior [ RunTime:0.000014s ]
INFO: [ app_init ] --END-- [ RunTime:0.006596s ]
ERR: 无法加载模块:Public

[ 2019-12-01T16:10:14+08:00 ] 127.0.0.1 /public/contact/contact_me.js
INFO: [ app_init ] --START--
INFO: Run Behavior\BuildLiteBehavior [ RunTime:0.000010s ]
INFO: [ app_init ] --END-- [ RunTime:0.000795s ]
ERR: 无法加载模块:Public

[ 2019-12-01T16:10:20+08:00 ] 127.0.0.1 /public/contact/jqBootstrapValidation.js
INFO: [ app_init ] --START--
INFO: Run Behavior\BuildLiteBehavior [ RunTime:0.000014s ]
INFO: [ app_init ] --END-- [ RunTime:0.001184s ]
ERR: 无法加载模块:Public

[ 2019-12-01T16:10:20+08:00 ] 127.0.0.1 /public/contact/contact_me.js
INFO: [ app_init ] --START--
INFO: Run Behavior\BuildLiteBehavior [ RunTime:0.000010s ]
INFO: [ app_init ] --END-- [ RunTime:0.000898s ]
ERR: 无法加载模块:Public

[ 2019-12-01T16:10:20+08:00 ] 127.0.0.1 /public/contact/contact_me.js
INFO: [ app_init ] --START--
INFO: Run Behavior\BuildLiteBehavior [ RunTime:0.000021s ]
INFO: [ app_init ] --END-- [ RunTime:0.000851s ]
ERR: 无法加载模块:Public

[ 2019-12-01T16:10:32+08:00 ] 127.0.0.1 /public/contact/jqBootstrapValidation.js
INFO: [ app_init ] --START--
INFO: Run Behavior\BuildLiteBehavior [ RunTime:0.000011s ]
INFO: [ app_init ] --END-- [ RunTime:0.001035s ]
ERR: 无法加载模块:Public

[ 2019-12-01T16:10:32+08:00 ] 127.0.0.1 /public/contact/contact_me.js
INFO: [ app_init ] --START--
INFO: Run Behavior\BuildLiteBehavior [ RunTime:0.000014s ]
INFO: [ app_init ] --END-- [ RunTime:0.001704s ]
ERR: 无法加载模块:Public

[ 2019-12-01T16:10:39+08:00 ] 127.0.0.1 /public/contact/jqBootstrapValidation.js
INFO: [ app_init ] --START--
INFO: Run Behavior\BuildLiteBehavior [ RunTime:0.000015s ]
INFO: [ app_init ] --END-- [ RunTime:0.001396s ]
ERR: 无法加载模块:Public

[ 2019-12-01T16:10:39+08:00 ] 127.0.0.1 /public/contact/contact_me.js
INFO: [ app_init ] --START--
INFO: Run Behavior\BuildLiteBehavior [ RunTime:0.000091s ]
INFO: [ app_init ] --END-- [ RunTime:0.003211s ]
ERR: 无法加载模块:Public

