[ 2020-07-05T14:22:01+08:00 ] 127.0.0.1 /jianli/public/contact/contact_me.js
INFO: [ app_init ] --START--
INFO: Run Behavior\BuildLiteBehavior [ RunTime:0.000015s ]
INFO: [ app_init ] --END-- [ RunTime:0.024269s ]
ERR: 无法加载模块:Public

:Public

[ 2020-07-05T14:29:55+08:00 ] 127.0.0.1 /jianli/public/contact/jqBootstrapValidation.js
INFO: [ app_init ] --START--
INFO: Run Behavior\BuildLiteBehavior [ RunTime:0.000009s ]
INFO: [ app_init ] --END-- [ RunTime:0.000988s ]
ERR: 无法加载模块:Public

[ 2020-07-05T14:29:55+08:00 ] 127.0.0.1 /jianli/public/contact/contact_me.js
INFO: [ app_init ] --START--
INFO: Run Behavior\BuildLiteBehavior [ RunTime:0.000009s ]
INFO: [ app_init ] --END-- [ RunTime:0.000873s ]
ERR: 无法加载模块:Public

[ 2020-07-05T14:29:56+08:00 ] 127.0.0.1 /jianli/public/contact/jqBootstrapValidation.js
INFO: [ app_init ] --START--
INFO: Run Behavior\BuildLiteBehavior [ RunTime:0.000010s ]
INFO: [ app_init ] --END-- [ RunTime:0.000912s ]
ERR: 无法加载模块:Public

[ 2020-07-05T14:29:57+08:00 ] 127.0.0.1 /jianli/public/contact/contact_me.js
INFO: [ app_init ] --START--
INFO: Run Behavior\BuildLiteBehavior [ RunTime:0.000009s ]
INFO: [ app_init ] --END-- [ RunTime:0.000836s ]
ERR: 无法加载模块:Public

[ 2020-07-05T15:36:56+08:00 ] 127.0.0.1 /jianli/public/contact/jqBootstrapValidation.js
INFO: [ app_init ] --START--
INFO: Run Behavior\BuildLiteBehavior [ RunTime:0.000009s ]
INFO: [ app_init ] --END-- [ RunTime:0.000793s ]
ERR: 无法加载模块:Public

[ 2020-07-05T15:36:57+08:00 ] 127.0.0.1 /jianli/public/contact/contact_me.js
INFO: [ app_init ] --START--
INFO: Run Behavior\BuildLiteBehavior [ RunTime:0.000009s ]
INFO: [ app_init ] --END-- [ RunTime:0.000779s ]
ERR: 无法加载模块:Public

